2009-06-18Z09:46:01.129,2,127251,1,255,8,ff,e0,6c,fd,ff,ff,ff,ff
2009-06-18Z09:46:01.129,2,129025,2,255,8,98,56,72,1f,65,a8,3b,03
2009-06-18Z09:46:01.129,2,127250,1,255,8,ff,14,64,ff,7f,ff,7f,fd
2009-06-18Z09:46:01.129,2,127251,1,255,8,ff,e0,6c,fd,ff,ff,ff,ff
2009-06-18Z09:46:01.129,2,127250,1,255,8,ff,12,64,ff,7f,ff,7f,fd
2009-06-18Z09:46:01.129,2,127251,1,255,8,ff,3d,59,fc,ff,ff,ff,ff
2009-06-18Z09:46:01.129,7,127258,2,255,8,4b,ff,ff,ff,ff,7f,ff,ff
2009-06-18Z09:46:01.129,2,128259,3,255,8,11,00,00,ff,ff,ff,ff,ff
2009-06-18Z09:46:01.129,3,128267,3,255,8,11,e2,01,00,00,00,00,ff
2009-06-18Z09:46:01.129,2,129025,2,255,8,f1,55,72,1f,5f,a9,3b,03
2009-06-18Z09:46:01.129,5,130311,3,255,8,11,c0,cd,71,ff,7f,ff,ff
2009-06-18Z09:46:01.129,2,127250,1,255,8,ff,0f,64,ff,7f,ff,7f,fd
2009-06-18Z09:46:01.129,2,127251,1,255,8,ff,e0,6c,fd,ff,ff,ff,ff
2009-06-18Z09:46:01.129,3,126992,2,255,8,4b,f0,4d,38,80,fd,f4,14
2009-06-18Z09:46:01.129,2,127250,1,255,8,ff,0b,64,ff,7f,ff,7f,fd
2009-06-18Z09:46:01.129,2,127251,1,255,8,ff,af,fc,fd,ff,ff,ff,ff
2009-06-18Z09:46:01.129,5,130311,35,255,8,d9,c0,57,76,ff,7f,ff,ff
2009-06-18Z09:46:01.129,2,129025,2,255,8,f1,55,72,1f,5f,a9,3b,03
2009-06-18Z09:46:01.129,2,129026,2,255,8,4b,fc,ee,5c,f4,00,ff,ff
2009-06-18Z09:46:01.129,3,129029,2,255,8,a0,2b,4b,4d,38,80,fd,f4
2009-06-18Z09:46:01.129,3,129029,2,255,8,a1,14,80,86,83,b0,66,5d
2009-06-18Z09:46:01.129,3,129029,2,255,8,a2,52,07,f8,04,e7,0c,7a
2009-06-18Z09:46:01.129,3,129029,2,255,8,a3,b4,c0,00,bf,38,21,ff
2009-06-18Z09:46:01.129,3,129029,2,255,8,a4,ff,ff,ff,ff,10,fc,0b
2009-06-18Z09:46:01.129,2,127250,1,255,8,ff,07,64,ff,7f,ff,7f,fd
2009-06-18Z09:46:01.129,3,129029,2,255,8,a5,50,00,96,00,48,12,00
2009-06-18Z09:46:01.129,3,129029,2,255,8,a6,00,ff,ff,ff,ff,ff,ff
2009-06-18Z09:46:01.129,2,127251,1,255,8,ff,52,10,ff,ff,ff,ff,ff
2009-06-18Z09:46:01.129,3,129283,4,255,8,00,30,1e,de,ff,ff,ff,ff
2009-06-18Z09:46:01.129,3,129284,4,255,8,a0,22,00,a8,57,17,00,00
2009-06-18Z09:46:01.129,3,129284,4,255,8,a1,ff,ff,ff,ff,ff,ff,02
2009-06-18Z09:46:01.129,3,129284,4,255,8,a2,5f,3b,5f,00,00,00,00
2009-06-18Z09:46:01.129,3,129284,4,255,8,a3,01,00,00,00,12,4e,62
2009-06-18Z09:46:01.129,3,129284,4,255,8,a4,1f,f8,10,52,03,f3,00
2009-06-18Z09:46:01.129,6,129539,2,255,8,4b,d7,50,00,78,00,ff,7f
2009-06-18Z09:46:01.129,2,127250,1,255,8,ff,04,64,ff,7f,ff,7f,fd
2009-06-18Z09:46:01.129,6,129540,2,255,8,80,87,4b,fe,0b,07,ad,2d
2009-06-18Z09:46:01.129,6,129540,2,255,8,81,44,48,c4,09,00,00,00
2009-06-18Z09:46:01.129,6,129540,2,255,8,82,00,f2,19,22,24,ff,2c
2009-06-18Z09:46:01.129,6,129540,2,255,8,83,78,05,00,00,00,00,f2
2009-06-18Z09:46:01.129,6,129540,2,255,8,84,08,b9,20,20,7e,74,0e
2009-06-18Z09:46:01.129,6,129540,2,255,8,85,00,00,00,00,f2,0a,ff
2009-06-18Z09:46:01.129,6,129540,2,255,8,86,1d,7c,ca,b8,0b,00,00
2009-06-18Z09:46:01.129,6,129540,2,255,8,87,00,00,f2,0d,50,1d,73
2009-06-18Z09:46:01.129,6,129540,2,255,8,88,32,6c,07,00,00,00,00
2009-06-18Z09:46:01.129,6,129540,2,255,8,89,f2,02,dc,17,e5,a0,74
2009-06-18Z09:46:01.129,6,129540,2,255,8,8a,0e,00,00,00,00,f2,04
2009-06-18Z09:46:01.129,6,129540,2,255,8,8b,45,0c,5a,88,e4,0c,00
2009-06-18Z09:46:01.129,6,129540,2,255,8,8c,00,00,00,f2,18,39,0a
2009-06-18Z09:46:01.129,6,129540,2,255,8,8d,36,dc,40,06,00,00,00
2009-06-18Z09:46:01.129,6,129540,2,255,8,8e,00,f2,17,22,06,39,37
2009-06-18Z09:46:01.129,6,129540,2,255,8,8f,8c,0a,00,00,00,00,f2
2009-06-18Z09:46:01.129,6,129540,2,255,8,90,10,74,05,ff,0e,80,0c
2009-06-18Z09:46:01.129,6,129540,2,255,8,91,00,00,00,00,f2,7e,b9
2009-06-18Z09:46:01.129,6,129540,2,255,8,92,11,5b,6a,f0,0a,00,00
2009-06-18Z09:46:01.129,6,129540,2,255,8,93,00,00,f0,ff,ff,ff,ff
2009-06-18Z09:46:01.129,2,127251,1,255,8,ff,61,d3,01,00,ff,ff,ff
2009-06-18Z09:46:01.129,2,129025,2,255,8,f1,55,72,1f,5f,a9,3b,03
2009-06-18Z09:46:01.129,2,127250,1,255,8,ff,03,64,ff,7f,ff,7f,fd
2009-06-18Z09:46:01.129,2,127251,1,255,8,ff,61,d3,01,00,ff,ff,ff
2009-06-18Z09:46:01.129,5,130312,3,255,8,11,00,00,cd,71,ff,ff,ff
2009-06-18Z09:46:01.129,2,127250,1,255,8,ff,04,64,ff,7f,ff,7f,fd
2009-06-18Z09:46:01.129,2,127251,1,255,8,ff,34,57,02,00,ff,ff,ff
2009-06-18Z09:46:01.129,2,129026,6,255,8,ff,fc,2c,5c,f1,00,ff,ff
2009-06-18Z09:46:01.129,2,129025,2,255,8,f1,55,72,1f,5f,a9,3b,03
2009-06-18Z09:46:01.129,2,127250,1,255,8,ff,04,64,ff,7f,ff,7f,fd
2009-06-18Z09:46:01.129,2,129025,6,255,8,3d,57,72,1f,44,ab,3b,03
2009-06-18Z09:46:01.129,2,127251,1,255,8,ff,34,57,02,00,ff,ff,ff
2009-06-18Z09:46:01.129,2,129026,2,255,8,4c,fc,d4,5d,f6,00,ff,ff
2009-06-18Z09:46:01.129,5,130310,3,255,8,12,cd,71,ff,ff,ff,ff,ff
2009-06-18Z09:46:01.129,2,127250,1,255,8,ff,06,64,ff,7f,ff,7f,fd
2009-06-18Z09:46:01.144,2,127251,1,255,8,ff,34,57,02,00,ff,ff,ff
2009-06-18Z09:46:01.160,2,129025,2,255,8,f1,55,72,1f,5f,a9,3b,03
2009-06-18Z09:46:01.175,2,127250,1,255,8,ff,07,64,ff,7f,ff,7f,fd
2009-06-18Z09:46:01.207,2,127251,1,255,8,ff,a6,fa,03,00,ff,ff,ff
2009-06-18Z09:46:01.222,2,127250,1,255,8,ff,08,64,ff,7f,ff,7f,fd
2009-06-18Z09:46:01.238,2,127251,1,255,8,ff,a6,fa,03,00,ff,ff,ff
2009-06-18Z09:46:01.254,5,130311,3,255,8,12,c0,cf,71,ff,7f,ff,ff
2009-06-18Z09:46:01.269,2,127250,1,255,8,ff,0b,64,ff,7f,ff,7f,fd
2009-06-18Z09:46:01.285,2,127251,1,255,8,ff,a6,fa,03,00,ff,ff,ff
2009-06-18Z09:46:01.316,2,129025,2,255,8,f1,55,72,1f,5f,a9,3b,03
2009-06-18Z09:46:01.316,2,127250,1,255,8,ff,0e,64,ff,7f,ff,7f,fd
2009-06-18Z09:46:01.347,2,127251,1,255,8,ff,45,1a,05,00,ff,ff,ff
2009-06-18Z09:46:01.347,3,128267,35,255,8,5a,0e,01,00,00,00,00,ff
2009-06-18Z09:46:01.347,6,128275,35,255,8,60,0e,ff,ff,ff,ff,ff,ff
2009-06-18Z09:46:01.347,2,128259,35,255,8,32,00,00,ff,ff,ff,ff,ff
2009-06-18Z09:46:01.347,5,130311,35,255,8,da,c0,57,76,ff,7f,ff,ff
2009-06-18Z09:46:01.347,6,128275,35,255,8,61,3a,04,00,00,3a,04,00
2009-06-18Z09:46:01.347,6,128275,35,255,8,62,00,ff,ff,ff,ff,ff,ff
2009-06-18Z09:46:01.363,2,129026,2,255,8,4c,fc,d4,5d,f6,00,ff,ff
2009-06-18Z09:46:01.363,2,127250,1,255,8,ff,11,64,ff,7f,ff,7f,fd
2009-06-18Z09:46:01.394,2,127251,1,255,8,ff,18,9e,05,00,ff,ff,ff
2009-06-18Z09:46:01.410,2,129025,2,255,8,f1,55,72,1f,5f,a9,3b,03
2009-06-18Z09:46:01.410,2,127250,1,255,8,ff,14,64,ff,7f,ff,7f,fd
2009-06-18Z09:46:01.441,2,127251,1,255,8,ff,a6,fa,03,00,ff,ff,ff
2009-06-18Z09:46:01.472,2,127250,1,255,8,ff,19,64,ff,7f,ff,7f,fd
2009-06-18Z09:46:01.488,2,127251,1,255,8,ff,a6,fa,03,00,ff,ff,ff
2009-06-18Z09:46:01.504,2,129025,2,255,8,f1,55,72,1f,5f,a9,3b,03
2009-06-18Z09:46:01.519,2,127250,1,255,8,ff,1c,64,ff,7f,ff,7f,fd
2009-06-18Z09:46:01.535,2,127251,1,255,8,ff,a6,fa,03,00,ff,ff,ff
2009-06-18Z09:46:01.566,2,127250,1,255,8,ff,20,64,ff,7f,ff,7f,fd
2009-06-18Z09:46:01.597,2,127251,1,255,8,ff,d3,76,03,00,ff,ff,ff
2009-06-18Z09:46:01.613,2,129025,2,255,8,f1,55,72,1f,5f,a9,3b,03
2009-06-18Z09:46:01.613,2,129026,2,255,8,4c,fc,d4,5d,f6,00,ff,ff
2009-06-18Z09:46:01.613,5,130310,3,255,8,12,cd,71,ff,ff,ff,ff,ff
2009-06-18Z09:46:01.613,2,127250,1,255,8,ff,23,64,ff,7f,ff,7f,fd
2009-06-18Z09:46:01.644,2,127251,1,255,8,ff,61,d3,01,00,ff,ff,ff
2009-06-18Z09:46:01.660,2,127250,1,255,8,ff,27,64,ff,7f,ff,7f,fd
2009-06-18Z09:46:01.691,2,127251,1,255,8,ff,61,d3,01,00,ff,ff,ff
2009-06-18Z09:46:01.707,2,129025,2,255,8,4b,55,72,1f,59,aa,3b,03
2009-06-18Z09:46:01.722,2,127250,1,255,8,ff,28,64,ff,7f,ff,7f,fd
2009-06-18Z09:46:01.738,2,127251,1,255,8,ff,c7,a7,00,00,ff,ff,ff
2009-06-18Z09:46:01.769,7,127258,2,255,8,4c,ff,ff,ff,ff,7f,ff,ff
2009-06-18Z09:46:01.769,2,128259,3,255,8,12,00,00,ff,ff,ff,ff,ff
2009-06-18Z09:46:01.769,3,128267,3,255,8,12,e4,01,00,00,00,00,ff
2009-06-18Z09:46:01.769,5,130311,3,255,8,12,c0,cd,71,ff,7f,ff,ff
2009-06-18Z09:46:01.769,2,127250,1,255,8,ff,2a,64,ff,7f,ff,7f,fd
2009-06-18Z09:46:01.785,2,127251,1,255,8,ff,e0,6c,fd,ff,ff,ff,ff
2009-06-18Z09:46:01.816,3,126992,2,255,8,4c,f0,4d,38,90,24,f5,14
2009-06-18Z09:46:01.816,2,129025,2,255,8,4b,55,72,1f,59,aa,3b,03
2009-06-18Z09:46:01.816,2,127250,1,255,8,ff,2a,64,ff,7f,ff,7f,fd
2009-06-18Z09:46:01.847,2,127251,1,255,8,ff,3d,59,fc,ff,ff,ff,ff
2009-06-18Z09:46:01.847,5,130311,35,255,8,db,c0,57,76,ff,7f,ff,ff
2009-06-18Z09:46:01.863,2,129026,2,255,8,4c,fc,d4,5d,f6,00,ff,ff
2009-06-18Z09:46:01.863,2,127250,1,255,8,ff,29,64,ff,7f,ff,7f,fd
2009-06-18Z09:46:01.894,2,127251,1,255,8,ff,2d,96,f9,ff,ff,ff,ff
2009-06-18Z09:46:01.910,2,129025,2,255,8,4b,55,72,1f,59,aa,3b,03
2009-06-18Z09:46:01.925,3,129029,2,255,8,c0,2b,4c,4d,38,90,24,f5
2009-06-18Z09:46:01.925,3,129029,2,255,8,c1,14,40,16,68,e2,3f,5d
2009-06-18Z09:46:01.925,3,129029,2,255,8,c2,52,07,c0,2d,10,42,b4
2009-06-18Z09:46:01.925,3,129029,2,255,8,c3,b4,c0,00,bf,38,21,ff
2009-06-18Z09:46:01.925,3,129029,2,255,8,c4,ff,ff,ff,ff,10,fc,0b
2009-06-18Z09:46:01.925,3,129029,2,255,8,c5,50,00,96,00,48,12,00
2009-06-18Z09:46:01.925,2,127250,1,255,8,ff,25,64,ff,7f,ff,7f,fd
2009-06-18Z09:46:01.925,3,129029,2,255,8,c6,00,ff,ff,ff,ff,ff,ff
2009-06-18Z09:46:01.925,3,129283,4,255,8,00,30,1c,de,ff,ff,ff,ff
2009-06-18Z09:46:01.925,3,129284,4,255,8,c0,22,00,ab,56,17,00,00
2009-06-18Z09:46:01.925,3,129284,4,255,8,c1,ff,ff,ff,ff,ff,ff,02
2009-06-18Z09:46:01.925,3,129284,4,255,8,c2,5f,3b,5f,00,00,00,00
2009-06-18Z09:46:01.925,3,129284,4,255,8,c3,01,00,00,00,12,4e,62
2009-06-18Z09:46:01.925,3,129284,4,255,8,c4,1f,f8,10,52,03,f5,00
2009-06-18Z09:46:01.925,6,129539,2,255,8,4c,d7,50,00,78,00,ff,7f
2009-06-18Z09:46:01.925,6,129540,2,255,8,a0,87,4c,fe,0b,07,ad,2d
2009-06-18Z09:46:01.925,6,129540,2,255,8,a1,44,48,c4,09,00,00,00
2009-06-18Z09:46:01.925,6,129540,2,255,8,a2,00,f2,19,22,24,ff,2c
2009-06-18Z09:46:01.925,6,129540,2,255,8,a3,78,05,00,00,00,00,f2
2009-06-18Z09:46:01.925,6,129540,2,255,8,a4,08,b9,20,20,7e,74,0e
2009-06-18Z09:46:01.925,6,129540,2,255,8,a5,00,00,00,00,f2,0a,ff
2009-06-18Z09:46:01.925,6,129540,2,255,8,a6,1d,7c,ca,b8,0b,00,00
2009-06-18Z09:46:01.925,6,129540,2,255,8,a7,00,00,f2,0d,50,1d,73
2009-06-18Z09:46:01.925,6,129540,2,255,8,a8,32,6c,07,00,00,00,00
2009-06-18Z09:46:01.925,6,129540,2,255,8,a9,f2,02,dc,17,e5,a0,74
2009-06-18Z09:46:01.925,6,129540,2,255,8,aa,0e,00,00,00,00,f2,04
2009-06-18Z09:46:01.925,6,129540,2,255,8,ab,45,0c,5a,88,e4,0c,00
2009-06-18Z09:46:01.925,6,129540,2,255,8,ac,00,00,00,f2,18,39,0a
2009-06-18Z09:46:01.941,6,129540,2,255,8,ad,36,dc,40,06,00,00,00
2009-06-18Z09:46:01.941,6,129540,2,255,8,ae,00,f2,17,22,06,39,37
2009-06-18Z09:46:01.941,6,129540,2,255,8,af,8c,0a,00,00,00,00,f2
2009-06-18Z09:46:01.941,6,129540,2,255,8,b0,10,74,05,ff,0e,80,0c
2009-06-18Z09:46:01.941,6,129540,2,255,8,b1,00,00,00,00,f2,7e,b9
2009-06-18Z09:46:01.941,6,129540,2,255,8,b2,11,5b,6a,f0,0a,00,00
2009-06-18Z09:46:01.941,6,129540,2,255,8,b3,00,00,f0,ff,ff,ff,ff
2009-06-18Z09:46:01.941,2,127251,1,255,8,ff,8a,82,f8,ff,ff,ff,ff
2009-06-18Z09:46:01.972,2,127250,1,255,8,ff,1f,64,ff,7f,ff,7f,fd
2009-06-18Z09:46:01.988,2,127251,1,255,8,ff,a7,3b,f5,ff,ff,ff,ff
2009-06-18Z09:46:02.004,2,129025,2,255,8,4b,55,72,1f,59,aa,3b,03
2009-06-18Z09:46:02.019,2,127250,1,255,8,ff,18,64,ff,7f,ff,7f,fd
2009-06-18Z09:46:02.035,2,127251,1,255,8,ff,04,28,f4,ff,ff,ff,ff
2009-06-18Z09:46:02.050,2,129026,6,255,8,ff,fc,0f,5d,f6,00,ff,ff
2009-06-18Z09:46:02.066,2,127250,1,255,8,ff,0f,64,ff,7f,ff,7f,fd
2009-06-18Z09:46:02.082,2,129025,6,255,8,a7,56,72,1f,3e,ac,3b,03
2009-06-18Z09:46:02.082,2,127251,1,255,8,ff,35,98,f3,ff,ff,ff,ff
2009-06-18Z09:46:02.113,2,129025,2,255,8,4b,55,72,1f,59,aa,3b,03
2009-06-18Z09:46:02.113,2,129026,2,255,8,4d,fc,d4,5d,f6,00,ff,ff
2009-06-18Z09:46:02.113,5,130310,3,255,8,12,cf,71,ff,ff,ff,ff,ff
2009-06-18Z09:46:02.113,2,127250,1,255,8,ff,04,64,ff,7f,ff,7f,fd
2009-06-18Z09:46:02.144,2,127251,1,255,8,ff,21,e1,f0,ff,ff,ff,ff
2009-06-18Z09:46:02.160,2,127250,1,255,8,ff,f9,63,ff,7f,ff,7f,fd
2009-06-18Z09:46:02.207,2,127251,1,255,8,ff,21,e1,f0,ff,ff,ff,ff
2009-06-18Z09:46:02.222,2,127250,1,255,8,ff,eb,63,ff,7f,ff,7f,fd
2009-06-18Z09:46:02.222,2,129025,2,255,8,4b,55,72,1f,59,aa,3b,03
2009-06-18Z09:46:02.238,2,127251,1,255,8,ff,21,e1,f0,ff,ff,ff,ff
2009-06-18Z09:46:02.254,5,130311,3,255,8,12,c0,cf,71,ff,7f,ff,ff
2009-06-18Z09:46:02.269,2,127250,1,255,8,ff,de,63,ff,7f,ff,7f,fd
2009-06-18Z09:46:02.285,2,127251,1,255,8,ff,51,51,f0,ff,ff,ff,ff
2009-06-18Z09:46:02.300,2,129025,2,255,8,4b,55,72,1f,59,aa,3b,03
2009-06-18Z09:46:02.316,2,127250,1,255,8,ff,cf,63,ff,7f,ff,7f,fd
2009-06-18Z09:46:02.347,2,127251,1,255,8,ff,51,51,f0,ff,ff,ff,ff
2009-06-18Z09:46:02.347,3,128267,35,255,8,5b,0e,01,00,00,00,00,ff
2009-06-18Z09:46:02.347,6,128275,35,255,8,80,0e,ff,ff,ff,ff,ff,ff
2009-06-18Z09:46:02.347,2,128259,35,255,8,33,00,00,ff,ff,ff,ff,ff
2009-06-18Z09:46:02.347,5,130311,35,255,8,dc,c0,57,76,ff,7f,ff,ff
2009-06-18Z09:46:02.347,6,128275,35,255,8,81,3a,04,00,00,3a,04,00
2009-06-18Z09:46:02.347,6,128275,35,255,8,82,00,ff,ff,ff,ff,ff,ff
2009-06-18Z09:46:02.363,2,129026,2,255,8,4d,fc,d4,5d,f6,00,ff,ff
2009-06-18Z09:46:02.363,2,127250,1,255,8,ff,c2,63,ff,7f,ff,7f,fd
2009-06-18Z09:46:02.394,2,127251,1,255,8,ff,51,51,f0,ff,ff,ff,ff
2009-06-18Z09:46:02.410,2,129025,2,255,8,4b,55,72,1f,59,aa,3b,03
2009-06-18Z09:46:02.410,2,127250,1,255,8,ff,b4,63,ff,7f,ff,7f,fd
2009-06-18Z09:46:02.441,2,127251,1,255,8,ff,51,51,f0,ff,ff,ff,ff
2009-06-18Z09:46:02.472,2,127250,1,255,8,ff,a5,63,ff,7f,ff,7f,fd
2009-06-18Z09:46:02.488,2,127251,1,255,8,ff,51,51,f0,ff,ff,ff,ff
2009-06-18Z09:46:02.504,2,129025,2,255,8,4b,55,72,1f,59,aa,3b,03
2009-06-18Z09:46:02.519,2,127250,1,255,8,ff,98,63,ff,7f,ff,7f,fd
2009-06-18Z09:46:02.535,2,127251,1,255,8,ff,51,51,f0,ff,ff,ff,ff
2009-06-18Z09:46:02.566,2,127250,1,255,8,ff,89,63,ff,7f,ff,7f,fd
2009-06-18Z09:46:02.582,2,127251,1,255,8,ff,f0,70,f1,ff,ff,ff,ff
2009-06-18Z09:46:02.613,2,129025,2,255,8,4b,55,72,1f,59,aa,3b,03
2009-06-18Z09:46:02.613,2,129026,2,255,8,4d,fc,09,5e,00,01,ff,ff
2009-06-18Z09:46:02.613,5,130310,3,255,8,12,cd,71,ff,ff,ff,ff,ff
2009-06-18Z09:46:02.613,2,127250,1,255,8,ff,7c,63,ff,7f,ff,7f,fd
2009-06-18Z09:46:02.644,2,127251,1,255,8,ff,92,84,f2,ff,ff,ff,ff
2009-06-18Z09:46:02.660,2,127250,1,255,8,ff,6f,63,ff,7f,ff,7f,fd
2009-06-18Z09:46:02.691,2,127251,1,255,8,ff,35,98,f3,ff,ff,ff,ff
2009-06-18Z09:46:02.707,2,129025,2,255,8,4b,55,72,1f,59,aa,3b,03
2009-06-18Z09:46:02.707,2,127250,1,255,8,ff,63,63,ff,7f,ff,7f,fd
2009-06-18Z09:46:02.738,2,127251,1,255,8,ff,04,28,f4,ff,ff,ff,ff
2009-06-18Z09:46:02.754,7,127258,2,255,8,4d,ff,ff,ff,ff,7f,ff,ff
2009-06-18Z09:46:02.754,2,128259,3,255,8,12,00,00,ff,ff,ff,ff,ff
2009-06-18Z09:46:02.754,3,128267,3,255,8,12,d5,01,00,00,00,00,ff
2009-06-18Z09:46:02.754,5,130311,3,255,8,12,c0,cf,71,ff,7f,ff,ff
2009-06-18Z09:46:02.754,2,127250,1,255,8,ff,59,63,ff,7f,ff,7f,fd
2009-06-18Z09:46:02.785,2,127251,1,255,8,ff,04,28,f4,ff,ff,ff,ff
2009-06-18Z09:46:02.816,3,126992,2,255,8,4d,f0,4d,38,90,24,f5,14
2009-06-18Z09:46:02.816,2,129025,2,255,8,4b,55,72,1f,59,aa,3b,03
2009-06-18Z09:46:02.816,2,127250,1,255,8,ff,4f,63,ff,7f,ff,7f,fd
2009-06-18Z09:46:02.832,2,127251,1,255,8,ff,04,28,f4,ff,ff,ff,ff
2009-06-18Z09:46:02.847,5,130311,35,255,8,dd,c0,57,76,ff,7f,ff,ff
2009-06-18Z09:46:02.863,2,129026,2,255,8,4d,fc,09,5e,00,01,ff,ff
2009-06-18Z09:46:02.863,2,127250,1,255,8,ff,45,63,ff,7f,ff,7f,fd
2009-06-18Z09:46:02.894,2,127251,1,255,8,ff,76,cb,f5,ff,ff,ff,ff
2009-06-18Z09:46:02.910,2,129025,2,255,8,93,54,72,1f,53,ab,3b,03
2009-06-18Z09:46:02.910,3,129029,2,255,8,e0,2b,4d,4d,38,a0,4b,f5
2009-06-18Z09:46:02.910,3,129029,2,255,8,e1,14,80,80,e3,32,15,5d
2009-06-18Z09:46:02.910,3,129029,2,255,8,e2,52,07,90,56,39,77,ee
2009-06-18Z09:46:02.910,3,129029,2,255,8,e3,b4,c0,00,bf,38,21,ff
2009-06-18Z09:46:02.910,3,129029,2,255,8,e4,ff,ff,ff,ff,10,fc,0b
2009-06-18Z09:46:02.910,2,127250,1,255,8,ff,3b,63,ff,7f,ff,7f,fd
2009-06-18Z09:46:02.910,3,129029,2,255,8,e5,50,00,96,00,48,12,00
2009-06-18Z09:46:02.910,3,129029,2,255,8,e6,00,ff,ff,ff,ff,ff,ff
2009-06-18Z09:46:02.910,3,129283,4,255,8,00,30,1c,de,ff,ff,ff,ff
2009-06-18Z09:46:02.910,3,129284,4,255,8,e0,22,00,ab,56,17,00,00
2009-06-18Z09:46:02.910,3,129284,4,255,8,e1,ff,ff,ff,ff,ff,ff,02
2009-06-18Z09:46:02.910,3,129284,4,255,8,e2,5f,3b,5f,00,00,00,00
2009-06-18Z09:46:02.910,3,129284,4,255,8,e3,01,00,00,00,12,4e,62
2009-06-18Z09:46:02.925,3,129284,4,255,8,e4,1f,f8,10,52,03,ff,00
2009-06-18Z09:46:02.925,6,129539,2,255,8,4d,d7,50,00,78,00,ff,7f
2009-06-18Z09:46:02.925,6,129540,2,255,8,c0,87,4d,fe,0b,07,ad,2d
2009-06-18Z09:46:02.925,6,129540,2,255,8,c1,44,48,c4,09,00,00,00
2009-06-18Z09:46:02.925,6,129540,2,255,8,c2,00,f2,19,22,24,ff,2c
2009-06-18Z09:46:02.925,6,129540,2,255,8,c3,34,08,00,00,00,00,f2
2009-06-18Z09:46:02.925,6,129540,2,255,8,c4,08,b9,20,20,7e,10,0e
2009-06-18Z09:46:02.925,6,129540,2,255,8,c5,00,00,00,00,f2,0a,ff
2009-06-18Z09:46:02.925,6,129540,2,255,8,c6,1d,7c,ca,1c,0c,00,00
2009-06-18Z09:46:02.925,6,129540,2,255,8,c7,00,00,f2,0d,50,1d,73
2009-06-18Z09:46:02.925,6,129540,2,255,8,c8,32,c4,09,00,00,00,00
2009-06-18Z09:46:02.925,6,129540,2,255,8,c9,f2,02,dc,17,e5,a0,74
2009-06-18Z09:46:02.925,6,129540,2,255,8,ca,0e,00,00,00,00,f2,04
2009-06-18Z09:46:02.925,6,129540,2,255,8,cb,45,0c,5a,88,e4,0c,00
2009-06-18Z09:46:02.925,6,129540,2,255,8,cc,00,00,00,f2,18,39,0a
2009-06-18Z09:46:02.925,6,129540,2,255,8,cd,36,dc,08,07,00,00,00
2009-06-18Z09:46:02.925,6,129540,2,255,8,ce,00,f2,17,22,06,39,37
2009-06-18Z09:46:02.925,6,129540,2,255,8,cf,d0,07,00,00,00,00,f2
2009-06-18Z09:46:02.925,6,129540,2,255,8,d0,10,74,05,ff,0e,80,0c
2009-06-18Z09:46:02.925,6,129540,2,255,8,d1,00,00,00,00,f2,7e,b9
2009-06-18Z09:46:02.925,6,129540,2,255,8,d2,11,5b,6a,f0,0a,00,00
2009-06-18Z09:46:02.925,6,129540,2,255,8,d3,00,00,f0,ff,ff,ff,ff
2009-06-18Z09:46:02.941,2,127251,1,255,8,ff,19,df,f6,ff,ff,ff,ff
2009-06-18Z09:46:02.972,2,127250,1,255,8,ff,33,63,ff,7f,ff,7f,fd
2009-06-18Z09:46:02.988,2,127251,1,255,8,ff,8a,82,f8,ff,ff,ff,ff
2009-06-18Z09:46:03.019,2,129025,2,255,8,93,54,72,1f,53,ab,3b,03
2009-06-18Z09:46:03.019,5,130312,3,255,8,12,00,00,cf,71,ff,ff,ff
2009-06-18Z09:46:03.019,2,127250,1,255,8,ff,2b,63,ff,7f,ff,7f,fd
2009-06-18Z09:46:03.035,2,127251,1,255,8,ff,b7,fe,f7,ff,ff,ff,ff
2009-06-18Z09:46:03.050,2,129026,6,255,8,ff,fc,21,5d,01,01,ff,ff
2009-06-18Z09:46:03.066,2,127250,1,255,8,ff,27,63,ff,7f,ff,7f,fd
2009-06-18Z09:46:03.082,2,129025,6,255,8,00,56,72,1f,38,ad,3b,03
2009-06-18Z09:46:03.082,2,127251,1,255,8,ff,86,8e,f8,ff,ff,ff,ff
2009-06-18Z09:46:03.113,2,129025,2,255,8,93,54,72,1f,53,ab,3b,03
2009-06-18Z09:46:03.113,2,129026,2,255,8,4e,fc,09,5e,00,01,ff,ff
2009-06-18Z09:46:03.113,5,130310,3,255,8,13,cd,71,ff,ff,ff,ff,ff
2009-06-18Z09:46:03.113,2,127250,1,255,8,ff,20,63,ff,7f,ff,7f,fd
2009-06-18Z09:46:03.144,2,127251,1,255,8,ff,86,8e,f8,ff,ff,ff,ff
2009-06-18Z09:46:03.160,2,127250,1,255,8,ff,1b,63,ff,7f,ff,7f,fd
2009-06-18Z09:46:03.207,2,127251,1,255,8,ff,9b,45,fb,ff,ff,ff,ff
2009-06-18Z09:46:03.207,2,129025,2,255,8,93,54,72,1f,53,ab,3b,03
2009-06-18Z09:46:03.222,2,127250,1,255,8,ff,15,63,ff,7f,ff,7f,fd
2009-06-18Z09:46:03.238,2,127251,1,255,8,ff,9b,45,fb,ff,ff,ff,ff
2009-06-18Z09:46:03.254,5,130311,3,255,8,13,c0,cd,71,ff,7f,ff,ff
2009-06-18Z09:46:03.269,2,127250,1,255,8,ff,13,63,ff,7f,ff,7f,fd
2009-06-18Z09:46:03.285,2,127251,1,255,8,ff,dc,78,fd,ff,ff,ff,ff
2009-06-18Z09:46:03.316,2,129025,2,255,8,93,54,72,1f,53,ab,3b,03
2009-06-18Z09:46:03.316,2,127250,1,255,8,ff,10,63,ff,7f,ff,7f,fd
2009-06-18Z09:46:03.347,2,127251,1,255,8,ff,af,fc,fd,ff,ff,ff,ff
2009-06-18Z09:46:03.347,3,128267,35,255,8,ff,ff,ff,ff,ff,00,00,ff
2009-06-18Z09:46:03.347,6,128275,35,255,8,a0,0e,ff,ff,ff,ff,ff,ff
2009-06-18Z09:46:03.347,2,128259,35,255,8,34,00,00,ff,ff,ff,ff,ff
2009-06-18Z09:46:03.347,5,130311,35,255,8,de,c0,57,76,ff,7f,ff,ff
2009-06-18Z09:46:03.347,6,128275,35,255,8,a1,3a,04,00,00,3a,04,00
2009-06-18Z09:46:03.347,6,128275,35,255,8,a2,00,ff,ff,ff,ff,ff,ff
2009-06-18Z09:46:03.363,2,129026,2,255,8,4e,fc,fb,5d,06,01,ff,ff
2009-06-18Z09:46:03.363,2,127250,1,255,8,ff,0e,63,ff,7f,ff,7f,fd
2009-06-18Z09:46:03.394,2,127251,1,255,8,ff,4e,1c,ff,ff,ff,ff,ff
2009-06-18Z09:46:03.410,2,129025,2,255,8,93,54,72,1f,53,ab,3b,03
2009-06-18Z09:46:03.410,2,127250,1,255,8,ff,0e,63,ff,7f,ff,7f,fd
2009-06-18Z09:46:03.441,2,127251,1,255,8,ff,4e,1c,ff,ff,ff,ff,ff
2009-06-18Z09:46:03.472,2,127250,1,255,8,ff,0e,63,ff,7f,ff,7f,fd
2009-06-18Z09:46:03.488,2,127251,1,255,8,ff,7e,8c,fe,ff,ff,ff,ff
2009-06-18Z09:46:03.504,2,129025,2,255,8,93,54,72,1f,53,ab,3b,03
2009-06-18Z09:46:03.519,2,127250,1,255,8,ff,0e,63,ff,7f,ff,7f,fd
2009-06-18Z09:46:03.535,2,127251,1,255,8,ff,21,a0,ff,ff,ff,ff,ff
2009-06-18Z09:46:03.566,2,127250,1,255,8,ff,0d,63,ff,7f,ff,7f,fd
2009-06-18Z09:46:03.582,2,127251,1,255,8,ff,21,a0,ff,ff,ff,ff,ff
2009-06-18Z09:46:03.613,2,129025,2,255,8,93,54,72,1f,53,ab,3b,03
2009-06-18Z09:46:03.613,2,129026,2,255,8,4e,fc,fb,5d,06,01,ff,ff
2009-06-18Z09:46:03.613,5,130310,3,255,8,13,cd,71,ff,ff,ff,ff,ff
2009-06-18Z09:46:03.613,2,127250,1,255,8,ff,0e,63,ff,7f,ff,7f,fd
2009-06-18Z09:46:03.644,2,127251,1,255,8,ff,61,d3,01,00,ff,ff,ff
2009-06-18Z09:46:03.660,2,127250,1,255,8,ff,0e,63,ff,7f,ff,7f,fd
2009-06-18Z09:46:03.707,2,127251,1,255,8,ff,61,d3,01,00,ff,ff,ff
2009-06-18Z09:46:03.722,2,129025,2,255,8,93,54,72,1f,53,ab,3b,03
2009-06-18Z09:46:03.722,2,127250,1,255,8,ff,11,63,ff,7f,ff,7f,fd
2009-06-18Z09:46:03.738,2,127251,1,255,8,ff,d3,76,03,00,ff,ff,ff
2009-06-18Z09:46:03.754,7,127258,2,255,8,4e,ff,ff,ff,ff,7f,ff,ff
2009-06-18Z09:46:03.754,2,128259,3,255,8,13,00,00,ff,ff,ff,ff,ff
2009-06-18Z09:46:03.754,3,128267,3,255,8,13,d8,01,00,00,00,00,ff
2009-06-18Z09:46:03.754,5,130311,3,255,8,13,c0,cf,71,ff,7f,ff,ff
2009-06-18Z09:46:03.754,2,127250,1,255,8,ff,13,63,ff,7f,ff,7f,fd
2009-06-18Z09:46:03.785,2,127251,1,255,8,ff,d3,76,03,00,ff,ff,ff
2009-06-18Z09:46:03.816,3,126992,2,255,8,4e,f0,4d,38,b0,72,f5,14
2009-06-18Z09:46:03.816,2,129025,2,255,8,dc,53,72,1f,4d,ac,3b,03
2009-06-18Z09:46:03.816,2,127250,1,255,8,ff,16,63,ff,7f,ff,7f,fd
2009-06-18Z09:46:03.847,2,127251,1,255,8,ff,a2,06,04,00,ff,ff,ff
2009-06-18Z09:46:03.847,5,130311,35,255,8,df,c0,57,76,ff,7f,ff,ff
2009-06-18Z09:46:03.863,2,129026,2,255,8,4e,fc,fb,5d,06,01,ff,ff
2009-06-18Z09:46:03.863,2,127250,1,255,8,ff,1a,63,ff,7f,ff,7f,fd
2009-06-18Z09:46:03.894,2,127251,1,255,8,ff,a2,06,04,00,ff,ff,ff
2009-06-18Z09:46:03.910,2,129025,2,255,8,dc,53,72,1f,4d,ac,3b,03
2009-06-18Z09:46:03.910,3,129029,2,255,8,00,2b,4e,4d,38,b0,72,f5
2009-06-18Z09:46:03.910,3,129029,2,255,8,01,14,40,eb,5e,83,ea,5c
2009-06-18Z09:46:03.910,3,129029,2,255,8,02,52,07,68,7f,62,ac,28
2009-06-18Z09:46:03.910,3,129029,2,255,8,03,b5,c0,00,bf,38,21,ff
2009-06-18Z09:46:03.910,3,129029,2,255,8,04,ff,ff,ff,ff,10,fc,0b
2009-06-18Z09:46:03.910,3,129029,2,255,8,05,50,00,96,00,48,12,00
2009-06-18Z09:46:03.910,2,127250,1,255,8,ff,1f,63,ff,7f,ff,7f,fd
2009-06-18Z09:46:03.910,3,129029,2,255,8,06,00,ff,ff,ff,ff,ff,ff
2009-06-18Z09:46:03.910,3,129283,4,255,8,00,30,16,de,ff,ff,ff,ff
2009-06-18Z09:46:03.910,3,129284,4,255,8,00,22,00,ad,55,17,00,00
2009-06-18Z09:46:03.910,3,129284,4,255,8,01,ff,ff,ff,ff,ff,ff,02
2009-06-18Z09:46:03.925,3,129284,4,255,8,02,5f,3b,5f,00,00,00,00
2009-06-18Z09:46:03.925,3,129284,4,255,8,03,01,00,00,00,12,4e,62
2009-06-18Z09:46:03.925,3,129284,4,255,8,04,1f,f8,10,52,03,05,01
2009-06-18Z09:46:03.925,6,129539,2,255,8,4e,d7,50,00,78,00,ff,7f
2009-06-18Z09:46:03.925,6,129540,2,255,8,e0,87,4e,fe,0b,07,ad,2d
2009-06-18Z09:46:03.925,6,129540,2,255,8,e1,44,48,c4,09,00,00,00
2009-06-18Z09:46:03.925,6,129540,2,255,8,e2,00,f2,19,22,24,ff,2c
2009-06-18Z09:46:03.925,6,129540,2,255,8,e3,34,08,00,00,00,00,f2
2009-06-18Z09:46:03.925,6,129540,2,255,8,e4,08,b9,20,20,7e,10,0e
2009-06-18Z09:46:03.925,6,129540,2,255,8,e5,00,00,00,00,f2,0a,ff
2009-06-18Z09:46:03.925,6,129540,2,255,8,e6,1d,7c,ca,1c,0c,00,00
2009-06-18Z09:46:03.925,6,129540,2,255,8,e7,00,00,f2,0d,50,1d,73
2009-06-18Z09:46:03.925,6,129540,2,255,8,e8,32,c4,09,00,00,00,00
2009-06-18Z09:46:03.925,6,129540,2,255,8,e9,f2,02,dc,17,e5,a0,74
2009-06-18Z09:46:03.925,6,129540,2,255,8,ea,0e,00,00,00,00,f2,04
2009-06-18Z09:46:03.925,6,129540,2,255,8,eb,45,0c,5a,88,e4,0c,00
2009-06-18Z09:46:03.925,6,129540,2,255,8,ec,00,00,00,f2,18,39,0a
2009-06-18Z09:46:03.925,6,129540,2,255,8,ed,36,dc,08,07,00,00,00
2009-06-18Z09:46:03.925,6,129540,2,255,8,ee,00,f2,17,22,06,39,37
2009-06-18Z09:46:03.925,6,129540,2,255,8,ef,d0,07,00,00,00,00,f2
2009-06-18Z09:46:03.925,6,129540,2,255,8,f0,10,74,05,ff,0e,80,0c
2009-06-18Z09:46:03.925,6,129540,2,255,8,f1,00,00,00,00,f2,7e,b9
2009-06-18Z09:46:03.925,6,129540,2,255,8,f2,11,5b,6a,f0,0a,00,00
2009-06-18Z09:46:03.925,6,129540,2,255,8,f3,00,00,f0,ff,ff,ff,ff
2009-06-18Z09:46:03.941,2,127251,1,255,8,ff,14,aa,05,00,ff,ff,ff
2009-06-18Z09:46:03.957,2,127250,1,255,8,ff,23,63,ff,7f,ff,7f,fd
2009-06-18Z09:46:03.988,2,127251,1,255,8,ff,a2,06,04,00,ff,ff,ff
2009-06-18Z09:46:04.004,2,129025,2,255,8,dc,53,72,1f,4d,ac,3b,03
2009-06-18Z09:46:04.019,2,127250,1,255,8,ff,29,63,ff,7f,ff,7f,fd
2009-06-18Z09:46:04.050,2,127251,1,255,8,ff,14,aa,05,00,ff,ff,ff
2009-06-18Z09:46:04.050,2,129026,6,255,8,ff,fc,21,5d,06,01,ff,ff
2009-06-18Z09:46:04.066,2,127250,1,255,8,ff,2d,63,ff,7f,ff,7f,fd
2009-06-18Z09:46:04.082,2,129025,6,255,8,5a,55,72,1f,32,ae,3b,03
2009-06-18Z09:46:04.082,2,127251,1,255,8,ff,14,aa,05,00,ff,ff,ff
2009-06-18Z09:46:04.113,2,129025,2,255,8,dc,53,72,1f,4d,ac,3b,03
2009-06-18Z09:46:04.113,2,129026,2,255,8,4f,fc,fb,5d,06,01,ff,ff
2009-06-18Z09:46:04.113,5,130310,3,255,8,13,cf,71,ff,ff,ff,ff,ff
2009-06-18Z09:46:04.113,2,127250,1,255,8,ff,33,63,ff,7f,ff,7f,fd
2009-06-18Z09:46:04.144,2,127251,1,255,8,ff,45,1a,05,00,ff,ff,ff
2009-06-18Z09:46:04.160,2,127250,1,255,8,ff,3a,63,ff,7f,ff,7f,fd
2009-06-18Z09:46:04.207,2,127251,1,255,8,ff,a2,06,04,00,ff,ff,ff
2009-06-18Z09:46:04.207,2,129025,2,255,8,dc,53,72,1f,4d,ac,3b,03
2009-06-18Z09:46:04.207,2,127250,1,255,8,ff,40,63,ff,7f,ff,7f,fd
2009-06-18Z09:46:04.238,2,127251,1,255,8,ff,a2,06,04,00,ff,ff,ff
2009-06-18Z09:46:04.254,5,130311,3,255,8,13,c0,cd,71,ff,7f,ff,ff
2009-06-18Z09:46:04.269,2,127250,1,255,8,ff,43,63,ff,7f,ff,7f,fd
2009-06-18Z09:46:04.285,2,127251,1,255,8,ff,a2,06,04,00,ff,ff,ff
2009-06-18Z09:46:04.316,2,129025,2,255,8,dc,53,72,1f,4d,ac,3b,03
2009-06-18Z09:46:04.316,2,127250,1,255,8,ff,48,63,ff,7f,ff,7f,fd
2009-06-18Z09:46:04.332,2,127251,1,255,8,ff,e7,2d,06,00,ff,ff,ff
2009-06-18Z09:46:04.347,3,128267,35,255,8,ff,ff,ff,ff,ff,00,00,ff
2009-06-18Z09:46:04.347,6,128275,35,255,8,c0,0e,ff,ff,ff,ff,ff,ff
2009-06-18Z09:46:04.347,2,128259,35,255,8,35,00,00,ff,ff,ff,ff,ff
2009-06-18Z09:46:04.347,5,130311,35,255,8,e0,c0,57,76,ff,7f,ff,ff
2009-06-18Z09:46:04.347,6,128275,35,255,8,c1,3a,04,00,00,3a,04,00
2009-06-18Z09:46:04.347,6,128275,35,255,8,c2,00,ff,ff,ff,ff,ff,ff
2009-06-18Z09:46:04.363,2,129026,2,255,8,4f,fc,de,5e,06,01,ff,ff
2009-06-18Z09:46:04.363,2,127250,1,255,8,ff,4d,63,ff,7f,ff,7f,fd
2009-06-18Z09:46:04.394,2,127251,1,255,8,ff,14,aa,05,00,ff,ff,ff
2009-06-18Z09:46:04.410,2,129025,2,255,8,dc,53,72,1f,4d,ac,3b,03
2009-06-18Z09:46:04.410,2,127250,1,255,8,ff,54,63,ff,7f,ff,7f,fd
2009-06-18Z09:46:04.441,2,127251,1,255,8,ff,45,1a,05,00,ff,ff,ff
2009-06-18Z09:46:04.472,2,127250,1,255,8,ff,59,63,ff,7f,ff,7f,fd
2009-06-18Z09:46:04.488,2,127251,1,255,8,ff,14,aa,05,00,ff,ff,ff
2009-06-18Z09:46:04.504,2,129025,2,255,8,dc,53,72,1f,4d,ac,3b,03
2009-06-18Z09:46:04.519,2,127250,1,255,8,ff,60,63,ff,7f,ff,7f,fd
2009-06-18Z09:46:04.535,2,127251,1,255,8,ff,14,aa,05,00,ff,ff,ff
2009-06-18Z09:46:04.566,2,127250,1,255,8,ff,66,63,ff,7f,ff,7f,fd
2009-06-18Z09:46:04.582,2,127251,1,255,8,ff,14,aa,05,00,ff,ff,ff
2009-06-18Z09:46:04.613,2,129025,2,255,8,dc,53,72,1f,4d,ac,3b,03
2009-06-18Z09:46:04.613,2,129026,2,255,8,4f,fc,de,5e,06,01,ff,ff
2009-06-18Z09:46:04.613,5,130310,3,255,8,13,cf,71,ff,ff,ff,ff,ff
2009-06-18Z09:46:04.613,2,127250,1,255,8,ff,6d,63,ff,7f,ff,7f,fd
2009-06-18Z09:46:04.644,2,127251,1,255,8,ff,75,8a,04,00,ff,ff,ff
2009-06-18Z09:46:04.660,2,127250,1,255,8,ff,73,63,ff,7f,ff,7f,fd
2009-06-18Z09:46:04.691,2,127251,1,255,8,ff,d3,76,03,00,ff,ff,ff
2009-06-18Z09:46:04.707,2,129025,2,255,8,35,53,72,1f,58,ad,3b,03
2009-06-18Z09:46:04.707,2,127250,1,255,8,ff,78,63,ff,7f,ff,7f,fd
2009-06-18Z09:46:04.738,2,127251,1,255,8,ff,14,aa,05,00,ff,ff,ff
2009-06-18Z09:46:04.769,7,127258,2,255,8,4f,ff,ff,ff,ff,7f,ff,ff
2009-06-18Z09:46:04.769,2,128259,3,255,8,13,00,00,ff,ff,ff,ff,ff
2009-06-18Z09:46:04.769,3,128267,3,255,8,13,df,01,00,00,00,00,ff
2009-06-18Z09:46:04.769,5,130311,3,255,8,13,c0,cf,71,ff,7f,ff,ff
2009-06-18Z09:46:04.769,2,127250,1,255,8,ff,7d,63,ff,7f,ff,7f,fd
2009-06-18Z09:46:04.785,2,127251,1,255,8,ff,45,1a,05,00,ff,ff,ff
2009-06-18Z09:46:04.816,3,126992,2,255,8,4f,f0,4d,38,c0,99,f5,14
2009-06-18Z09:46:04.816,2,129025,2,255,8,35,53,72,1f,58,ad,3b,03
2009-06-18Z09:46:04.816,2,127250,1,255,8,ff,83,63,ff,7f,ff,7f,fd
2009-06-18Z09:46:04.847,2,127251,1,255,8,ff,14,aa,05,00,ff,ff,ff
2009-06-18Z09:46:04.847,5,130311,35,255,8,e1,c0,57,76,ff,7f,ff,ff
2009-06-18Z09:46:04.863,2,129026,2,255,8,4f,fc,de,5e,06,01,ff,ff
2009-06-18Z09:46:04.863,2,127250,1,255,8,ff,89,63,ff,7f,ff,7f,fd
2009-06-18Z09:46:04.894,2,127251,1,255,8,ff,a2,06,04,00,ff,ff,ff
2009-06-18Z09:46:04.910,2,129025,2,255,8,35,53,72,1f,58,ad,3b,03
2009-06-18Z09:46:04.925,3,129029,2,255,8,20,2b,4f,4d,38,c0,99,f5
2009-06-18Z09:46:04.925,3,129029,2,255,8,21,14,80,7a,43,b5,c3,5c
2009-06-18Z09:46:04.925,3,129029,2,255,8,22,52,07,20,cd,f4,c2,66
2009-06-18Z09:46:04.925,3,129029,2,255,8,23,b5,c0,00,bf,38,21,ff
2009-06-18Z09:46:04.925,3,129029,2,255,8,24,ff,ff,ff,ff,10,fc,0b
2009-06-18Z09:46:04.925,3,129029,2,255,8,25,50,00,96,00,48,12,00
2009-06-18Z09:46:04.925,3,129029,2,255,8,26,00,ff,ff,ff,ff,ff,ff
2009-06-18Z09:46:04.925,2,127250,1,255,8,ff,8f,63,ff,7f,ff,7f,fd
2009-06-18Z09:46:04.925,3,129283,4,255,8,00,30,1f,de,ff,ff,ff,ff
2009-06-18Z09:46:04.925,3,129284,4,255,8,20,22,00,8e,53,17,00,00
2009-06-18Z09:46:04.925,3,129284,4,255,8,21,ff,ff,ff,ff,ff,ff,02
2009-06-18Z09:46:04.925,3,129284,4,255,8,22,5f,3b,5f,00,00,00,00
2009-06-18Z09:46:04.925,3,129284,4,255,8,23,01,00,00,00,12,4e,62
2009-06-18Z09:46:04.925,3,129284,4,255,8,24,1f,f8,10,52,03,05,01
2009-06-18Z09:46:04.925,6,129539,2,255,8,4f,d7,50,00,78,00,ff,7f
2009-06-18Z09:46:04.925,6,129540,2,255,8,00,87,4f,fe,0b,07,ad,2d
2009-06-18Z09:46:04.925,6,129540,2,255,8,01,44,48,c4,09,00,00,00
2009-06-18Z09:46:04.925,6,129540,2,255,8,02,00,f2,19,22,24,ff,2c
2009-06-18Z09:46:04.925,6,129540,2,255,8,03,34,08,00,00,00,00,f2
2009-06-18Z09:46:04.925,6,129540,2,255,8,04,08,b9,20,20,7e,10,0e
2009-06-18Z09:46:04.925,6,129540,2,255,8,05,00,00,00,00,f2,0a,ff
2009-06-18Z09:46:04.925,6,129540,2,255,8,06,1d,7c,ca,1c,0c,00,00
2009-06-18Z09:46:04.925,6,129540,2,255,8,07,00,00,f2,0d,50,1d,73
2009-06-18Z09:46:04.925,6,129540,2,255,8,08,32,c4,09,00,00,00,00
2009-06-18Z09:46:04.925,6,129540,2,255,8,09,f2,02,dc,17,e5,a0,74
2009-06-18Z09:46:04.925,6,129540,2,255,8,0a,0e,00,00,00,00,f2,04
2009-06-18Z09:46:04.925,6,129540,2,255,8,0b,45,0c,5a,88,e4,0c,00
2009-06-18Z09:46:04.925,6,129540,2,255,8,0c,00,00,00,f2,18,39,0a
2009-06-18Z09:46:04.925,6,129540,2,255,8,0d,36,dc,08,07,00,00,00
2009-06-18Z09:46:04.925,6,129540,2,255,8,0e,00,f2,17,22,06,39,37
2009-06-18Z09:46:04.925,6,129540,2,255,8,0f,d0,07,00,00,00,00,f2
2009-06-18Z09:46:04.941,6,129540,2,255,8,10,10,74,05,ff,0e,80,0c
2009-06-18Z09:46:04.941,6,129540,2,255,8,11,00,00,00,00,f2,7e,b9
2009-06-18Z09:46:04.941,6,129540,2,255,8,12,11,5b,6a,f0,0a,00,00
2009-06-18Z09:46:04.941,6,129540,2,255,8,13,00,00,f0,ff,ff,ff,ff
2009-06-18Z09:46:04.941,2,127251,1,255,8,ff,a2,06,04,00,ff,ff,ff
2009-06-18Z09:46:04.957,2,127250,1,255,8,ff,94,63,ff,7f,ff,7f,fd
2009-06-18Z09:46:04.988,2,127251,1,255,8,ff,a2,06,04,00,ff,ff,ff
2009-06-18Z09:46:05.004,2,129025,2,255,8,35,53,72,1f,58,ad,3b,03
2009-06-18Z09:46:05.004,5,130312,3,255,8,13,00,00,cd,71,ff,ff,ff
2009-06-18Z09:46:05.019,2,127250,1,255,8,ff,99,63,ff,7f,ff,7f,fd
2009-06-18Z09:46:05.035,2,127251,1,255,8,ff,75,8a,04,00,ff,ff,ff
2009-06-18Z09:46:05.050,2,129026,6,255,8,ff,fc,be,5d,01,01,ff,ff
2009-06-18Z09:46:05.066,2,127250,1,255,8,ff,9e,63,ff,7f,ff,7f,fd
2009-06-18Z09:46:05.082,2,129025,6,255,8,b3,54,72,1f,2c,af,3b,03
2009-06-18Z09:46:05.097,2,127251,1,255,8,ff,d3,76,03,00,ff,ff,ff
2009-06-18Z09:46:05.113,2,129025,2,255,8,35,53,72,1f,58,ad,3b,03
2009-06-18Z09:46:05.113,2,129026,2,255,8,50,fc,7d,5c,01,01,ff,ff
2009-06-18Z09:46:05.113,5,130310,3,255,8,14,cf,71,ff,ff,ff,ff,ff
2009-06-18Z09:46:05.113,2,127250,1,255,8,ff,a3,63,ff,7f,ff,7f,fd
2009-06-18Z09:46:05.144,2,127251,1,255,8,ff,45,1a,05,00,ff,ff,ff
2009-06-18Z09:46:05.160,2,127250,1,255,8,ff,a7,63,ff,7f,ff,7f,fd
2009-06-18Z09:46:05.207,2,127251,1,255,8,ff,a2,06,04,00,ff,ff,ff
2009-06-18Z09:46:05.222,2,129025,2,255,8,35,53,72,1f,58,ad,3b,03
2009-06-18Z09:46:05.222,2,127250,1,255,8,ff,ad,63,ff,7f,ff,7f,fd
2009-06-18Z09:46:05.238,2,127251,1,255,8,ff,45,1a,05,00,ff,ff,ff
2009-06-18Z09:46:05.254,5,130311,3,255,8,14,c0,cf,71,ff,7f,ff,ff
2009-06-18Z09:46:05.269,2,127250,1,255,8,ff,b2,63,ff,7f,ff,7f,fd
2009-06-18Z09:46:05.285,2,127251,1,255,8,ff,04,e7,02,00,ff,ff,ff
2009-06-18Z09:46:05.316,2,129025,2,255,8,35,53,72,1f,58,ad,3b,03
2009-06-18Z09:46:05.316,2,127250,1,255,8,ff,b7,63,ff,7f,ff,7f,fd
2009-06-18Z09:46:05.347,2,127251,1,255,8,ff,d3,76,03,00,ff,ff,ff
2009-06-18Z09:46:05.347,3,128267,35,255,8,5c,0e,01,00,00,00,00,ff
2009-06-18Z09:46:05.347,6,128275,35,255,8,e0,0e,ff,ff,ff,ff,ff,ff
2009-06-18Z09:46:05.347,2,128259,35,255,8,36,00,00,ff,ff,ff,ff,ff
2009-06-18Z09:46:05.347,5,130311,35,255,8,e2,c0,57,76,ff,7f,ff,ff
2009-06-18Z09:46:05.347,6,128275,35,255,8,e1,3a,04,00,00,3a,04,00
2009-06-18Z09:46:05.347,6,128275,35,255,8,e2,00,ff,ff,ff,ff,ff,ff
2009-06-18Z09:46:05.363,2,127250,1,255,8,ff,bb,63,ff,7f,ff,7f,fd
2009-06-18Z09:46:05.363,2,129026,2,255,8,50,fc,7d,5c,01,01,ff,ff
2009-06-18Z09:46:05.394,2,127251,1,255,8,ff,30,63,02,00,ff,ff,ff
2009-06-18Z09:46:05.410,2,129025,2,255,8,35,53,72,1f,58,ad,3b,03
2009-06-18Z09:46:05.410,2,127250,1,255,8,ff,bf,63,ff,7f,ff,7f,fd
2009-06-18Z09:46:05.441,2,127251,1,255,8,ff,61,d3,01,00,ff,ff,ff
2009-06-18Z09:46:05.472,2,127250,1,255,8,ff,c1,63,ff,7f,ff,7f,fd
2009-06-18Z09:46:05.488,2,127251,1,255,8,ff,61,d3,01,00,ff,ff,ff
2009-06-18Z09:46:05.504,2,129025,2,255,8,35,53,72,1f,58,ad,3b,03
2009-06-18Z09:46:05.519,2,127250,1,255,8,ff,c3,63,ff,7f,ff,7f,fd
2009-06-18Z09:46:05.535,2,127251,1,255,8,ff,c3,b3,00,00,ff,ff,ff
2009-06-18Z09:46:05.566,2,127250,1,255,8,ff,c6,63,ff,7f,ff,7f,fd
2009-06-18Z09:46:05.597,2,127251,1,255,8,ff,c3,b3,00,00,ff,ff,ff
2009-06-18Z09:46:05.613,2,129025,2,255,8,35,53,72,1f,58,ad,3b,03
2009-06-18Z09:46:05.613,2,129026,2,255,8,50,fc,7d,5c,01,01,ff,ff
2009-06-18Z09:46:05.613,5,130310,3,255,8,14,cf,71,ff,ff,ff,ff,ff
2009-06-18Z09:46:05.613,2,127250,1,255,8,ff,c6,63,ff,7f,ff,7f,fd
2009-06-18Z09:46:05.644,2,127251,1,255,8,ff,21,a0,ff,ff,ff,ff,ff
2009-06-18Z09:46:05.660,2,127250,1,255,8,ff,c7,63,ff,7f,ff,7f,fd
2009-06-18Z09:46:05.691,2,127251,1,255,8,ff,af,fc,fd,ff,ff,ff,ff
2009-06-18Z09:46:05.722,2,127250,1,255,8,ff,c7,63,ff,7f,ff,7f,fd
2009-06-18Z09:46:05.738,2,127251,1,255,8,ff,7e,8c,fe,ff,ff,ff,ff
2009-06-18Z09:46:05.754,7,127258,2,255,8,50,ff,ff,ff,ff,7f,ff,ff
2009-06-18Z09:46:05.769,2,128259,3,255,8,14,00,00,ff,ff,ff,ff,ff
2009-06-18Z09:46:05.769,3,128267,3,255,8,14,dd,01,00,00,00,00,ff
2009-06-18Z09:46:05.769,2,129025,2,255,8,35,53,72,1f,58,ad,3b,03
2009-06-18Z09:46:05.769,5,130311,3,255,8,14,c0,cf,71,ff,7f,ff,ff
2009-06-18Z09:46:05.769,2,127250,1,255,8,ff,c4,63,ff,7f,ff,7f,fd
2009-06-18Z09:46:05.785,2,127251,1,255,8,ff,4e,1c,ff,ff,ff,ff,ff
2009-06-18Z09:46:05.816,3,126992,2,255,8,50,f0,4d,38,d0,c0,f5,14
2009-06-18Z09:46:05.816,2,127250,1,255,8,ff,c3,63,ff,7f,ff,7f,fd
2009-06-18Z09:46:05.847,2,127251,1,255,8,ff,af,fc,fd,ff,ff,ff,ff
2009-06-18Z09:46:05.847,5,130311,35,255,8,e3,c0,57,76,ff,7f,ff,ff
2009-06-18Z09:46:05.863,2,129025,2,255,8,8f,52,72,1f,63,ae,3b,03
2009-06-18Z09:46:05.863,2,127250,1,255,8,ff,c1,63,ff,7f,ff,7f,fd
2009-06-18Z09:46:05.894,2,127251,1,255,8,ff,af,fc,fd,ff,ff,ff,ff
2009-06-18Z09:46:05.910,2,129026,2,255,8,50,fc,7d,5c,01,01,ff,ff
2009-06-18Z09:46:05.910,3,129029,2,255,8,40,2b,50,4d,38,d0,c0,f5
2009-06-18Z09:46:05.910,3,129029,2,255,8,41,14,00,0a,28,e7,9c,5c
2009-06-18Z09:46:05.910,3,129029,2,255,8,42,52,07,d0,1a,87,d9,a4
2009-06-18Z09:46:05.910,3,129029,2,255,8,43,b5,c0,00,61,bf,22,ff
2009-06-18Z09:46:05.910,3,129029,2,255,8,44,ff,ff,ff,ff,10,fc,0b
2009-06-18Z09:46:05.910,3,129029,2,255,8,45,50,00,96,00,48,12,00
2009-06-18Z09:46:05.910,2,127250,1,255,8,ff,bf,63,ff,7f,ff,7f,fd
2009-06-18Z09:46:05.910,3,129029,2,255,8,46,00,ff,ff,ff,ff,ff,ff
2009-06-18Z09:46:05.910,3,129283,4,255,8,00,30,1f,de,ff,ff,ff,ff
2009-06-18Z09:46:05.910,3,129284,4,255,8,40,22,00,8e,53,17,00,00
2009-06-18Z09:46:05.910,3,129284,4,255,8,41,ff,ff,ff,ff,ff,ff,02
2009-06-18Z09:46:05.910,3,129284,4,255,8,42,5f,3b,5f,00,00,00,00
2009-06-18Z09:46:05.910,3,129284,4,255,8,43,01,00,00,00,12,4e,62
2009-06-18Z09:46:05.910,3,129284,4,255,8,44,1f,f8,10,52,03,00,01
2009-06-18Z09:46:05.910,6,129539,2,255,8,50,d7,50,00,78,00,ff,7f
2009-06-18Z09:46:05.925,6,129540,2,255,8,20,87,50,fe,0b,07,ad,2d
2009-06-18Z09:46:05.925,6,129540,2,255,8,21,44,48,c4,09,00,00,00
2009-06-18Z09:46:05.925,6,129540,2,255,8,22,00,f2,19,22,24,ff,2c
2009-06-18Z09:46:05.925,6,129540,2,255,8,23,34,08,00,00,00,00,f2
2009-06-18Z09:46:05.925,6,129540,2,255,8,24,08,b9,20,20,7e,10,0e
2009-06-18Z09:46:05.925,6,129540,2,255,8,25,00,00,00,00,f2,0a,ff
2009-06-18Z09:46:05.925,6,129540,2,255,8,26,1d,7c,ca,1c,0c,00,00
2009-06-18Z09:46:05.925,6,129540,2,255,8,27,00,00,f2,0d,50,1d,73
2009-06-18Z09:46:05.925,6,129540,2,255,8,28,32,c4,09,00,00,00,00
2009-06-18Z09:46:05.925,6,129540,2,255,8,29,f2,02,dc,17,e5,a0,74
2009-06-18Z09:46:05.925,6,129540,2,255,8,2a,0e,00,00,00,00,f2,04
2009-06-18Z09:46:05.925,6,129540,2,255,8,2b,45,0c,5a,88,e4,0c,00
2009-06-18Z09:46:05.925,6,129540,2,255,8,2c,00,00,00,f2,18,39,0a
2009-06-18Z09:46:05.925,6,129540,2,255,8,2d,36,dc,08,07,00,00,00
2009-06-18Z09:46:05.925,6,129540,2,255,8,2e,00,f2,17,22,06,39,37
2009-06-18Z09:46:05.925,6,129540,2,255,8,2f,d0,07,00,00,00,00,f2
2009-06-18Z09:46:05.925,6,129540,2,255,8,30,10,74,05,ff,0e,80,0c
2009-06-18Z09:46:05.925,6,129540,2,255,8,31,00,00,00,00,f2,7e,b9
2009-06-18Z09:46:05.925,6,129540,2,255,8,32,11,5b,6a,f0,0a,00,00
2009-06-18Z09:46:05.925,6,129540,2,255,8,33,00,00,f0,ff,ff,ff,ff
2009-06-18Z09:46:05.941,2,127251,1,255,8,ff,4e,1c,ff,ff,ff,ff,ff
2009-06-18Z09:46:05.957,2,129025,2,255,8,8f,52,72,1f,63,ae,3b,03
2009-06-18Z09:46:05.972,2,127250,1,255,8,ff,bd,63,ff,7f,ff,7f,fd
2009-06-18Z09:46:05.988,2,127251,1,255,8,ff,21,a0,ff,ff,ff,ff,ff
2009-06-18Z09:46:06.019,2,127250,1,255,8,ff,bc,63,ff,7f,ff,7f,fd
2009-06-18Z09:46:06.035,2,127251,1,255,8,ff,af,fc,fd,ff,ff,ff,ff
2009-06-18Z09:46:06.050,2,129026,6,255,8,ff,fc,4f,5c,f1,00,ff,ff
2009-06-18Z09:46:06.066,2,129025,2,255,8,8f,52,72,1f,63,ae,3b,03
2009-06-18Z09:46:06.066,2,127250,1,255,8,ff,bb,63,ff,7f,ff,7f,fd
2009-06-18Z09:46:06.082,2,129025,6,255,8,1d,54,72,1f,37,b0,3b,03
2009-06-18Z09:46:06.097,2,127251,1,255,8,ff,dc,78,fd,ff,ff,ff,ff
2009-06-18Z09:46:06.113,2,127250,1,255,8,ff,b9,63,ff,7f,ff,7f,fd
2009-06-18Z09:46:06.144,2,127251,1,255,8,ff,21,a0,ff,ff,ff,ff,ff
2009-06-18Z09:46:06.160,2,129025,2,255,8,8f,52,72,1f,63,ae,3b,03
2009-06-18Z09:46:06.160,2,129026,2,255,8,51,fc,7d,5c,01,01,ff,ff
2009-06-18Z09:46:06.160,5,130310,3,255,8,14,cd,71,ff,ff,ff,ff,ff
2009-06-18Z09:46:06.160,2,127250,1,255,8,ff,b6,63,ff,7f,ff,7f,fd
2009-06-18Z09:46:06.207,2,127251,1,255,8,ff,4e,1c,ff,ff,ff,ff,ff
2009-06-18Z09:46:06.222,2,127250,1,255,8,ff,b6,63,ff,7f,ff,7f,fd
2009-06-18Z09:46:06.238,2,127251,1,255,8,ff,4e,1c,ff,ff,ff,ff,ff
2009-06-18Z09:46:06.254,2,129025,2,255,8,8f,52,72,1f,63,ae,3b,03
2009-06-18Z09:46:06.254,5,130311,3,255,8,14,c0,cf,71,ff,7f,ff,ff
2009-06-18Z09:46:06.254,2,127250,1,255,8,ff,b4,63,ff,7f,ff,7f,fd
2009-06-18Z09:46:06.285,2,127251,1,255,8,ff,dc,78,fd,ff,ff,ff,ff
2009-06-18Z09:46:06.316,2,127250,1,255,8,ff,b3,63,ff,7f,ff,7f,fd
2009-06-18Z09:46:06.347,2,127251,1,255,8,ff,af,fc,fd,ff,ff,ff,ff
2009-06-18Z09:46:06.347,3,128267,35,255,8,5d,0e,01,00,00,00,00,ff
2009-06-18Z09:46:06.347,6,128275,35,255,8,00,0e,ff,ff,ff,ff,ff,ff
2009-06-18Z09:46:06.347,2,128259,35,255,8,37,00,00,ff,ff,ff,ff,ff
2009-06-18Z09:46:06.347,5,130311,35,255,8,e4,c0,57,76,ff,7f,ff,ff
