0x01,0x01,0xF8,0x09,0x64,0xD9,0xDF,0x19,0xC7,0xB9,0x0A,0x04
0x01,0x1A,0xF1,0x1D,0x8D,0xFF,0xFF,0xFF,0x5B,0x01,0xFF,0xFF
0x04,0x1A,0xF1,0x1D,0x8A,0xFF,0xFF,0xFF,0x5B,0x01,0xFF,0xFF
0x01,0x01,0xF8,0x09,0xB8,0xD9,0xDF,0x19,0x82,0xBA,0x0A,0x04
0x05,0x02,0xFD,0x09,0x00,0x42,0x01,0x61,0xA2,0xFA,0xFF,0xFF
0x0A,0x00,0xFF,0x08,0x13,0x99,0x04,0x05,0x00,0x00,0x02,0x00
0x03,0x03,0xF5,0x09,0xF6,0x00,0x00,0xFF,0xFF,0x00,0xFF,0xFF
0x03,0x08,0xFD,0x09,0xF6,0x01,0x00,0xF3,0x74,0xFF,0xFF,0xFF
0x03,0xFF,0xEF,0x1D,0xC0,0x0F,0xE5,0x98,0x56,0x05,0x04,0x04
0x03,0xFF,0xEF,0x1D,0xC1,0x03,0x00,0x00,0x00,0x01,0x00,0x00
0x03,0xFF,0xEF,0x1D,0xC2,0x00,0x00,0xFF,0xFF,0xFF,0xFF,0xFF
0x01,0x10,0xF0,0x0D,0x8D,0xF0,0x5A,0x45,0x70,0xC3,0x89,0x15
0x01,0x01,0xF8,0x09,0xAA,0xD9,0xDF,0x19,0x73,0xBA,0x0A,0x04
0x05,0x02,0xFD,0x09,0x00,0x42,0x01,0xA2,0xA1,0xFA,0xFF,0xFF
0x06,0x19,0xFF,0x1C,0x41,0x9F,0x01,0x0B,0x00,0x00,0x00,0x00
0x01,0x02,0xF8,0x09,0x8E,0xFC,0x00,0x00,0x0A,0x00,0xFF,0xFF
0x04,0x03,0xF9,0x0D,0x8A,0x3F,0xFF,0xFF,0xFF,0x7F,0xFF,0xFF
0x05,0x02,0xFD,0x09,0x00,0x42,0x01,0x8F,0xA0,0xFA,0xFF,0xFF
0x03,0x03,0xF5,0x09,0xF7,0x00,0x00,0xFF,0xFF,0x00,0xFF,0xFF
0x01,0x01,0xF8,0x09,0xAA,0xD9,0xDF,0x19,0x73,0xBA,0x0A,0x04
0x0A,0x00,0xFF,0x08,0x13,0x99,0x04,0x05,0x00,0x00,0x02,0x00
0x05,0x02,0xFD,0x09,0x00,0x42,0x01,0xC3,0x9F,0xFA,0xFF,0xFF
0x01,0x01,0xF8,0x09,0xAA,0xD9,0xDF,0x19,0x73,0xBA,0x0A,0x04
0x01,0x02,0xF8,0x09,0x8E,0xFC,0x00,0x00,0x05,0x00,0xFF,0xFF
0x05,0x02,0xFD,0x09,0x00,0x42,0x01,0xB3,0x9E,0xFA,0xFF,0xFF
0x03,0x03,0xF5,0x09,0xF8,0x00,0x00,0xFF,0xFF,0x00,0xFF,0xFF
0x01,0x01,0xF8,0x09,0xAA,0xD9,0xDF,0x19,0x73,0xBA,0x0A,0x04
0x05,0x02,0xFD,0x09,0x00,0x42,0x01,0x97,0x9D,0xFA,0xFF,0xFF
0x01,0x04,0xFA,0x19,0xE0,0x93,0x8E,0xFE,0x0C,0x0A,0x97,0x0B
0x01,0x04,0xFA,0x19,0xE1,0x72,0x6E,0x30,0x11,0x00,0x00,0x00
0x01,0x04,0xFA,0x19,0xE2,0x00,0xF2,0x10,0xF3,0x2A,0x4D,0xD1
0x01,0x04,0xFA,0x19,0xE3,0x74,0x0E,0x00,0x00,0x00,0x00,0xF2
0x01,0x04,0xFA,0x19,0xE4,0x14,0x8B,0x18,0x21,0x60,0x3C,0x0F
0x01,0x04,0xFA,0x19,0xE5,0x00,0x00,0x00,0x00,0xF2,0x15,0x16
0x01,0x04,0xFA,0x19,0xE6,0x31,0x96,0x29,0xA0,0x0F,0x00,0x00
0x01,0x04,0xFA,0x19,0xE7,0x00,0x00,0xF2,0x1A,0x2D,0x35,0x66
0x01,0x04,0xFA,0x19,0xE8,0x8A,0x04,0x10,0x00,0x00,0x00,0x00
0x01,0x04,0xFA,0x19,0xE9,0xF2,0x1B,0xD1,0x15,0xFC,0xC2,0x3C
0x01,0x04,0xFA,0x19,0xEA,0x0F,0x00,0x00,0x00,0x00,0xF2,0x1D
0x01,0x04,0xFA,0x19,0xEB,0xF4,0x0C,0x39,0x37,0x04,0x10,0x00
0x01,0x04,0xFA,0x19,0xEC,0x00,0x00,0x00,0xF2,0x1F,0x8B,0x09
0x01,0x04,0xFA,0x19,0xED,0x09,0x89,0x8C,0x0A,0x00,0x00,0x00
0x01,0x04,0xFA,0x19,0xEE,0x00,0xF2,0x4A,0x8B,0x18,0x89,0x81
0x01,0x04,0xFA,0x19,0xEF,0x00,0x00,0x00,0x00,0x00,0x00,0xF2
0x01,0x04,0xFA,0x19,0xF0,0x4C,0xB9,0x11,0xF0,0xDE,0x80,0x0C
0x01,0x04,0xFA,0x19,0xF1,0x00,0x00,0x00,0x00,0xF2,0x54,0x96
0x01,0x04,0xFA,0x19,0xF2,0x1A,0xA2,0x1C,0xB8,0x0B,0x00,0x00
0x01,0x04,0xFA,0x19,0xF3,0x00,0x00,0xF2,0x44,0x39,0x0A,0x7F
0x01,0x04,0xFA,0x19,0xF4,0x16,0xAC,0x0D,0x00,0x00,0x00,0x00
0x01,0x04,0xFA,0x19,0xF5,0xF2,0xFF,0xFF,0xFF,0xFF,0xFF,0xFF
0x0A,0x00,0xFF,0x08,0x13,0x99,0x04,0x05,0x00,0x00,0x02,0x00
0x01,0x01,0xF8,0x09,0xA8,0xD9,0xDF,0x19,0x73,0xBA,0x0A,0x04
0x01,0x05,0xF8,0x0D,0x20,0x2B,0x8E,0x5A,0x45,0x80,0xEA,0x89
0x01,0x05,0xF8,0x0D,0x21,0x15,0x40,0xD3,0xAC,0x5C,0x3D,0x3C
0x01,0x05,0xF8,0x0D,0x22,0x06,0x06,0x08,0xBE,0x4C,0x21,0x9D
0x01,0x05,0xF8,0x0D,0x23,0xEA,0xF0,0x00,0x70,0xC2,0x10,0x03
0x01,0x05,0xF8,0x0D,0x24,0x00,0x00,0x00,0x00,0x10,0xFC,0x0C
0x01,0x05,0xF8,0x0D,0x25,0x46,0x00,0x82,0x00,0xFB,0x12,0x00
0x01,0x05,0xF8,0x0D,0x26,0x00,0xFF,0xFF,0xFF,0xFF,0xFF,0xFF
0x04,0x04,0xF9,0x0D,0x00,0x22,0x8A,0xFF,0xFF,0xFF,0xFF,0xFF
0x04,0x04,0xF9,0x0D,0x01,0xFF,0xFF,0xFF,0xFF,0xFF,0xFF,0xFF
0x04,0x04,0xF9,0x0D,0x02,0xFF,0xFF,0xFF,0xFF,0xFF,0xFF,0xFF
0x04,0x04,0xF9,0x0D,0x03,0xFF,0xFF,0xFF,0xFF,0xFF,0xFF,0xFF
0x04,0x04,0xF9,0x0D,0x04,0x7F,0xFF,0xFF,0xFF,0x7F,0xFF,0x7F
0x05,0x02,0xFD,0x09,0x00,0x42,0x01,0xB1,0x9C,0xFA,0xFF,0xFF
0x01,0x03,0xFA,0x19,0x8E,0xD7,0x46,0x00,0x6E,0x00,0xFF,0x7F
0x04,0x08,0xFF,0x0D,0xC0,0x02,0x7D,0x99,0xFF,0xFF,0xFF,0xFF
0x03,0x03,0xF5,0x09,0xF9,0x00,0x00,0xFF,0xFF,0x00,0xFF,0xFF
0x06,0x19,0xFF,0x1C,0x41,0x9F,0x01,0x03,0x00,0x00,0x00,0x00
0x01,0x01,0xF8,0x09,0xA8,0xD9,0xDF,0x19,0x73,0xBA,0x0A,0x04
0x01,0x02,0xF8,0x09,0x8E,0xFC,0x00,0x00,0x05,0x00,0xFF,0xFF
0x05,0x02,0xFD,0x09,0x00,0x42,0x01,0xBE,0x9C,0xFA,0xFF,0xFF
0x00,0x0B,0xF5,0x0D,0xC2,0xD3,0x01,0x00,0x00,0x31,0xF8,0xFF
0x00,0x08,0xFD,0x15,0xC2,0x00,0x00,0xA8,0x74,0xFF,0xFF,0xFF
0x01,0x01,0xF8,0x09,0xA8,0xD9,0xDF,0x19,0x73,0xBA,0x0A,0x04
0x0A,0x00,0xFF,0x08,0x13,0x99,0x04,0x05,0x00,0x00,0x02,0x00
0x05,0x02,0xFD,0x09,0x00,0x42,0x01,0x89,0x9E,0xFA,0xFF,0xFF
0x03,0x03,0xF5,0x09,0xFA,0x00,0x00,0xFF,0xFF,0x00,0xFF,0xFF
0x01,0x01,0xF8,0x09,0xA8,0xD9,0xDF,0x19,0x73,0xBA,0x0A,0x04
0x01,0x02,0xF8,0x09,0x8E,0xFC,0x00,0x00,0x05,0x00,0xFF,0xFF
0x05,0x02,0xFD,0x09,0x00,0x42,0x01,0x31,0xA1,0xFA,0xFF,0xFF
0x01,0x01,0xF8,0x09,0xA8,0xD9,0xDF,0x19,0x73,0xBA,0x0A,0x04
0x01,0x1A,0xF1,0x1D,0x8E,0xFF,0xFF,0xFF,0x5B,0x01,0xFF,0xFF
0x04,0x1A,0xF1,0x1D,0x8B,0xFF,0xFF,0xFF,0x5B,0x01,0xFF,0xFF
0x05,0x02,0xFD,0x09,0x00,0x42,0x01,0x2C,0xA4,0xFA,0xFF,0xFF
0x0A,0x00,0xFF,0x08,0x13,0x99,0x04,0x05,0x00,0x00,0x02,0x00
0x03,0x03,0xF5,0x09,0x00,0x00,0x00,0xFF,0xFF,0x00,0xFF,0xFF
0x01,0x01,0xF8,0x09,0x99,0xD9,0xDF,0x19,0x5D,0xBA,0x0A,0x04
0x03,0xFF,0xEF,0x1D,0xE0,0x0F,0xE5,0x98,0x56,0x05,0x04,0x04
0x03,0xFF,0xEF,0x1D,0xE1,0x03,0x00,0x00,0x00,0x01,0x00,0x00
0x03,0xFF,0xEF,0x1D,0xE2,0x00,0x00,0xFF,0xFF,0xFF,0xFF,0xFF
0x01,0x10,0xF0,0x0D,0x8E,0xF0,0x5A,0x45,0x80,0xEA,0x89,0x15
0x05,0x02,0xFD,0x09,0x00,0x42,0x01,0x77,0xA5,0xFA,0xFF,0xFF
0x06,0x19,0xFF,0x1C,0x41,0x9F,0x01,0x0B,0x00,0x00,0x00,0x00
0x01,0x02,0xF8,0x09,0x8F,0xFC,0x00,0x00,0x05,0x00,0xFF,0xFF
0x04,0x03,0xF9,0x0D,0x8B,0x3F,0xFF,0xFF,0xFF,0x7F,0xFF,0xFF
0x01,0x01,0xF8,0x09,0x97,0xD9,0xDF,0x19,0x5D,0xBA,0x0A,0x04
0x05,0x02,0xFD,0x09,0x00,0x42,0x01,0x8D,0xA5,0xFA,0xFF,0xFF
0x03,0x03,0xF5,0x09,0x01,0x00,0x00,0xFF,0xFF,0x00,0xFF,0xFF
0x0A,0x00,0xFF,0x08,0x13,0x99,0x04,0x05,0x00,0x00,0x02,0x00
0x01,0x01,0xF8,0x09,0x97,0xD9,0xDF,0x19,0x5D,0xBA,0x0A,0x04
0x05,0x02,0xFD,0x09,0x00,0x42,0x01,0x3D,0xA4,0xFA,0xFF,0xFF
0x01,0x01,0xF8,0x09,0x97,0xD9,0xDF,0x19,0x5D,0xBA,0x0A,0x04
0x05,0x02,0xFD,0x09,0x00,0x42,0x01,0x01,0xA3,0xFA,0xFF,0xFF
0x01,0x02,0xF8,0x09,0x8F,0xFC,0x00,0x00,0x00,0x00,0xFF,0xFF
0x03,0x03,0xF5,0x09,0x02,0x00,0x00,0xFF,0xFF,0x00,0xFF,0xFF
0x01,0x01,0xF8,0x09,0x97,0xD9,0xDF,0x19,0x5D,0xBA,0x0A,0x04
0x01,0x04,0xFA,0x19,0x00,0x93,0x8F,0xFE,0x0C,0x0A,0x97,0x0B
0x01,0x04,0xFA,0x19,0x01,0x72,0x6E,0x30,0x11,0x00,0x00,0x00
0x01,0x04,0xFA,0x19,0x02,0x00,0xF2,0x10,0xA2,0x2B,0x9F,0xD0
0x01,0x04,0xFA,0x19,0x03,0x74,0x0E,0x00,0x00,0x00,0x00,0xF2
0x01,0x04,0xFA,0x19,0x04,0x14,0x8B,0x18,0x21,0x60,0xD8,0x0E
0x01,0x04,0xFA,0x19,0x05,0x00,0x00,0x00,0x00,0xF2,0x15,0x16
0x01,0x04,0xFA,0x19,0x06,0x31,0x96,0x29,0xA0,0x0F,0x00,0x00
0x01,0x04,0xFA,0x19,0x07,0x00,0x00,0xF2,0x1A,0x2D,0x35,0x66
0x01,0x04,0xFA,0x19,0x08,0x8A,0x04,0x10,0x00,0x00,0x00,0x00
0x01,0x04,0xFA,0x19,0x09,0xF2,0x1B,0xD1,0x15,0xFC,0xC2,0x3C
0x01,0x04,0xFA,0x19,0x0A,0x0F,0x00,0x00,0x00,0x00,0xF2,0x1D
0x05,0x02,0xFD,0x09,0x00,0x42,0x01,0xFF,0xA1,0xFA,0xFF,0xFF
0x01,0x04,0xFA,0x19,0x0B,0xF4,0x0C,0x39,0x37,0x04,0x10,0x00
0x01,0x04,0xFA,0x19,0x0C,0x00,0x00,0x00,0xF2,0x1F,0x8B,0x09
0x01,0x04,0xFA,0x19,0x0D,0x09,0x89,0x1C,0x0C,0x00,0x00,0x00
0x01,0x04,0xFA,0x19,0x0E,0x00,0xF2,0x4A,0x8B,0x18,0x89,0x81
0x01,0x04,0xFA,0x19,0x0F,0x78,0x05,0x00,0x00,0x00,0x00,0xF2
0x01,0x04,0xFA,0x19,0x10,0x4C,0xB9,0x11,0xF0,0xDE,0x80,0x0C
0x01,0x04,0xFA,0x19,0x11,0x00,0x00,0x00,0x00,0xF2,0x54,0x96
0x01,0x04,0xFA,0x19,0x12,0x1A,0xA2,0x1C,0xB8,0x0B,0x00,0x00
0x01,0x04,0xFA,0x19,0x13,0x00,0x00,0xF2,0x44,0x39,0x0A,0x7F
0x01,0x04,0xFA,0x19,0x14,0x16,0x48,0x0D,0x00,0x00,0x00,0x00
0x01,0x04,0xFA,0x19,0x15,0xF2,0xFF,0xFF,0xFF,0xFF,0xFF,0xFF
0x0A,0x00,0xFF,0x08,0x13,0x99,0x04,0x05,0x00,0x00,0x02,0x00
0x01,0x01,0xF8,0x09,0x99,0xD9,0xDF,0x19,0x5D,0xBA,0x0A,0x04
0x05,0x02,0xFD,0x09,0x00,0x42,0x01,0xCD,0xA1,0xFA,0xFF,0xFF
0x01,0x05,0xF8,0x0D,0x40,0x2B,0x8F,0x5A,0x45,0x90,0x11,0x8A
0x01,0x05,0xF8,0x0D,0x41,0x15,0x40,0xFD,0x9A,0xDE,0x39,0x3C
0x01,0x05,0xF8,0x0D,0x42,0x06,0x06,0x58,0xA5,0xDD,0x15,0x98
0x01,0x05,0xF8,0x0D,0x43,0xEA,0xF0,0x00,0xCC,0xAC,0x11,0x03
0x01,0x05,0xF8,0x0D,0x44,0x00,0x00,0x00,0x00,0x10,0xFC,0x0C
0x01,0x05,0xF8,0x0D,0x45,0x46,0x00,0x78,0x00,0xFB,0x12,0x00
0x01,0x05,0xF8,0x0D,0x46,0x00,0xFF,0xFF,0xFF,0xFF,0xFF,0xFF
0x04,0x04,0xF9,0x0D,0x20,0x22,0x8B,0xFF,0xFF,0xFF,0xFF,0xFF
0x04,0x04,0xF9,0x0D,0x21,0xFF,0xFF,0xFF,0xFF,0xFF,0xFF,0xFF
0x04,0x04,0xF9,0x0D,0x22,0xFF,0xFF,0xFF,0xFF,0xFF,0xFF,0xFF
0x04,0x04,0xF9,0x0D,0x23,0xFF,0xFF,0xFF,0xFF,0xFF,0xFF,0xFF
0x04,0x04,0xF9,0x0D,0x24,0x7F,0xFF,0xFF,0xFF,0x7F,0xFF,0x7F
0x01,0x03,0xFA,0x19,0x8F,0xD7,0x46,0x00,0x64,0x00,0xFF,0x7F
0x04,0x08,0xFF,0x0D,0xE0,0x02,0x7D,0x99,0xFF,0xFF,0xFF,0xFF
0x03,0x03,0xF5,0x09,0x03,0x00,0x00,0xFF,0xFF,0x00,0xFF,0xFF
0x06,0x19,0xFF,0x1C,0x41,0x9F,0x01,0x03,0x00,0x00,0x00,0x00
0x01,0x02,0xF8,0x09,0x8F,0xFC,0x00,0x00,0x0A,0x00,0xFF,0xFF
0x01,0x01,0xF8,0x09,0x99,0xD9,0xDF,0x19,0x5D,0xBA,0x0A,0x04
0x05,0x02,0xFD,0x09,0x00,0x42,0x01,0x63,0xA3,0xFA,0xFF,0xFF
0x00,0x0B,0xF5,0x0D,0xC3,0xD3,0x01,0x00,0x00,0x31,0xF8,0xFF
0x0A,0x00,0xFF,0x08,0x13,0x99,0x04,0x05,0x00,0x00,0x02,0x00
0x01,0x01,0xF8,0x09,0x99,0xD9,0xDF,0x19,0x5D,0xBA,0x0A,0x04
0x05,0x02,0xFD,0x09,0x00,0x42,0x01,0xD1,0xA5,0xFA,0xFF,0xFF
0x03,0x03,0xF5,0x09,0x04,0x00,0x00,0xFF,0xFF,0x00,0xFF,0xFF
0x01,0x01,0xF8,0x09,0x99,0xD9,0xDF,0x19,0x5D,0xBA,0x0A,0x04
0x05,0x02,0xFD,0x09,0x00,0x73,0x01,0xA8,0xA8,0xFA,0xFF,0xFF
0x01,0x02,0xF8,0x09,0x8F,0xFC,0x00,0x00,0x05,0x00,0xFF,0xFF
0x01,0x1A,0xF1,0x1D,0x8F,0xFF,0xFF,0xFF,0x5B,0x01,0xFF,0xFF
0x04,0x1A,0xF1,0x1D,0x8C,0xFF,0xFF,0xFF,0x5B,0x01,0xFF,0xFF
0x01,0x01,0xF8,0x09,0x99,0xD9,0xDF,0x19,0x5D,0xBA,0x0A,0x04
0x05,0x02,0xFD,0x09,0x00,0x42,0x01,0xD9,0xA9,0xFA,0xFF,0xFF
0x0A,0x00,0xFF,0x08,0x13,0x99,0x04,0x05,0x00,0x00,0x02,0x00
0x03,0x03,0xF5,0x09,0x05,0x00,0x00,0xFF,0xFF,0x00,0xFF,0xFF
0x03,0x08,0xFD,0x09,0x05,0x01,0x00,0xF3,0x74,0xFF,0xFF,0xFF
0x03,0xFF,0xEF,0x1D,0x00,0x0F,0xE5,0x98,0x56,0x05,0x04,0x04
0x03,0xFF,0xEF,0x1D,0x01,0x03,0x00,0x00,0x00,0x01,0x00,0x00
0x03,0xFF,0xEF,0x1D,0x02,0x00,0x00,0xFF,0xFF,0xFF,0xFF,0xFF
0x01,0x10,0xF0,0x0D,0x8F,0xF0,0x5A,0x45,0x90,0x11,0x8A,0x15
0x01,0x01,0xF8,0x09,0x94,0xD9,0xDF,0x19,0x82,0xBA,0x0A,0x04
0x05,0x02,0xFD,0x09,0x00,0x42,0x01,0x2C,0xA9,0xFA,0xFF,0xFF
0x04,0x03,0xF9,0x0D,0x8C,0x3F,0xFF,0xFF,0xFF,0x7F,0xFF,0xFF
0x06,0x19,0xFF,0x1C,0x41,0x9F,0x01,0x0B,0x00,0x00,0x00,0x00
0x01,0x02,0xF8,0x09,0x90,0xFC,0x00,0x00,0x0A,0x00,0xFF,0xFF
0x05,0x02,0xFD,0x09,0x00,0x73,0x01,0xDC,0xA6,0xFA,0xFF,0xFF
0x03,0x03,0xF5,0x09,0x06,0x00,0x00,0xFF,0xFF,0x00,0xFF,0xFF
0x01,0x01,0xF8,0x09,0x96,0xD9,0xDF,0x19,0x83,0xBA,0x0A,0x04
0x0A,0x00,0xFF,0x08,0x13,0x99,0x04,0x05,0x00,0x00,0x02,0x00
0x05,0x02,0xFD,0x09,0x00,0x42,0x01,0xA3,0xA4,0xFA,0xFF,0xFF
0x01,0x01,0xF8,0x09,0x96,0xD9,0xDF,0x19,0x83,0xBA,0x0A,0x04
0x05,0x02,0xFD,0x09,0x00,0x73,0x01,0x52,0xA3,0xFA,0xFF,0xFF
0x03,0x03,0xF5,0x09,0x07,0x00,0x00,0xFF,0xFF,0x00,0xFF,0xFF
0x01,0x01,0xF8,0x09,0x96,0xD9,0xDF,0x19,0x83,0xBA,0x0A,0x04
0x01,0x02,0xF8,0x09,0x90,0xFC,0x00,0x00,0x05,0x00,0xFF,0xFF
0x01,0x04,0xFA,0x19,0x20,0x93,0x90,0xFE,0x0C,0x0A,0x97,0x0B
0x01,0x04,0xFA,0x19,0x21,0x72,0x6E,0x30,0x11,0x00,0x00,0x00
0x01,0x04,0xFA,0x19,0x22,0x00,0xF2,0x10,0xA2,0x2B,0x9F,0xD0
0x01,0x04,0xFA,0x19,0x23,0x10,0x0E,0x00,0x00,0x00,0x00,0xF2
0x01,0x04,0xFA,0x19,0x24,0x14,0x8B,0x18,0x21,0x60,0xD8,0x0E
0x01,0x04,0xFA,0x19,0x25,0x00,0x00,0x00,0x00,0xF2,0x15,0x16
0x01,0x04,0xFA,0x19,0x26,0x31,0x96,0x29,0x04,0x10,0x00,0x00
0x01,0x04,0xFA,0x19,0x27,0x00,0x00,0xF2,0x1A,0x2D,0x35,0x66
0x01,0x04,0xFA,0x19,0x28,0x8A,0x68,0x10,0x00,0x00,0x00,0x00
0x01,0x04,0xFA,0x19,0x29,0xF2,0x1B,0xD1,0x15,0xFC,0xC2,0xA0
0x01,0x04,0xFA,0x19,0x2A,0x0F,0x00,0x00,0x00,0x00,0xF2,0x1D
0x01,0x04,0xFA,0x19,0x2B,0xF4,0x0C,0x39,0x37,0x04,0x10,0x00
0x05,0x02,0xFD,0x09,0x00,0x73,0x01,0x1E,0xA3,0xFA,0xFF,0xFF
0x01,0x04,0xFA,0x19,0x2C,0x00,0x00,0x00,0xF2,0x1F,0x8B,0x09
0x01,0x04,0xFA,0x19,0x2D,0x09,0x89,0xE4,0x0C,0x00,0x00,0x00
0x01,0x04,0xFA,0x19,0x2E,0x00,0xF2,0x4A,0x8B,0x18,0x89,0x81
0x01,0x04,0xFA,0x19,0x2F,0x00,0x00,0x00,0x00,0x00,0x00,0xF2
0x01,0x04,0xFA,0x19,0x30,0x4C,0xB9,0x11,0xF0,0xDE,0xB8,0x0B
0x01,0x04,0xFA,0x19,0x31,0x00,0x00,0x00,0x00,0xF2,0x54,0x96
0x01,0x04,0xFA,0x19,0x32,0x1A,0xA2,0x1C,0xF0,0x0A,0x00,0x00
0x01,0x04,0xFA,0x19,0x33,0x00,0x00,0xF2,0x44,0x39,0x0A,0x7F
0x01,0x04,0xFA,0x19,0x34,0x16,0x48,0x0D,0x00,0x00,0x00,0x00
0x01,0x04,0xFA,0x19,0x35,0xF2,0xFF,0xFF,0xFF,0xFF,0xFF,0xFF
0x0A,0x00,0xFF,0x08,0x13,0x99,0x04,0x05,0x00,0x00,0x02,0x00
0x01,0x01,0xF8,0x09,0x96,0xD9,0xDF,0x19,0x83,0xBA,0x0A,0x04
0x01,0x05,0xF8,0x0D,0x60,0x2B,0x90,0x5A,0x45,0xA0,0x38,0x8A
0x01,0x05,0xF8,0x0D,0x61,0x15,0x40,0x5C,0xEC,0x17,0x39,0x3C
0x01,0x05,0xF8,0x0D,0x62,0x06,0x06,0xB8,0xE4,0xB5,0x02,0xA1
0x01,0x05,0xF8,0x0D,0x63,0xEA,0xF0,0x00,0x3C,0xDC,0x0D,0x03
0x01,0x05,0xF8,0x0D,0x64,0x00,0x00,0x00,0x00,0x10,0xFC,0x0C
0x01,0x05,0xF8,0x0D,0x65,0x46,0x00,0x82,0x00,0xFB,0x12,0x00
0x01,0x05,0xF8,0x0D,0x66,0x00,0xFF,0xFF,0xFF,0xFF,0xFF,0xFF
0x04,0x04,0xF9,0x0D,0x40,0x22,0x8C,0xFF,0xFF,0xFF,0xFF,0xFF
0x04,0x04,0xF9,0x0D,0x41,0xFF,0xFF,0xFF,0xFF,0xFF,0xFF,0xFF
0x04,0x04,0xF9,0x0D,0x42,0xFF,0xFF,0xFF,0xFF,0xFF,0xFF,0xFF
0x05,0x02,0xFD,0x09,0x00,0x42,0x01,0x97,0xA3,0xFA,0xFF,0xFF
0x04,0x04,0xF9,0x0D,0x43,0xFF,0xFF,0xFF,0xFF,0xFF,0xFF,0xFF
0x04,0x04,0xF9,0x0D,0x44,0x7F,0xFF,0xFF,0xFF,0x7F,0xFF,0x7F
0x01,0x03,0xFA,0x19,0x90,0xD7,0x46,0x00,0x6E,0x00,0xFF,0x7F
0x04,0x08,0xFF,0x0D,0x00,0x02,0x7D,0x99,0xFF,0xFF,0xFF,0xFF
0x03,0x03,0xF5,0x09,0x08,0x00,0x00,0xFF,0xFF,0x00,0xFF,0xFF
0x06,0x19,0xFF,0x1C,0x41,0x9F,0x01,0x03,0x00,0x00,0x00,0x00
0x01,0x01,0xF8,0x09,0x96,0xD9,0xDF,0x19,0x83,0xBA,0x0A,0x04
0x05,0x02,0xFD,0x09,0x00,0x73,0x01,0x16,0xA4,0xFA,0xFF,0xFF
0x00,0x0B,0xF5,0x0D,0xC4,0xD9,0x01,0x00,0x00,0x31,0xF8,0xFF
0x00,0x08,0xFD,0x15,0xC4,0x00,0x00,0xA8,0x74,0xFF,0xFF,0xFF
0x01,0x02,0xF8,0x09,0x90,0xFC,0x00,0x00,0x0A,0x00,0xFF,0xFF
0x0A,0x00,0xFF,0x08,0x13,0x99,0x04,0x05,0x00,0x00,0x02,0x00
0x01,0x01,0xF8,0x09,0x96,0xD9,0xDF,0x19,0x83,0xBA,0x0A,0x04
0x05,0x02,0xFD,0x09,0x00,0x73,0x01,0x85,0xA4,0xFA,0xFF,0xFF
0x03,0x03,0xF5,0x09,0x09,0x00,0x00,0xFF,0xFF,0x00,0xFF,0xFF
0x05,0x02,0xFD,0x09,0x00,0x42,0x01,0xF0,0xA4,0xFA,0xFF,0xFF
0x01,0x01,0xF8,0x09,0x96,0xD9,0xDF,0x19,0x83,0xBA,0x0A,0x04
0x01,0x1A,0xF1,0x1D,0x90,0xFF,0xFF,0xFF,0x5B,0x01,0xFF,0xFF
0x05,0x02,0xFD,0x09,0x00,0x73,0x01,0xA6,0xA4,0xFA,0xFF,0xFF
0x04,0x1A,0xF1,0x1D,0x8D,0xFF,0xFF,0xFF,0x5B,0x01,0xFF,0xFF
0x0A,0x00,0xFF,0x08,0x13,0x99,0x04,0x05,0x00,0x00,0x02,0x00
0x03,0x03,0xF5,0x09,0x0A,0x00,0x00,0xFF,0xFF,0x00,0xFF,0xFF
0x01,0x01,0xF8,0x09,0x96,0xD9,0xDF,0x19,0xB0,0xBA,0x0A,0x04
0x01,0x02,0xF8,0x09,0x90,0xFC,0x00,0x00,0x0A,0x00,0xFF,0xFF
0x03,0xFF,0xEF,0x1D,0x20,0x0F,0xE5,0x98,0x56,0x05,0x04,0x04
0x03,0xFF,0xEF,0x1D,0x21,0x03,0x00,0x00,0x00,0x01,0x00,0x00
0x03,0xFF,0xEF,0x1D,0x22,0x00,0x00,0xFF,0xFF,0xFF,0xFF,0xFF
0x01,0x10,0xF0,0x0D,0x90,0xF0,0x5A,0x45,0xA0,0x38,0x8A,0x15
0x05,0x02,0xFD,0x09,0x00,0x73,0x01,0xA7,0xA3,0xFA,0xFF,0xFF
0x01,0x01,0xF8,0x09,0x96,0xD9,0xDF,0x19,0xB0,0xBA,0x0A,0x04
0x04,0x03,0xF9,0x0D,0x8D,0x3F,0xFF,0xFF,0xFF,0x7F,0xFF,0xFF
0x06,0x19,0xFF,0x1C,0x41,0x9F,0x01,0x0B,0x00,0x00,0x00,0x00
0x05,0x02,0xFD,0x09,0x00,0x42,0x01,0xF4,0xA1,0xFA,0xFF,0xFF
0x03,0x03,0xF5,0x09,0x0B,0x00,0x00,0xFF,0xFF,0x00,0xFF,0xFF
0x01,0x01,0xF8,0x09,0x96,0xD9,0xDF,0x19,0xB0,0xBA,0x0A,0x04
0x0A,0x00,0xFF,0x08,0x13,0x99,0x04,0x05,0x00,0x00,0x02,0x00
0x05,0x02,0xFD,0x09,0x00,0x42,0x01,0x16,0xA1,0xFA,0xFF,0xFF
0x01,0x01,0xF8,0x09,0x94,0xD9,0xDF,0x19,0xB0,0xBA,0x0A,0x04
0x01,0x02,0xF8,0x09,0x91,0xFC,0x00,0x00,0x0A,0x00,0xFF,0xFF
0x05,0x02,0xFD,0x09,0x00,0x42,0x01,0xFA,0x9F,0xFA,0xFF,0xFF
0x03,0x03,0xF5,0x09,0x0C,0x00,0x00,0xFF,0xFF,0x00,0xFF,0xFF
0x01,0x01,0xF8,0x09,0x94,0xD9,0xDF,0x19,0xB0,0xBA,0x0A,0x04
0x05,0x02,0xFD,0x09,0x00,0x42,0x01,0x73,0x9F,0xFA,0xFF,0xFF
0x01,0x04,0xFA,0x19,0x40,0x93,0x91,0xFE,0x0C,0x0A,0x97,0x0B
0x01,0x04,0xFA,0x19,0x41,0x72,0x6E,0x30,0x11,0x00,0x00,0x00
0x01,0x04,0xFA,0x19,0x42,0x00,0xF2,0x10,0xA2,0x2B,0x9F,0xD0
0x01,0x04,0xFA,0x19,0x43,0x10,0x0E,0x00,0x00,0x00,0x00,0xF2
0x01,0x04,0xFA,0x19,0x44,0x14,0x8B,0x18,0x21,0x60,0xD8,0x0E
0x01,0x04,0xFA,0x19,0x45,0x00,0x00,0x00,0x00,0xF2,0x15,0x16
0x01,0x04,0xFA,0x19,0x46,0x31,0x96,0x29,0x04,0x10,0x00,0x00
0x01,0x04,0xFA,0x19,0x47,0x00,0x00,0xF2,0x1A,0x2D,0x35,0x66
0x01,0x04,0xFA,0x19,0x48,0x8A,0xCC,0x10,0x00,0x00,0x00,0x00
0x01,0x04,0xFA,0x19,0x49,0xF2,0x1B,0xD1,0x15,0xFC,0xC2,0xA0
0x01,0x04,0xFA,0x19,0x4A,0x0F,0x00,0x00,0x00,0x00,0xF2,0x1D
0x01,0x04,0xFA,0x19,0x4B,0xF4,0x0C,0x39,0x37,0x04,0x10,0x00
0x01,0x04,0xFA,0x19,0x4C,0x00,0x00,0x00,0xF2,0x1F,0x8B,0x09
0x01,0x04,0xFA,0x19,0x4D,0x09,0x89,0xE4,0x0C,0x00,0x00,0x00
0x01,0x04,0xFA,0x19,0x4E,0x00,0xF2,0x4A,0x8B,0x18,0x89,0x81
0x01,0x04,0xFA,0x19,0x4F,0x00,0x00,0x00,0x00,0x00,0x00,0xF2
0x01,0x04,0xFA,0x19,0x50,0x4C,0xB9,0x11,0xF0,0xDE,0x1C,0x0C
0x01,0x04,0xFA,0x19,0x51,0x00,0x00,0x00,0x00,0xF2,0x54,0x96
0x01,0x04,0xFA,0x19,0x52,0x1A,0xA2,0x1C,0x54,0x0B,0x00,0x00
0x01,0x04,0xFA,0x19,0x53,0x00,0x00,0xF2,0x44,0x39,0x0A,0x7F
0x01,0x04,0xFA,0x19,0x54,0x16,0x48,0x0D,0x00,0x00,0x00,0x00
0x01,0x04,0xFA,0x19,0x55,0xF2,0xFF,0xFF,0xFF,0xFF,0xFF,0xFF
0x0A,0x00,0xFF,0x08,0x13,0x99,0x04,0x05,0x00,0x00,0x02,0x00
0x01,0x01,0xF8,0x09,0x94,0xD9,0xDF,0x19,0xB0,0xBA,0x0A,0x04
0x01,0x02,0xF8,0x09,0x91,0xFC,0x00,0x00,0x0A,0x00,0xFF,0xFF
0x05,0x02,0xFD,0x09,0x00,0x42,0x01,0xD0,0x9F,0xFA,0xFF,0xFF
0x01,0x05,0xF8,0x0D,0x80,0x2B,0x91,0x5A,0x45,0xB0,0x5F,0x8A
0x01,0x05,0xF8,0x0D,0x81,0x15,0x80,0x0B,0x95,0xB4,0x38,0x3C
0x01,0x05,0xF8,0x0D,0x82,0x06,0x06,0xA8,0x66,0xEB,0x7C,0xAB
0x01,0x05,0xF8,0x0D,0x83,0xEA,0xF0,0x00,0x90,0x9F,0x0E,0x03
0x01,0x05,0xF8,0x0D,0x84,0x00,0x00,0x00,0x00,0x10,0xFC,0x0C
0x01,0x05,0xF8,0x0D,0x85,0x50,0x00,0x78,0x00,0xFB,0x12,0x00
0x01,0x05,0xF8,0x0D,0x86,0x00,0xFF,0xFF,0xFF,0xFF,0xFF,0xFF
0x03,0x03,0xF5,0x09,0x0D,0x00,0x00,0xFF,0xFF,0x00,0xFF,0xFF
0x01,0x01,0xF8,0x09,0x96,0xD9,0xDF,0x19,0xB0,0xBA,0x0A,0x04
0x04,0x04,0xF9,0x0D,0x60,0x22,0x8D,0xFF,0xFF,0xFF,0xFF,0xFF
0x04,0x04,0xF9,0x0D,0x61,0xFF,0xFF,0xFF,0xFF,0xFF,0xFF,0xFF
0x04,0x04,0xF9,0x0D,0x62,0xFF,0xFF,0xFF,0xFF,0xFF,0xFF,0xFF
0x04,0x04,0xF9,0x0D,0x63,0xFF,0xFF,0xFF,0xFF,0xFF,0xFF,0xFF
0x04,0x04,0xF9,0x0D,0x64,0x7F,0xFF,0xFF,0xFF,0x7F,0xFF,0x7F
0x01,0x03,0xFA,0x19,0x91,0xD7,0x46,0x00,0x64,0x00,0xFF,0x7F
0x04,0x08,0xFF,0x0D,0x20,0x02,0x7D,0x99,0xFF,0xFF,0xFF,0xFF
0x06,0x19,0xFF,0x1C,0x41,0x9F,0x01,0x03,0x00,0x00,0x00,0x00
0x05,0x02,0xFD,0x09,0x00,0x42,0x01,0x1B,0xA1,0xFA,0xFF,0xFF
0x00,0x0B,0xF5,0x0D,0xC5,0xD6,0x01,0x00,0x00,0x31,0xF8,0xFF
0x01,0x01,0xF8,0x09,0x94,0xD9,0xDF,0x19,0xB0,0xBA,0x0A,0x04
0x0A,0x00,0xFF,0x08,0x13,0x99,0x04,0x05,0x00,0x00,0x02,0x00
0x05,0x02,0xFD,0x09,0x00,0x42,0x01,0xE7,0xA2,0xFA,0xFF,0xFF
0x03,0x03,0xF5,0x09,0x0E,0x00,0x00,0xFF,0xFF,0x00,0xFF,0xFF
0x01,0x02,0xF8,0x09,0x91,0xFC,0x00,0x00,0x05,0x00,0xFF,0xFF
0x01,0x01,0xF8,0x09,0x94,0xD9,0xDF,0x19,0xB0,0xBA,0x0A,0x04
0x05,0x02,0xFD,0x09,0x00,0x42,0x01,0xBB,0xA3,0xFA,0xFF,0xFF
0x01,0x1A,0xF1,0x1D,0x91,0xFF,0xFF,0xFF,0x5B,0x01,0xFF,0xFF
0x04,0x1A,0xF1,0x1D,0x8E,0xFF,0xFF,0xFF,0x5B,0x01,0xFF,0xFF
0x01,0x01,0xF8,0x09,0x94,0xD9,0xDF,0x19,0xB0,0xBA,0x0A,0x04
0x05,0x02,0xFD,0x09,0x00,0x42,0x01,0x2C,0xA4,0xFA,0xFF,0xFF
0x0A,0x00,0xFF,0x08,0x13,0x99,0x04,0x05,0x00,0x00,0x02,0x00
0x03,0x03,0xF5,0x09,0x0F,0x00,0x00,0xFF,0xFF,0x00,0xFF,0xFF
0x03,0x08,0xFD,0x09,0x0F,0x01,0x00,0xF3,0x74,0xFF,0xFF,0xFF
0x03,0xFF,0xEF,0x1D,0x40,0x0F,0xE5,0x98,0x56,0x05,0x04,0x04
0x03,0xFF,0xEF,0x1D,0x41,0x03,0x00,0x00,0x00,0x01,0x00,0x00
0x03,0xFF,0xEF,0x1D,0x42,0x00,0x00,0xFF,0xFF,0xFF,0xFF,0xFF
0x01,0x10,0xF0,0x0D,0x91,0xF0,0x5A,0x45,0xB0,0x5F,0x8A,0x15
0x01,0x01,0xF8,0x09,0x8C,0xD9,0xDF,0x19,0xD0,0xBA,0x0A,0x04
0x01,0x02,0xF8,0x09,0x92,0xFC,0x00,0x00,0x0A,0x00,0xFF,0xFF
0x05,0x02,0xFD,0x09,0x00,0x42,0x01,0x92,0xA4,0xFA,0xFF,0xFF
0x04,0x03,0xF9,0x0D,0x8E,0x3F,0xFF,0xFF,0xFF,0x7F,0xFF,0xFF
0x06,0x19,0xFF,0x1C,0x41,0x9F,0x01,0x0B,0x00,0x00,0x00,0x00
0x01,0x01,0xF8,0x09,0x8C,0xD9,0xDF,0x19,0xD0,0xBA,0x0A,0x04
0x05,0x02,0xFD,0x09,0x00,0x42,0x01,0xF0,0xA4,0xFA,0xFF,0xFF
0x03,0x03,0xF5,0x09,0x10,0x00,0x00,0xFF,0xFF,0x00,0xFF,0xFF
0x0A,0x00,0xFF,0x08,0x13,0x99,0x04,0x05,0x00,0x00,0x02,0x00
0x01,0x01,0xF8,0x09,0x8C,0xD9,0xDF,0x19,0xD0,0xBA,0x0A,0x04
0x05,0x02,0xFD,0x09,0x00,0x42,0x01,0xCD,0xA4,0xFA,0xFF,0xFF
0x01,0x02,0xF8,0x09,0x92,0xFC,0x79,0x2A,0x0F,0x00,0xFF,0xFF
0x01,0x01,0xF8,0x09,0x8C,0xD9,0xDF,0x19,0xD0,0xBA,0x0A,0x04
0x05,0x02,0xFD,0x09,0x00,0x11,0x01,0x89,0xA4,0xFA,0xFF,0xFF
0x03,0x03,0xF5,0x09,0x11,0x00,0x00,0xFF,0xFF,0x00,0xFF,0xFF
0x01,0x01,0xF8,0x09,0x8C,0xD9,0xDF,0x19,0xD0,0xBA,0x0A,0x04
0x05,0x02,0xFD,0x09,0x00,0x11,0x01,0x81,0xA4,0xFA,0xFF,0xFF
0x0A,0x00,0xFF,0x08,0x13,0x99,0x04,0x05,0x00,0x00,0x02,0x00
0x01,0x04,0xFA,0x19,0x60,0x93,0x92,0xFE,0x0C,0x0A,0x97,0x0B
0x01,0x04,0xFA,0x19,0x61,0x72,0x6E,0x30,0x11,0x00,0x00,0x00
0x01,0x04,0xFA,0x19,0x62,0x00,0xF2,0x10,0xA2,0x2B,0x9F,0xD0
0x01,0x04,0xFA,0x19,0x63,0x10,0x0E,0x00,0x00,0x00,0x00,0xF2
0x01,0x04,0xFA,0x19,0x64,0x14,0x8B,0x18,0x21,0x60,0x74,0x0E
0x01,0x04,0xFA,0x19,0x65,0x00,0x00,0x00,0x00,0xF2,0x15,0x16
0x01,0x04,0xFA,0x19,0x66,0x31,0x96,0x29,0xA0,0x0F,0x00,0x00
0x01,0x04,0xFA,0x19,0x67,0x00,0x00,0xF2,0x1A,0x2D,0x35,0x66
0x01,0x04,0xFA,0x19,0x68,0x8A,0x68,0x10,0x00,0x00,0x00,0x00
0x01,0x04,0xFA,0x19,0x69,0xF2,0x1B,0xD1,0x15,0xFC,0xC2,0x3C
0x01,0x04,0xFA,0x19,0x6A,0x0F,0x00,0x00,0x00,0x00,0xF2,0x1D
0x01,0x04,0xFA,0x19,0x6B,0xF4,0x0C,0x39,0x37,0x04,0x10,0x00
0x01,0x04,0xFA,0x19,0x6C,0x00,0x00,0x00,0xF2,0x1F,0x8B,0x09
0x01,0x04,0xFA,0x19,0x6D,0x09,0x89,0x48,0x0D,0x00,0x00,0x00
0x01,0x04,0xFA,0x19,0x6E,0x00,0xF2,0x4A,0x8B,0x18,0x89,0x81
0x01,0x04,0xFA,0x19,0x6F,0x00,0x00,0x00,0x00,0x00,0x00,0xF2
0x01,0x04,0xFA,0x19,0x70,0x4C,0xB9,0x11,0xF0,0xDE,0x1C,0x0C
0x01,0x04,0xFA,0x19,0x71,0x00,0x00,0x00,0x00,0xF2,0x54,0x96
0x01,0x04,0xFA,0x19,0x72,0x1A,0xA2,0x1C,0x54,0x0B,0x00,0x00
0x01,0x04,0xFA,0x19,0x73,0x00,0x00,0xF2,0x44,0x39,0x0A,0x7F
0x01,0x04,0xFA,0x19,0x74,0x16,0x48,0x0D,0x00,0x00,0x00,0x00
0x01,0x04,0xFA,0x19,0x75,0xF2,0xFF,0xFF,0xFF,0xFF,0xFF,0xFF
0x01,0x01,0xF8,0x09,0x8C,0xD9,0xDF,0x19,0xD0,0xBA,0x0A,0x04
0x01,0x02,0xF8,0x09,0x92,0xFC,0x33,0x27,0x0F,0x00,0xFF,0xFF
0x01,0x05,0xF8,0x0D,0xA0,0x2B,0x92,0x5A,0x45,0xC0,0x86,0x8A
0x01,0x05,0xF8,0x0D,0xA1,0x15,0x40,0x78,0xE0,0xC3,0x36,0x3C
0x01,0x05,0xF8,0x0D,0xA2,0x06,0x06,0x50,0x63,0x66,0xDC,0xB2
0x01,0x05,0xF8,0x0D,0xA3,0xEA,0xF0,0x00,0x54,0x03,0x0E,0x03
0x01,0x05,0xF8,0x0D,0xA4,0x00,0x00,0x00,0x00,0x10,0xFC,0x0C
0x01,0x05,0xF8,0x0D,0xA5,0x46,0x00,0x78,0x00,0xFB,0x12,0x00
0x01,0x05,0xF8,0x0D,0xA6,0x00,0xFF,0xFF,0xFF,0xFF,0xFF,0xFF
0x05,0x02,0xFD,0x09,0x00,0x42,0x01,0x5E,0xA4,0xFA,0xFF,0xFF
0x03,0x03,0xF5,0x09,0x12,0x00,0x00,0xFF,0xFF,0x00,0xFF,0xFF
0x06,0x19,0xFF,0x1C,0x41,0x9F,0x01,0x03,0x00,0x00,0x00,0x00
0x05,0x02,0xFD,0x09,0x00,0x11,0x01,0x51,0xA4,0xFA,0xFF,0xFF
0x01,0x01,0xF8,0x09,0x8C,0xD9,0xDF,0x19,0xD0,0xBA,0x0A,0x04
0x04,0x04,0xF9,0x0D,0x80,0x22,0x8E,0xFF,0xFF,0xFF,0xFF,0xFF
0x04,0x04,0xF9,0x0D,0x81,0xFF,0xFF,0xFF,0xFF,0xFF,0xFF,0xFF
0x04,0x04,0xF9,0x0D,0x82,0xFF,0xFF,0xFF,0xFF,0xFF,0xFF,0xFF
0x04,0x04,0xF9,0x0D,0x83,0xFF,0xFF,0xFF,0xFF,0xFF,0xFF,0xFF
0x04,0x04,0xF9,0x0D,0x84,0x7F,0xFF,0xFF,0xFF,0x7F,0xFF,0x7F
0x01,0x03,0xFA,0x19,0x92,0xD7,0x46,0x00,0x64,0x00,0xFF,0x7F
0x04,0x08,0xFF,0x0D,0x40,0x02,0x7D,0x99,0xFF,0xFF,0xFF,0xFF
0x00,0x0B,0xF5,0x0D,0xC6,0xD6,0x01,0x00,0x00,0x31,0xF8,0xFF
0x00,0x08,0xFD,0x15,0xC6,0x00,0x00,0xA8,0x74,0xFF,0xFF,0xFF
0x0A,0x00,0xFF,0x08,0x13,0x99,0x04,0x05,0x00,0x00,0x02,0x00
0x01,0x01,0xF8,0x09,0x8C,0xD9,0xDF,0x19,0xD2,0xBA,0x0A,0x04
0x04,0x05,0xF9,0x1D,0x20,0x27,0xFF,0xFF,0x02,0x00,0xFF,0xFF
0x04,0x05,0xF9,0x1D,0x21,0xFF,0xFF,0xE7,0x03,0x01,0x00,0xFF
0x04,0x05,0xF9,0x1D,0x22,0x00,0x00,0x03,0x01,0x00,0xFF,0xFF
0x04,0x05,0xF9,0x1D,0x23,0xFF,0x7F,0xFF,0xFF,0xFF,0x7F,0x01
0x04,0x05,0xF9,0x1D,0x24,0x00,0x03,0x01,0x00,0xFF,0xFF,0xFF
0x04,0x05,0xF9,0x1D,0x25,0x7F,0xFF,0xFF,0xFF,0x7F,0xFF,0xFF
0x05,0x02,0xFD,0x09,0x00,0x11,0x01,0x85,0xA4,0xFA,0xFF,0xFF
0x03,0x03,0xF5,0x09,0x13,0x00,0x00,0xFF,0xFF,0x00,0xFF,0xFF
0x01,0x02,0xF8,0x09,0x92,0xFC,0x00,0x00,0x0A,0x00,0xFF,0xFF
0x01,0x01,0xF8,0x09,0x8C,0xD9,0xDF,0x19,0xD2,0xBA,0x0A,0x04
0x05,0x02,0xFD,0x09,0x00,0x42,0x01,0x5E,0xA4,0xFA,0xFF,0xFF
0x01,0x1A,0xF1,0x1D,0x92,0xFF,0xFF,0xFF,0x5B,0x01,0xFF,0xFF
0x04,0x1A,0xF1,0x1D,0x8F,0xFF,0xFF,0xFF,0x5B,0x01,0xFF,0xFF
0x05,0x02,0xFD,0x09,0x00,0x42,0x01,0xF4,0xA4,0xFA,0xFF,0xFF
0x0A,0x00,0xFF,0x08,0x13,0x99,0x04,0x05,0x00,0x00,0x02,0x00
0x03,0x03,0xF5,0x09,0x14,0x00,0x00,0xFF,0xFF,0x00,0xFF,0xFF
0x01,0x01,0xF8,0x09,0x8D,0xD9,0xDF,0x19,0xF0,0xBA,0x0A,0x04
0x03,0xFF,0xEF,0x1D,0x60,0x0F,0xE5,0x98,0x56,0x05,0x04,0x04
0x03,0xFF,0xEF,0x1D,0x61,0x03,0x00,0x00,0x00,0x01,0x00,0x00
0x03,0xFF,0xEF,0x1D,0x62,0x00,0x00,0xFF,0xFF,0xFF,0xFF,0xFF
0x01,0x10,0xF0,0x0D,0x92,0xF0,0x5A,0x45,0xC0,0x86,0x8A,0x15
0x05,0x02,0xFD,0x09,0x00,0x11,0x01,0x8D,0xA5,0xFA,0xFF,0xFF
0x01,0x01,0xF8,0x09,0x8D,0xD9,0xDF,0x19,0xF0,0xBA,0x0A,0x04
0x01,0x02,0xF8,0x09,0x93,0xFC,0x00,0x00,0x05,0x00,0xFF,0xFF
0x06,0x19,0xFF,0x1C,0x41,0x9F,0x01,0x0B,0x00,0x00,0x00,0x00
0x04,0x03,0xF9,0x0D,0x8F,0x3F,0xFF,0xFF,0xFF,0x7F,0xFF,0xFF
0x05,0x02,0xFD,0x09,0x00,0x42,0x01,0x43,0xA6,0xFA,0xFF,0xFF
0x03,0x03,0xF5,0x09,0x15,0x00,0x00,0xFF,0xFF,0x00,0xFF,0xFF
0x01,0x01,0xF8,0x09,0x8D,0xD9,0xDF,0x19,0xF1,0xBA,0x0A,0x04
0x0A,0x00,0xFF,0x08,0x13,0x99,0x04,0x05,0x00,0x00,0x02,0x00
0x05,0x02,0xFD,0x09,0x00,0x42,0x01,0xE4,0xA6,0xFA,0xFF,0xFF
0x01,0x01,0xF8,0x09,0x8D,0xD9,0xDF,0x19,0xF1,0xBA,0x0A,0x04
0x01,0x02,0xF8,0x09,0x93,0xFC,0x00,0x00,0x00,0x00,0xFF,0xFF
0x05,0x02,0xFD,0x09,0x00,0x11,0x01,0xA0,0xA6,0xFA,0xFF,0xFF
0x03,0x03,0xF5,0x09,0x16,0x00,0x00,0xFF,0xFF,0x00,0xFF,0xFF
0x01,0x01,0xF8,0x09,0x8D,0xD9,0xDF,0x19,0xF1,0xBA,0x0A,0x04
0x05,0x02,0xFD,0x09,0x00,0x11,0x01,0xAA,0xA5,0xFA,0xFF,0xFF
0x0A,0x00,0xFF,0x08,0x13,0x99,0x04,0x05,0x00,0x00,0x02,0x00
0x01,0x04,0xFA,0x19,0x80,0x93,0x93,0xFE,0x0C,0x0A,0x97,0x0B
0x01,0x04,0xFA,0x19,0x81,0x72,0x6E,0x30,0x11,0x00,0x00,0x00
0x01,0x04,0xFA,0x19,0x82,0x00,0xF2,0x10,0xA2,0x2B,0x9F,0xD0
0x01,0x04,0xFA,0x19,0x83,0x10,0x0E,0x00,0x00,0x00,0x00,0xF2
0x01,0x04,0xFA,0x19,0x84,0x14,0x8B,0x18,0x21,0x60,0xD8,0x0E
0x01,0x04,0xFA,0x19,0x85,0x00,0x00,0x00,0x00,0xF2,0x15,0x16
0x01,0x04,0xFA,0x19,0x86,0x31,0x96,0x29,0xA0,0x0F,0x00,0x00
0x01,0x04,0xFA,0x19,0x87,0x00,0x00,0xF2,0x1A,0x2D,0x35,0x66
0x01,0x04,0xFA,0x19,0x88,0x8A,0xCC,0x10,0x00,0x00,0x00,0x00
0x01,0x04,0xFA,0x19,0x89,0xF2,0x1B,0xD1,0x15,0xFC,0xC2,0x3C
0x01,0x04,0xFA,0x19,0x8A,0x0F,0x00,0x00,0x00,0x00,0xF2,0x1D
0x01,0x04,0xFA,0x19,0x8B,0xF4,0x0C,0x39,0x37,0x04,0x10,0x00
0x01,0x04,0xFA,0x19,0x8C,0x00,0x00,0x00,0xF2,0x1F,0x8B,0x09
0x01,0x04,0xFA,0x19,0x8D,0x09,0x89,0x10,0x0E,0x00,0x00,0x00
0x01,0x04,0xFA,0x19,0x8E,0x00,0xF2,0x4A,0xDC,0x17,0x89,0x81
0x01,0x04,0xFA,0x19,0x8F,0x00,0x00,0x00,0x00,0x00,0x00,0xF2
0x01,0x04,0xFA,0x19,0x90,0x4C,0xB9,0x11,0xF0,0xDE,0x1C,0x0C
0x01,0x04,0xFA,0x19,0x91,0x00,0x00,0x00,0x00,0xF2,0x54,0x96
0x01,0x04,0xFA,0x19,0x92,0x1A,0xA2,0x1C,0x54,0x0B,0x00,0x00
0x01,0x04,0xFA,0x19,0x93,0x00,0x00,0xF2,0x44,0x39,0x0A,0x7F
0x01,0x04,0xFA,0x19,0x94,0x16,0x48,0x0D,0x00,0x00,0x00,0x00
0x01,0x04,0xFA,0x19,0x95,0xF2,0xFF,0xFF,0xFF,0xFF,0xFF,0xFF
0x01,0x01,0xF8,0x09,0x8D,0xD9,0xDF,0x19,0xF1,0xBA,0x0A,0x04
0x01,0x05,0xF8,0x0D,0xC0,0x2B,0x93,0x5A,0x45,0xD0,0xAD,0x8A
0x01,0x05,0xF8,0x0D,0xC1,0x15,0xC0,0xC8,0x37,0x27,0x37,0x3C
0x05,0x02,0xFD,0x09,0x00,0x42,0x01,0x64,0xA4,0xFA,0xFF,0xFF
0x01,0x05,0xF8,0x0D,0xC2,0x06,0x06,0xA0,0xB0,0x38,0x9F,0xBA
0x01,0x05,0xF8,0x0D,0xC3,0xEA,0xF0,0x00,0xB0,0x7C,0x0C,0x03
0x01,0x05,0xF8,0x0D,0xC4,0x00,0x00,0x00,0x00,0x10,0xFC,0x0C
0x01,0x05,0xF8,0x0D,0xC5,0x46,0x00,0x78,0x00,0xFB,0x12,0x00
0x01,0x05,0xF8,0x0D,0xC6,0x00,0xFF,0xFF,0xFF,0xFF,0xFF,0xFF
0x03,0x03,0xF5,0x09,0x17,0x00,0x00,0xFF,0xFF,0x00,0xFF,0xFF
0x01,0x02,0xF8,0x09,0x93,0xFC,0x00,0x00,0x00,0x00,0xFF,0xFF
0x06,0x19,0xFF,0x1C,0x41,0x9F,0x01,0x03,0x00,0x00,0x00,0x00
0x01,0x01,0xF8,0x09,0x8D,0xD9,0xDF,0x19,0xF1,0xBA,0x0A,0x04
0x04,0x04,0xF9,0x0D,0xA0,0x22,0x8F,0xFF,0xFF,0xFF,0xFF,0xFF
0x04,0x04,0xF9,0x0D,0xA1,0xFF,0xFF,0xFF,0xFF,0xFF,0xFF,0xFF
0x04,0x04,0xF9,0x0D,0xA2,0xFF,0xFF,0xFF,0xFF,0xFF,0xFF,0xFF
0x04,0x04,0xF9,0x0D,0xA3,0xFF,0xFF,0xFF,0xFF,0xFF,0xFF,0xFF
0x04,0x04,0xF9,0x0D,0xA4,0x7F,0xFF,0xFF,0xFF,0x7F,0xFF,0x7F
0x01,0x03,0xFA,0x19,0x93,0xD7,0x46,0x00,0x64,0x00,0xFF,0x7F
0x04,0x08,0xFF,0x0D,0x60,0x02,0x7D,0x99,0xFF,0xFF,0xFF,0xFF
0x05,0x02,0xFD,0x09,0x00,0x11,0x01,0x63,0xA3,0xFA,0xFF,0xFF
0x00,0x0B,0xF5,0x0D,0xC7,0xCE,0x01,0x00,0x00,0x31,0xF8,0xFF
0x0A,0x00,0xFF,0x08,0x13,0x99,0x04,0x05,0x00,0x00,0x02,0x00
0x01,0x01,0xF8,0x09,0x8C,0xD9,0xDF,0x19,0xF1,0xBA,0x0A,0x04
0x05,0x02,0xFD,0x09,0x00,0x11,0x01,0x1B,0xA3,0xFA,0xFF,0xFF
0x03,0x03,0xF5,0x09,0x18,0x00,0x00,0xFF,0xFF,0x00,0xFF,0xFF
0x01,0x01,0xF8,0x09,0x8C,0xD9,0xDF,0x19,0xF1,0xBA,0x0A,0x04
0x05,0x02,0xFD,0x09,0x00,0x42,0x01,0x56,0xA3,0xFA,0xFF,0xFF
0x01,0x02,0xF8,0x09,0x93,0xFC,0x00,0x00,0x00,0x00,0xFF,0xFF
0x01,0x1A,0xF1,0x1D,0x93,0xFF,0xFF,0xFF,0x5B,0x01,0xFF,0xFF
0x04,0x1A,0xF1,0x1D,0x90,0xFF,0xFF,0xFF,0x5B,0x01,0xFF,0xFF
0x01,0x01,0xF8,0x09,0x8C,0xD9,0xDF,0x19,0xF1,0xBA,0x0A,0x04
0x05,0x02,0xFD,0x09,0x00,0x42,0x01,0x4E,0xA4,0xFA,0xFF,0xFF
0x0A,0x00,0xFF,0x08,0x13,0x99,0x04,0x05,0x00,0x00,0x02,0x00
0x03,0x03,0xF5,0x09,0x19,0x00,0x00,0xFF,0xFF,0x00,0xFF,0xFF
0x03,0x08,0xFD,0x09,0x19,0x01,0x00,0xF3,0x74,0xFF,0xFF,0xFF
0x03,0xFF,0xEF,0x1D,0x80,0x0F,0xE5,0x98,0x56,0x05,0x04,0x04
0x03,0xFF,0xEF,0x1D,0x81,0x03,0x00,0x00,0x00,0x01,0x00,0x00
0x03,0xFF,0xEF,0x1D,0x82,0x00,0x00,0xFF,0xFF,0xFF,0xFF,0xFF
0x01,0x10,0xF0,0x0D,0x93,0xF0,0x5A,0x45,0xD0,0xAD,0x8A,0x15
0x01,0x01,0xF8,0x09,0x8A,0xD9,0xDF,0x19,0x12,0xBB,0x0A,0x04
0x05,0x02,0xFD,0x09,0x00,0x42,0x01,0xE7,0xA4,0xFA,0xFF,0xFF
0x01,0x02,0xF8,0x09,0x94,0xFC,0x00,0x00,0x05,0x00,0xFF,0xFF
0x06,0x19,0xFF,0x1C,0x41,0x9F,0x01,0x0B,0x00,0x00,0x00,0x00
0x01,0x01,0xF8,0x09,0x8A,0xD9,0xDF,0x19,0x12,0xBB,0x0A,0x04
0x04,0x03,0xF9,0x0D,0x90,0x3F,0xFF,0xFF,0xFF,0x7F,0xFF,0xFF
0x05,0x02,0xFD,0x09,0x00,0x42,0x01,0xC0,0xA5,0xFA,0xFF,0xFF
0x03,0x03,0xF5,0x09,0x1A,0x00,0x00,0xFF,0xFF,0x00,0xFF,0xFF
0x0A,0x00,0xFF,0x08,0x13,0x99,0x04,0x05,0x00,0x00,0x02,0x00
0x01,0x01,0xF8,0x09,0x8A,0xD9,0xDF,0x19,0x12,0xBB,0x0A,0x04
0x05,0x02,0xFD,0x09,0x00,0x42,0x01,0xDC,0xA6,0xFA,0xFF,0xFF
0x01,0x01,0xF8,0x09,0x88,0xD9,0xDF,0x19,0x12,0xBB,0x0A,0x04
0x01,0x02,0xF8,0x09,0x94,0xFC,0x00,0x00,0x0A,0x00,0xFF,0xFF
0x05,0x02,0xFD,0x09,0x00,0x42,0x01,0x3B,0xA8,0xFA,0xFF,0xFF
0x03,0x03,0xF5,0x09,0x1B,0x00,0x00,0xFF,0xFF,0x00,0xFF,0xFF
0x01,0x01,0xF8,0x09,0x88,0xD9,0xDF,0x19,0x12,0xBB,0x0A,0x04
0x05,0x02,0xFD,0x09,0x00,0x42,0x01,0xA3,0xA8,0xFA,0xFF,0xFF
0x0A,0x00,0xFF,0x08,0x13,0x99,0x04,0x05,0x00,0x00,0x02,0x00
0x01,0x04,0xFA,0x19,0xA0,0x93,0x94,0xFE,0x0C,0x0A,0x97,0x0B
0x01,0x04,0xFA,0x19,0xA1,0x72,0x6E,0x30,0x11,0x00,0x00,0x00
0x01,0x04,0xFA,0x19,0xA2,0x00,0xF2,0x10,0xA2,0x2B,0x9F,0xD0
0x01,0x04,0xFA,0x19,0xA3,0x10,0x0E,0x00,0x00,0x00,0x00,0xF2
0x01,0x04,0xFA,0x19,0xA4,0x14,0x8B,0x18,0x21,0x60,0xD8,0x0E
0x01,0x04,0xFA,0x19,0xA5,0x00,0x00,0x00,0x00,0xF2,0x15,0x16
0x01,0x04,0xFA,0x19,0xA6,0x31,0x96,0x29,0xA0,0x0F,0x00,0x00
0x01,0x04,0xFA,0x19,0xA7,0x00,0x00,0xF2,0x1A,0x2D,0x35,0x66
0x01,0x04,0xFA,0x19,0xA8,0x8A,0xCC,0x10,0x00,0x00,0x00,0x00
0x01,0x04,0xFA,0x19,0xA9,0xF2,0x1B,0xD1,0x15,0xFC,0xC2,0xA0
0x01,0x04,0xFA,0x19,0xAA,0x0F,0x00,0x00,0x00,0x00,0xF2,0x1D
0x01,0x04,0xFA,0x19,0xAB,0xF4,0x0C,0x39,0x37,0xA0,0x0F,0x00
0x01,0x04,0xFA,0x19,0xAC,0x00,0x00,0x00,0xF2,0x1F,0x8B,0x09
0x01,0x04,0xFA,0x19,0xAD,0x09,0x89,0x10,0x0E,0x00,0x00,0x00
0x01,0x04,0xFA,0x19,0xAE,0x00,0xF2,0x4A,0xDC,0x17,0x89,0x81
0x01,0x04,0xFA,0x19,0xAF,0x00,0x00,0x00,0x00,0x00,0x00,0xF2
0x01,0x04,0xFA,0x19,0xB0,0x4C,0xB9,0x11,0xF0,0xDE,0x1C,0x0C
0x01,0x04,0xFA,0x19,0xB1,0x00,0x00,0x00,0x00,0xF2,0x54,0x96
0x01,0x04,0xFA,0x19,0xB2,0x1A,0xA2,0x1C,0xB8,0x0B,0x00,0x00
0x01,0x04,0xFA,0x19,0xB3,0x00,0x00,0xF2,0x44,0x39,0x0A,0x7F
0x01,0x04,0xFA,0x19,0xB4,0x16,0xE4,0x0C,0x00,0x00,0x00,0x00
0x01,0x04,0xFA,0x19,0xB5,0xF2,0xFF,0xFF,0xFF,0xFF,0xFF,0xFF
0x01,0x01,0xF8,0x09,0x88,0xD9,0xDF,0x19,0x12,0xBB,0x0A,0x04
0x01,0x05,0xF8,0x0D,0xE0,0x2B,0x94,0x5A,0x45,0xE0,0xD4,0x8A
0x01,0x05,0xF8,0x0D,0xE1,0x15,0x80,0xD6,0x31,0xFD,0x35,0x3C
0x01,0x05,0xF8,0x0D,0xE2,0x06,0x06,0xF8,0xFD,0x0A,0x62,0xC2
0x05,0x02,0xFD,0x09,0x00,0x42,0x01,0x4C,0xA8,0xFA,0xFF,0xFF
0x01,0x05,0xF8,0x0D,0xE3,0xEA,0xF0,0x00,0xFC,0xCE,0x0A,0x03
0x01,0x05,0xF8,0x0D,0xE4,0x00,0x00,0x00,0x00,0x10,0xFC,0x0C
0x01,0x05,0xF8,0x0D,0xE5,0x46,0x00,0x78,0x00,0xFB,0x12,0x00
0x01,0x05,0xF8,0x0D,0xE6,0x00,0xFF,0xFF,0xFF,0xFF,0xFF,0xFF
0x03,0x03,0xF5,0x09,0x1C,0x00,0x00,0xFF,0xFF,0x00,0xFF,0xFF
0x06,0x19,0xFF,0x1C,0x41,0x9F,0x01,0x03,0x00,0x00,0x00,0x00
0x05,0x02,0xFD,0x09,0x00,0x42,0x01,0x06,0xA7,0xFA,0xFF,0xFF
0x01,0x01,0xF8,0x09,0x88,0xD9,0xDF,0x19,0x11,0xBB,0x0A,0x04
0x01,0x02,0xF8,0x09,0x94,0xFC,0x00,0x00,0x0A,0x00,0xFF,0xFF
0x04,0x04,0xF9,0x0D,0xC0,0x22,0x90,0xFF,0xFF,0xFF,0xFF,0xFF
0x04,0x04,0xF9,0x0D,0xC1,0xFF,0xFF,0xFF,0xFF,0xFF,0xFF,0xFF
0x04,0x04,0xF9,0x0D,0xC2,0xFF,0xFF,0xFF,0xFF,0xFF,0xFF,0xFF
0x04,0x04,0xF9,0x0D,0xC3,0xFF,0xFF,0xFF,0xFF,0xFF,0xFF,0xFF
0x04,0x04,0xF9,0x0D,0xC4,0x7F,0xFF,0xFF,0xFF,0x7F,0xFF,0x7F
0x04,0x08,0xFF,0x0D,0x80,0x02,0x7D,0x99,0xFF,0xFF,0xFF,0xFF
0x00,0x0B,0xF5,0x0D,0xC8,0xD3,0x01,0x00,0x00,0x31,0xF8,0xFF
0x00,0x08,0xFD,0x15,0xC8,0x00,0x00,0xA8,0x74,0xFF,0xFF,0xFF
0x01,0x03,0xFA,0x19,0x94,0xD7,0x46,0x00,0x64,0x00,0xFF,0x7F
0x0A,0x00,0xFF,0x08,0x13,0x99,0x04,0x05,0x00,0x00,0x02,0x00
0x01,0x01,0xF8,0x09,0x88,0xD9,0xDF,0x19,0x11,0xBB,0x0A,0x04
0x05,0x02,0xFD,0x09,0x00,0x42,0x01,0x26,0xA6,0xFA,0xFF,0xFF
0x03,0x03,0xF5,0x09,0x1D,0x00,0x00,0xFF,0xFF,0x00,0xFF,0xFF
0x01,0x01,0xF8,0x09,0x88,0xD9,0xDF,0x19,0x11,0xBB,0x0A,0x04
0x05,0x02,0xFD,0x09,0x00,0x42,0x01,0xBE,0xA6,0xFA,0xFF,0xFF
0x01,0x02,0xF8,0x09,0x94,0xFC,0x00,0x00,0x0A,0x00,0xFF,0xFF
0x01,0x1A,0xF1,0x1D,0x94,0xFF,0xFF,0xFF,0x5B,0x01,0xFF,0xFF
0x04,0x1A,0xF1,0x1D,0x91,0xFF,0xFF,0xFF,0x5B,0x01,0xFF,0xFF
0x01,0x01,0xF8,0x09,0x88,0xD9,0xDF,0x19,0x12,0xBB,0x0A,0x04
0x05,0x02,0xFD,0x09,0x00,0x42,0x01,0x9A,0xA7,0xFA,0xFF,0xFF
0x0A,0x00,0xFF,0x08,0x13,0x99,0x04,0x05,0x00,0x00,0x02,0x00
0x03,0x03,0xF5,0x09,0x1E,0x00,0x00,0xFF,0xFF,0x00,0xFF,0xFF
0x03,0xFF,0xEF,0x1D,0xA0,0x0F,0xE5,0x98,0x56,0x05,0x04,0x04
0x03,0xFF,0xEF,0x1D,0xA1,0x03,0x00,0x00,0x00,0x01,0x00,0x00
0x03,0xFF,0xEF,0x1D,0xA2,0x00,0x00,0xFF,0xFF,0xFF,0xFF,0xFF
0x01,0x10,0xF0,0x0D,0x94,0xF0,0x5A,0x45,0xE0,0xD4,0x8A,0x15
0x01,0x01,0xF8,0x09,0x82,0xD9,0xDF,0x19,0x43,0xBB,0x0A,0x04
0x05,0x02,0xFD,0x09,0x00,0x42,0x01,0x36,0xA8,0xFA,0xFF,0xFF
0x06,0x19,0xFF,0x1C,0x41,0x9F,0x01,0x0B,0x00,0x00,0x00,0x00
0x01,0x01,0xF8,0x09,0x82,0xD9,0xDF,0x19,0x43,0xBB,0x0A,0x04
0x01,0x02,0xF8,0x09,0x95,0xFC,0x00,0x00,0x05,0x00,0xFF,0xFF
0x04,0x03,0xF9,0x0D,0x91,0x3F,0xFF,0xFF,0xFF,0x7F,0xFF,0xFF
0x05,0x02,0xFD,0x09,0x00,0x42,0x01,0x18,0xA8,0xFA,0xFF,0xFF
0x03,0x03,0xF5,0x09,0x1F,0x00,0x00,0xFF,0xFF,0x00,0xFF,0xFF
0x0A,0x00,0xFF,0x08,0x13,0x99,0x04,0x05,0x00,0x00,0x02,0x00
0x05,0x02,0xFD,0x09,0x00,0x42,0x01,0x81,0xA7,0xFA,0xFF,0xFF
0x01,0x01,0xF8,0x09,0x82,0xD9,0xDF,0x19,0x43,0xBB,0x0A,0x04
0x05,0x02,0xFD,0x09,0x00,0x42,0x01,0x6E,0xA6,0xFA,0xFF,0xFF
0x03,0x03,0xF5,0x09,0x20,0x00,0x00,0xFF,0xFF,0x00,0xFF,0xFF
0x01,0x01,0xF8,0x09,0x82,0xD9,0xDF,0x19,0x43,0xBB,0x0A,0x04
0x01,0x02,0xF8,0x09,0x95,0xFC,0x00,0x00,0x0A,0x00,0xFF,0xFF
0x05,0x02,0xFD,0x09,0x00,0x42,0x01,0x62,0xA4,0xFA,0xFF,0xFF
0x0A,0x00,0xFF,0x08,0x13,0x99,0x04,0x05,0x00,0x00,0x02,0x00
0x01,0x01,0xF8,0x09,0x82,0xD9,0xDF,0x19,0x43,0xBB,0x0A,0x04
0x01,0x04,0xFA,0x19,0xC0,0x93,0x95,0xFE,0x0C,0x0A,0x97,0x0B
0x01,0x04,0xFA,0x19,0xC1,0x72,0x6E,0xCC,0x10,0x00,0x00,0x00
0x01,0x04,0xFA,0x19,0xC2,0x00,0xF2,0x10,0xA2,0x2B,0x9F,0xD0
0x01,0x04,0xFA,0x19,0xC3,0x10,0x0E,0x00,0x00,0x00,0x00,0xF2
0x01,0x04,0xFA,0x19,0xC4,0x14,0x8B,0x18,0x21,0x60,0x74,0x0E
0x01,0x04,0xFA,0x19,0xC5,0x00,0x00,0x00,0x00,0xF2,0x15,0x16
0x01,0x04,0xFA,0x19,0xC6,0x31,0x96,0x29,0xA0,0x0F,0x00,0x00
0x01,0x04,0xFA,0x19,0xC7,0x00,0x00,0xF2,0x1A,0x2D,0x35,0x66
0x01,0x04,0xFA,0x19,0xC8,0x8A,0xCC,0x10,0x00,0x00,0x00,0x00
0x01,0x04,0xFA,0x19,0xC9,0xF2,0x1B,0xD1,0x15,0xFC,0xC2,0xA0
0x01,0x04,0xFA,0x19,0xCA,0x0F,0x00,0x00,0x00,0x00,0xF2,0x1D
0x01,0x04,0xFA,0x19,0xCB,0xF4,0x0C,0x39,0x37,0xA0,0x0F,0x00
0x01,0x04,0xFA,0x19,0xCC,0x00,0x00,0x00,0xF2,0x1F,0x8B,0x09
0x01,0x04,0xFA,0x19,0xCD,0x09,0x89,0xD8,0x0E,0x00,0x00,0x00
0x01,0x04,0xFA,0x19,0xCE,0x00,0xF2,0x4A,0xDC,0x17,0x89,0x81
0x01,0x04,0xFA,0x19,0xCF,0x00,0x00,0x00,0x00,0x00,0x00,0xF2
0x01,0x04,0xFA,0x19,0xD0,0x4C,0xB9,0x11,0xF0,0xDE,0xB8,0x0B
0x01,0x04,0xFA,0x19,0xD1,0x00,0x00,0x00,0x00,0xF2,0x54,0x96
0x01,0x04,0xFA,0x19,0xD2,0x1A,0xA2,0x1C,0xB8,0x0B,0x00,0x00
0x01,0x04,0xFA,0x19,0xD3,0x00,0x00,0xF2,0x44,0x39,0x0A,0x7F
0x01,0x04,0xFA,0x19,0xD4,0x16,0xE4,0x0C,0x00,0x00,0x00,0x00
0x01,0x04,0xFA,0x19,0xD5,0xF2,0xFF,0xFF,0xFF,0xFF,0xFF,0xFF
0x01,0x05,0xF8,0x0D,0x00,0x2B,0x95,0x5A,0x45,0xF0,0xFB,0x8A
0x01,0x05,0xF8,0x0D,0x01,0x15,0x40,0x94,0xD4,0x6F,0x34,0x3C
0x01,0x05,0xF8,0x0D,0x02,0x06,0x06,0x48,0x21,0xEF,0xA2,0xCD
0x01,0x05,0xF8,0x0D,0x03,0xEA,0xF0,0x00,0x20,0xAC,0x08,0x03
0x01,0x05,0xF8,0x0D,0x04,0x00,0x00,0x00,0x00,0x10,0xFC,0x0C
0x01,0x05,0xF8,0x0D,0x05,0x50,0x00,0x78,0x00,0xFB,0x12,0x00
0x01,0x05,0xF8,0x0D,0x06,0x00,0xFF,0xFF,0xFF,0xFF,0xFF,0xFF
0x05,0x02,0xFD,0x09,0x00,0x42,0x01,0x61,0xA2,0xFA,0xFF,0xFF
0x03,0x03,0xF5,0x09,0x21,0x00,0x00,0xFF,0xFF,0x00,0xFF,0xFF
0x01,0x01,0xF8,0x09,0x82,0xD9,0xDF,0x19,0x43,0xBB,0x0A,0x04
0x06,0x19,0xFF,0x1C,0x41,0x9F,0x01,0x03,0x00,0x00,0x00,0x00
0x04,0x04,0xF9,0x0D,0xE0,0x22,0x91,0xFF,0xFF,0xFF,0xFF,0xFF
0x04,0x04,0xF9,0x0D,0xE1,0xFF,0xFF,0xFF,0xFF,0xFF,0xFF,0xFF
0x04,0x04,0xF9,0x0D,0xE2,0xFF,0xFF,0xFF,0xFF,0xFF,0xFF,0xFF
0x04,0x04,0xF9,0x0D,0xE3,0xFF,0xFF,0xFF,0xFF,0xFF,0xFF,0xFF
0x04,0x04,0xF9,0x0D,0xE4,0x7F,0xFF,0xFF,0xFF,0x7F,0xFF,0x7F
0x05,0x02,0xFD,0x09,0x00,0x42,0x01,0x05,0xA0,0xFA,0xFF,0xFF
0x00,0x0B,0xF5,0x0D,0xC9,0xD3,0x01,0x00,0x00,0x31,0xF8,0xFF
0x01,0x01,0xF8,0x09,0x82,0xD9,0xDF,0x19,0x43,0xBB,0x0A,0x04
0x01,0x02,0xF8,0x09,0x95,0xFC,0x00,0x00,0x0A,0x00,0xFF,0xFF
0x01,0x03,0xFA,0x19,0x95,0xD7,0x50,0x00,0x6E,0x00,0xFF,0x7F
0x04,0x08,0xFF,0x0D,0xA0,0x02,0x7D,0x99,0xFF,0xFF,0xFF,0xFF
0x0A,0x00,0xFF,0x08,0x13,0x99,0x04,0x05,0x00,0x00,0x02,0x00
0x05,0x02,0xFD,0x09,0x00,0x42,0x01,0x2E,0x9F,0xFA,0xFF,0xFF
0x03,0x03,0xF5,0x09,0x22,0x00,0x00,0xFF,0xFF,0x00,0xFF,0xFF
0x01,0x01,0xF8,0x09,0x82,0xD9,0xDF,0x19,0x43,0xBB,0x0A,0x04
0x05,0x02,0xFD,0x09,0x00,0x42,0x01,0x39,0x9F,0xFA,0xFF,0xFF
0x01,0x01,0xF8,0x09,0x82,0xD9,0xDF,0x19,0x41,0xBB,0x0A,0x04
0x05,0x02,0xFD,0x09,0x00,0x42,0x01,0x22,0xA0,0xFA,0xFF,0xFF
0x01,0x1A,0xF1,0x1D,0x95,0xFF,0xFF,0xFF,0x5B,0x01,0xFF,0xFF
0x04,0x1A,0xF1,0x1D,0x92,0xFF,0xFF,0xFF,0x5B,0x01,0xFF,0xFF
0x01,0x02,0xF8,0x09,0x95,0xFC,0x00,0x00,0x05,0x00,0xFF,0xFF
0x0A,0x00,0xFF,0x08,0x13,0x99,0x04,0x05,0x00,0x00,0x02,0x00
0x03,0x03,0xF5,0x09,0x23,0x00,0x00,0xFF,0xFF,0x00,0xFF,0xFF
0x03,0x08,0xFD,0x09,0x23,0x01,0x00,0xF3,0x74,0xFF,0xFF,0xFF
0x01,0x01,0xF8,0x09,0x71,0xD9,0xDF,0x19,0x55,0xBB,0x0A,0x04
0x03,0xFF,0xEF,0x1D,0xC0,0x0F,0xE5,0x98,0x56,0x05,0x04,0x04
0x03,0xFF,0xEF,0x1D,0xC1,0x03,0x00,0x00,0x00,0x01,0x00,0x00
0x03,0xFF,0xEF,0x1D,0xC2,0x00,0x00,0xFF,0xFF,0xFF,0xFF,0xFF
0x01,0x10,0xF0,0x0D,0x95,0xF0,0x5A,0x45,0xF0,0xFB,0x8A,0x15
0x05,0x02,0xFD,0x09,0x00,0x42,0x01,0x4E,0xA1,0xFA,0xFF,0xFF
0x01,0x01,0xF8,0x09,0x71,0xD9,0xDF,0x19,0x54,0xBB,0x0A,0x04
0x06,0x19,0xFF,0x1C,0x41,0x9F,0x01,0x0B,0x00,0x00,0x00,0x00
0x05,0x02,0xFD,0x09,0x00,0x42,0x01,0xBA,0xA1,0xFA,0xFF,0xFF
0x03,0x03,0xF5,0x09,0x24,0x00,0x00,0xFF,0xFF,0x00,0xFF,0xFF
0x01,0x01,0xF8,0x09,0x71,0xD9,0xDF,0x19,0x54,0xBB,0x0A,0x04
0x01,0x02,0xF8,0x09,0x96,0xFC,0x00,0x00,0x05,0x00,0xFF,0xFF
0x04,0x03,0xF9,0x0D,0x92,0x3F,0xFF,0xFF,0xFF,0x7F,0xFF,0xFF
0x0A,0x00,0xFF,0x08,0x13,0x99,0x04,0x05,0x00,0x00,0x02,0x00
0x05,0x02,0xFD,0x09,0x00,0x42,0x01,0xE4,0xA1,0xFA,0xFF,0xFF
0x01,0x01,0xF8,0x09,0x71,0xD9,0xDF,0x19,0x55,0xBB,0x0A,0x04
0x05,0x02,0xFD,0x09,0x00,0x42,0x01,0x65,0xA1,0xFA,0xFF,0xFF
0x03,0x03,0xF5,0x09,0x25,0x00,0x00,0xFF,0xFF,0x00,0xFF,0xFF
0x01,0x01,0xF8,0x09,0x71,0xD9,0xDF,0x19,0x54,0xBB,0x0A,0x04
0x01,0x02,0xF8,0x09,0x96,0xFC,0x00,0x00,0x05,0x00,0xFF,0xFF
0x05,0x02,0xFD,0x09,0x00,0x42,0x01,0x72,0xA0,0xFA,0xFF,0xFF
0x0A,0x00,0xFF,0x08,0x13,0x99,0x04,0x05,0x00,0x00,0x02,0x00
0x01,0x01,0xF8,0x09,0x71,0xD9,0xDF,0x19,0x55,0xBB,0x0A,0x04
0x01,0x04,0xFA,0x19,0xE0,0x93,0x96,0xFE,0x0C,0x0A,0x97,0x0B
0x01,0x04,0xFA,0x19,0xE1,0x72,0x6E,0xCC,0x10,0x00,0x00,0x00
0x01,0x04,0xFA,0x19,0xE2,0x00,0xF2,0x10,0xA2,0x2B,0x9F,0xD0
0x01,0x04,0xFA,0x19,0xE3,0x74,0x0E,0x00,0x00,0x00,0x00,0xF2
0x01,0x04,0xFA,0x19,0xE4,0x14,0x8B,0x18,0x21,0x60,0x74,0x0E
0x01,0x04,0xFA,0x19,0xE5,0x00,0x00,0x00,0x00,0xF2,0x15,0x16
0x01,0x04,0xFA,0x19,0xE6,0x31,0x96,0x29,0xA0,0x0F,0x00,0x00
0x01,0x04,0xFA,0x19,0xE7,0x00,0x00,0xF2,0x1A,0x2D,0x35,0x66
0x01,0x04,0xFA,0x19,0xE8,0x8A,0xCC,0x10,0x00,0x00,0x00,0x00
0x01,0x04,0xFA,0x19,0xE9,0xF2,0x1B,0xD1,0x15,0xFC,0xC2,0xA0
0x01,0x04,0xFA,0x19,0xEA,0x0F,0x00,0x00,0x00,0x00,0xF2,0x1D
0x01,0x04,0xFA,0x19,0xEB,0xF4,0x0C,0x39,0x37,0xA0,0x0F,0x00
0x01,0x04,0xFA,0x19,0xEC,0x00,0x00,0x00,0xF2,0x1F,0x8B,0x09
0x01,0x04,0xFA,0x19,0xED,0x09,0x89,0xD8,0x0E,0x00,0x00,0x00
0x01,0x04,0xFA,0x19,0xEE,0x00,0xF2,0x4A,0xDC,0x17,0x89,0x81
0x01,0x04,0xFA,0x19,0xEF,0x00,0x00,0x00,0x00,0x00,0x00,0xF2
0x01,0x04,0xFA,0x19,0xF0,0x4C,0xB9,0x11,0xF0,0xDE,0xB8,0x0B
0x01,0x04,0xFA,0x19,0xF1,0x00,0x00,0x00,0x00,0xF2,0x54,0x96
0x01,0x04,0xFA,0x19,0xF2,0x1A,0xA2,0x1C,0x1C,0x0C,0x00,0x00
0x01,0x04,0xFA,0x19,0xF3,0x00,0x00,0xF2,0x44,0x39,0x0A,0x7F
0x01,0x04,0xFA,0x19,0xF4,0x16,0xE4,0x0C,0x00,0x00,0x00,0x00
0x01,0x04,0xFA,0x19,0xF5,0xF2,0xFF,0xFF,0xFF,0xFF,0xFF,0xFF
0x01,0x05,0xF8,0x0D,0x20,0x2B,0x96,0x5A,0x45,0x00,0x23,0x8B
0x01,0x05,0xF8,0x0D,0x21,0x15,0xC0,0x6D,0x6B,0x8E,0x30,0x3C
0x05,0x02,0xFD,0x09,0x00,0x42,0x01,0xED,0x9F,0xFA,0xFF,0xFF
0x01,0x05,0xF8,0x0D,0x22,0x06,0x06,0xB0,0x98,0xAF,0xE7,0xD1
0x01,0x05,0xF8,0x0D,0x23,0xEA,0xF0,0x00,0xB0,0x9A,0x07,0x03
0x01,0x05,0xF8,0x0D,0x24,0x00,0x00,0x00,0x00,0x10,0xFC,0x0C
0x01,0x05,0xF8,0x0D,0x25,0x46,0x00,0x82,0x00,0xFB,0x12,0x00
0x01,0x05,0xF8,0x0D,0x26,0x00,0xFF,0xFF,0xFF,0xFF,0xFF,0xFF
0x03,0x03,0xF5,0x09,0x26,0x00,0x00,0xFF,0xFF,0x00,0xFF,0xFF
0x06,0x19,0xFF,0x1C,0x41,0x9F,0x01,0x03,0x00,0x00,0x00,0x00
0x05,0x02,0xFD,0x09,0x00,0x42,0x01,0x77,0xA0,0xFA,0xFF,0xFF
0x01,0x01,0xF8,0x09,0x71,0xD9,0xDF,0x19,0x54,0xBB,0x0A,0x04
0x04,0x04,0xF9,0x0D,0x00,0x22,0x92,0xFF,0xFF,0xFF,0xFF,0xFF
0x04,0x04,0xF9,0x0D,0x01,0xFF,0xFF,0xFF,0xFF,0xFF,0xFF,0xFF
0x04,0x04,0xF9,0x0D,0x02,0xFF,0xFF,0xFF,0xFF,0xFF,0xFF,0xFF
0x04,0x04,0xF9,0x0D,0x03,0xFF,0xFF,0xFF,0xFF,0xFF,0xFF,0xFF
0x04,0x04,0xF9,0x0D,0x04,0x7F,0xFF,0xFF,0xFF,0x7F,0xFF,0x7F
0x00,0x0B,0xF5,0x0D,0xCA,0xDC,0x01,0x00,0x00,0x31,0xF8,0xFF
0x00,0x08,0xFD,0x15,0xCA,0x00,0x00,0xA8,0x74,0xFF,0xFF,0xFF
0x01,0x02,0xF8,0x09,0x96,0xFC,0x00,0x00,0x00,0x00,0xFF,0xFF
0x01,0x03,0xFA,0x19,0x96,0xD7,0x46,0x00,0x64,0x00,0xFF,0x7F
0x04,0x08,0xFF,0x0D,0xC0,0x02,0x7D,0x99,0xFF,0xFF,0xFF,0xFF
0x0A,0x00,0xFF,0x08,0x13,0x99,0x04,0x05,0x00,0x00,0x02,0x00
0x01,0x01,0xF8,0x09,0x6F,0xD9,0xDF,0x19,0x54,0xBB,0x0A,0x04
0x05,0x02,0xFD,0x09,0x00,0x42,0x01,0xFE,0xA0,0xFA,0xFF,0xFF
0x03,0x03,0xF5,0x09,0x27,0x00,0x00,0xFF,0xFF,0x00,0xFF,0xFF
0x01,0x01,0xF8,0x09,0x6F,0xD9,0xDF,0x19,0x54,0xBB,0x0A,0x04
0x05,0x02,0xFD,0x09,0x00,0x42,0x01,0x19,0xA2,0xFA,0xFF,0xFF
0x01,0x1A,0xF1,0x1D,0x96,0xFF,0xFF,0xFF,0x5B,0x01,0xFF,0xFF
0x04,0x1A,0xF1,0x1D,0x93,0xFF,0xFF,0xFF,0x5B,0x01,0xFF,0xFF
0x01,0x01,0xF8,0x09,0x6F,0xD9,0xDF,0x19,0x54,0xBB,0x0A,0x04
0x05,0x02,0xFD,0x09,0x00,0x42,0x01,0xBC,0xA2,0xFA,0xFF,0xFF
0x0A,0x00,0xFF,0x08,0x13,0x99,0x04,0x05,0x00,0x00,0x02,0x00
0x03,0x03,0xF5,0x09,0x28,0x00,0x00,0xFF,0xFF,0x00,0xFF,0xFF
0x01,0x02,0xF8,0x09,0x96,0xFC,0x00,0x00,0x05,0x00,0xFF,0xFF
0x03,0xFF,0xEF,0x1D,0xE0,0x0F,0xE5,0x98,0x56,0x05,0x04,0x04
0x03,0xFF,0xEF,0x1D,0xE1,0x03,0x00,0x00,0x00,0x01,0x00,0x00
0x03,0xFF,0xEF,0x1D,0xE2,0x00,0x00,0xFF,0xFF,0xFF,0xFF,0xFF
0x01,0x10,0xF0,0x0D,0x96,0xF0,0x5A,0x45,0x00,0x23,0x8B,0x15
0x05,0x02,0xFD,0x09,0x00,0x42,0x01,0x1E,0xA3,0xFA,0xFF,0xFF
0x01,0x01,0xF8,0x09,0x9B,0xD9,0xDF,0x19,0x59,0xBB,0x0A,0x04
0x06,0x19,0xFF,0x1C,0x41,0x9F,0x01,0x0B,0x00,0x00,0x00,0x00
0x05,0x02,0xFD,0x09,0x00,0x42,0x01,0x86,0xA3,0xFA,0xFF,0xFF
0x03,0x03,0xF5,0x09,0x29,0x00,0x00,0xFF,0xFF,0x00,0xFF,0xFF
0x01,0x01,0xF8,0x09,0x99,0xD9,0xDF,0x19,0x59,0xBB,0x0A,0x04
0x04,0x03,0xF9,0x0D,0x93,0x3F,0xFF,0xFF,0xFF,0x7F,0xFF,0xFF
0x0A,0x00,0xFF,0x08,0x13,0x99,0x04,0x05,0x00,0x00,0x02,0x00
0x05,0x02,0xFD,0x09,0x00,0x42,0x01,0x73,0xA3,0xFA,0xFF,0xFF
0x01,0x02,0xF8,0x09,0x97,0xFC,0x00,0x00,0x00,0x00,0xFF,0xFF
0x01,0x01,0xF8,0x09,0x99,0xD9,0xDF,0x19,0x59,0xBB,0x0A,0x04
0x05,0x02,0xFD,0x09,0x00,0x42,0x01,0xBB,0xA3,0xFA,0xFF,0xFF
0x03,0x03,0xF5,0x09,0x2A,0x00,0x00,0xFF,0xFF,0x00,0xFF,0xFF
0x01,0x01,0xF8,0x09,0x99,0xD9,0xDF,0x19,0x5A,0xBB,0x0A,0x04
0x05,0x02,0xFD,0x09,0x00,0x42,0x01,0xDB,0xA3,0xFA,0xFF,0xFF
0x0A,0x00,0xFF,0x08,0x13,0x99,0x04,0x05,0x00,0x00,0x02,0x00
0x01,0x04,0xFA,0x19,0x00,0x93,0x97,0xFE,0x0C,0x0A,0x97,0x0B
0x01,0x04,0xFA,0x19,0x01,0x72,0x6E,0xCC,0x10,0x00,0x00,0x00
0x01,0x04,0xFA,0x19,0x02,0x00,0xF2,0x10,0xA2,0x2B,0x9F,0xD0
0x01,0x04,0xFA,0x19,0x03,0x74,0x0E,0x00,0x00,0x00,0x00,0xF2
0x01,0x04,0xFA,0x19,0x04,0x14,0x39,0x19,0x72,0x5F,0x74,0x0E
0x01,0x04,0xFA,0x19,0x05,0x00,0x00,0x00,0x00,0xF2,0x15,0x16
0x01,0x04,0xFA,0x19,0x06,0x31,0x96,0x29,0xA0,0x0F,0x00,0x00
0x01,0x04,0xFA,0x19,0x07,0x00,0x00,0xF2,0x1A,0x2D,0x35,0x66
0x01,0x04,0xFA,0x19,0x08,0x8A,0xCC,0x10,0x00,0x00,0x00,0x00
0x01,0x04,0xFA,0x19,0x09,0xF2,0x1B,0xD1,0x15,0xFC,0xC2,0xA0
0x01,0x04,0xFA,0x19,0x0A,0x0F,0x00,0x00,0x00,0x00,0xF2,0x1D
0x01,0x04,0xFA,0x19,0x0B,0xF4,0x0C,0x39,0x37,0xA0,0x0F,0x00
0x01,0x04,0xFA,0x19,0x0C,0x00,0x00,0x00,0xF2,0x1F,0x8B,0x09
0x01,0x04,0xFA,0x19,0x0D,0x09,0x89,0x3C,0x0F,0x00,0x00,0x00
0x01,0x04,0xFA,0x19,0x0E,0x00,0xF2,0x4A,0xDC,0x17,0x89,0x81
0x01,0x04,0xFA,0x19,0x0F,0x00,0x00,0x00,0x00,0x00,0x00,0xF2
0x01,0x04,0xFA,0x19,0x10,0x4C,0xB9,0x11,0xF0,0xDE,0xB8,0x0B
0x01,0x04,0xFA,0x19,0x11,0x00,0x00,0x00,0x00,0xF2,0x54,0x96
0x01,0x04,0xFA,0x19,0x12,0x1A,0xA2,0x1C,0x1C,0x0C,0x00,0x00
0x01,0x04,0xFA,0x19,0x13,0x00,0x00,0xF2,0x44,0x39,0x0A,0x7F
0x01,0x04,0xFA,0x19,0x14,0x16,0x80,0x0C,0x00,0x00,0x00,0x00
0x01,0x04,0xFA,0x19,0x15,0xF2,0xFF,0xFF,0xFF,0xFF,0xFF,0xFF
0x01,0x01,0xF8,0x09,0x99,0xD9,0xDF,0x19,0x5A,0xBB,0x0A,0x04
0x01,0x02,0xF8,0x09,0x97,0xFC,0x00,0x00,0x05,0x00,0xFF,0xFF
0x01,0x05,0xF8,0x0D,0x40,0x2B,0x97,0x5A,0x45,0x10,0x4A,0x8B
0x01,0x05,0xF8,0x0D,0x41,0x15,0x40,0xFD,0x9A,0xDE,0x39,0x3C
0x01,0x05,0xF8,0x0D,0x42,0x06,0x06,0xA8,0x8A,0xB5,0x11,0xD3
0x01,0x05,0xF8,0x0D,0x43,0xEA,0xF0,0x00,0x6C,0x8D,0x04,0x03
0x01,0x05,0xF8,0x0D,0x44,0x00,0x00,0x00,0x00,0x10,0xFC,0x0C
0x01,0x05,0xF8,0x0D,0x45,0x46,0x00,0x78,0x00,0xFB,0x12,0x00
0x01,0x05,0xF8,0x0D,0x46,0x00,0xFF,0xFF,0xFF,0xFF,0xFF,0xFF
0x05,0x02,0xFD,0x09,0x00,0x42,0x01,0xC8,0xA3,0xFA,0xFF,0xFF
0x03,0x03,0xF5,0x09,0x2B,0x00,0x00,0xFF,0xFF,0x00,0xFF,0xFF
0x06,0x19,0xFF,0x1C,0x41,0x9F,0x01,0x03,0x00,0x00,0x00,0x00
0x05,0x02,0xFD,0x09,0x00,0x11,0x01,0xB4,0xA3,0xFA,0xFF,0xFF
0x01,0x01,0xF8,0x09,0x99,0xD9,0xDF,0x19,0x5A,0xBB,0x0A,0x04
0x04,0x04,0xF9,0x0D,0x20,0x22,0x93,0xFF,0xFF,0xFF,0xFF,0xFF
0x04,0x04,0xF9,0x0D,0x21,0xFF,0xFF,0xFF,0xFF,0xFF,0xFF,0xFF
0x04,0x04,0xF9,0x0D,0x22,0xFF,0xFF,0xFF,0xFF,0xFF,0xFF,0xFF
0x04,0x04,0xF9,0x0D,0x23,0xFF,0xFF,0xFF,0xFF,0xFF,0xFF,0xFF
0x04,0x04,0xF9,0x0D,0x24,0x7F,0xFF,0xFF,0xFF,0x7F,0xFF,0x7F
0x00,0x0B,0xF5,0x0D,0xCB,0xDC,0x01,0x00,0x00,0x31,0xF8,0xFF
0x0A,0x00,0xFF,0x08,0x13,0x99,0x04,0x05,0x00,0x00,0x02,0x00
0x04,0x05,0xF9,0x1D,0x40,0x27,0xFF,0xFF,0x02,0x00,0xFF,0xFF
0x04,0x05,0xF9,0x1D,0x41,0xFF,0xFF,0xE7,0x03,0x01,0x00,0xFF
0x04,0x05,0xF9,0x1D,0x42,0x00,0x00,0x03,0x01,0x00,0xFF,0xFF
0x04,0x05,0xF9,0x1D,0x43,0xFF,0x7F,0xFF,0xFF,0xFF,0x7F,0x01
0x04,0x05,0xF9,0x1D,0x44,0x00,0x03,0x01,0x00,0xFF,0xFF,0xFF
0x04,0x05,0xF9,0x1D,0x45,0x7F,0xFF,0xFF,0xFF,0x7F,0xFF,0xFF
0x01,0x03,0xFA,0x19,0x97,0xD7,0x46,0x00,0x64,0x00,0xFF,0x7F
0x04,0x08,0xFF,0x0D,0xE0,0x02,0x7D,0x99,0xFF,0xFF,0xFF,0xFF
0x05,0x02,0xFD,0x09,0x00,0x11,0x01,0xED,0xA2,0xFA,0xFF,0xFF
0x03,0x03,0xF5,0x09,0x2C,0x00,0x00,0xFF,0xFF,0x00,0xFF,0xFF
0x01,0x01,0xF8,0x09,0x99,0xD9,0xDF,0x19,0x5A,0xBB,0x0A,0x04
0x01,0x02,0xF8,0x09,0x97,0xFC,0x00,0x00,0x05,0x00,0xFF,0xFF
0x05,0x02,0xFD,0x09,0x00,0x42,0x01,0x0F,0xA2,0xFA,0xFF,0xFF
0x01,0x01,0xF8,0x09,0x99,0xD9,0xDF,0x19,0x5A,0xBB,0x0A,0x04
0x01,0x1A,0xF1,0x1D,0x97,0xFF,0xFF,0xFF,0x5B,0x01,0xFF,0xFF
0x05,0x02,0xFD,0x09,0x00,0x42,0x01,0x72,0xA0,0xFA,0xFF,0xFF
0x04,0x1A,0xF1,0x1D,0x94,0xFF,0xFF,0xFF,0x5B,0x01,0xFF,0xFF
0x0A,0x00,0xFF,0x08,0x13,0x99,0x04,0x05,0x00,0x00,0x02,0x00
0x03,0x03,0xF5,0x09,0x2D,0x00,0x00,0xFF,0xFF,0x00,0xFF,0xFF
0x03,0x08,0xFD,0x09,0x2D,0x01,0x00,0xF3,0x74,0xFF,0xFF,0xFF
0x03,0xFF,0xEF,0x1D,0x00,0x0F,0xE5,0x98,0x56,0x05,0x04,0x04
0x03,0xFF,0xEF,0x1D,0x01,0x03,0x00,0x00,0x00,0x01,0x00,0x00
0x03,0xFF,0xEF,0x1D,0x02,0x00,0x00,0xFF,0xFF,0xFF,0xFF,0xFF
0x01,0x10,0xF0,0x0D,0x97,0xF0,0x5A,0x45,0x10,0x4A,0x8B,0x15
0x05,0x02,0xFD,0x09,0x00,0x11,0x01,0x67,0x9F,0xFA,0xFF,0xFF
0x01,0x01,0xF8,0x09,0xB2,0xD9,0xDF,0x19,0x61,0xBB,0x0A,0x04
0x06,0x19,0xFF,0x1C,0x41,0x9F,0x01,0x0B,0x00,0x00,0x00,0x00
0x01,0x01,0xF8,0x09,0xB2,0xD9,0xDF,0x19,0x5F,0xBB,0x0A,0x04
0x01,0x02,0xF8,0x09,0x98,0xFC,0x00,0x00,0x05,0x00,0xFF,0xFF
0x05,0x02,0xFD,0x09,0x00,0x42,0x01,0x05,0x9F,0xFA,0xFF,0xFF
0x03,0x03,0xF5,0x09,0x2E,0x00,0x00,0xFF,0xFF,0x00,0xFF,0xFF
0x04,0x03,0xF9,0x0D,0x94,0x3F,0xFF,0xFF,0xFF,0x7F,0xFF,0xFF
0x0A,0x00,0xFF,0x08,0x13,0x99,0x04,0x05,0x00,0x00,0x02,0x00
0x01,0x01,0xF8,0x09,0xB2,0xD9,0xDF,0x19,0x61,0xBB,0x0A,0x04
0x05,0x02,0xFD,0x09,0x00,0x42,0x01,0x48,0x9F,0xFA,0xFF,0xFF
0x01,0x01,0xF8,0x09,0xB2,0xD9,0xDF,0x19,0x5F,0xBB,0x0A,0x04
0x05,0x02,0xFD,0x09,0x00,0x11,0x01,0x13,0xA0,0xFA,0xFF,0xFF
0x03,0x03,0xF5,0x09,0x2F,0x00,0x00,0xFF,0xFF,0x00,0xFF,0xFF
0x01,0x02,0xF8,0x09,0x98,0xFC,0x00,0x00,0x05,0x00,0xFF,0xFF
0x01,0x01,0xF8,0x09,0xB2,0xD9,0xDF,0x19,0x5F,0xBB,0x0A,0x04
0x05,0x02,0xFD,0x09,0x00,0x11,0x01,0x16,0xA1,0xFA,0xFF,0xFF
0x0A,0x00,0xFF,0x08,0x13,0x99,0x04,0x05,0x00,0x00,0x02,0x00
0x01,0x01,0xF8,0x09,0xB2,0xD9,0xDF,0x19,0x5F,0xBB,0x0A,0x04
0x01,0x04,0xFA,0x19,0x20,0x93,0x98,0xFE,0x0C,0x0A,0x97,0x0B
0x01,0x04,0xFA,0x19,0x21,0x72,0x6E,0xCC,0x10,0x00,0x00,0x00
0x01,0x04,0xFA,0x19,0x22,0x00,0xF2,0x10,0xA2,0x2B,0x9F,0xD0
0x01,0x04,0xFA,0x19,0x23,0x74,0x0E,0x00,0x00,0x00,0x00,0xF2
0x01,0x04,0xFA,0x19,0x24,0x14,0x39,0x19,0x72,0x5F,0x10,0x0E
0x01,0x04,0xFA,0x19,0x25,0x00,0x00,0x00,0x00,0xF2,0x15,0x16
0x01,0x04,0xFA,0x19,0x26,0x31,0x96,0x29,0xA0,0x0F,0x00,0x00
0x01,0x04,0xFA,0x19,0x27,0x00,0x00,0xF2,0x1A,0x2D,0x35,0x66
0x01,0x04,0xFA,0x19,0x28,0x8A,0xCC,0x10,0x00,0x00,0x00,0x00
0x01,0x04,0xFA,0x19,0x29,0xF2,0x1B,0xD1,0x15,0xFC,0xC2,0xA0
0x01,0x04,0xFA,0x19,0x2A,0x0F,0x00,0x00,0x00,0x00,0xF2,0x1D
0x05,0x02,0xFD,0x09,0x00,0x42,0x01,0x6B,0xA1,0xFA,0xFF,0xFF
0x01,0x04,0xFA,0x19,0x2B,0xF4,0x0C,0x39,0x37,0xA0,0x0F,0x00
0x01,0x04,0xFA,0x19,0x2C,0x00,0x00,0x00,0xF2,0x1F,0x8B,0x09
0x01,0x04,0xFA,0x19,0x2D,0x09,0x89,0x3C,0x0F,0x00,0x00,0x00
0x01,0x04,0xFA,0x19,0x2E,0x00,0xF2,0x4A,0xDC,0x17,0x89,0x81
0x01,0x04,0xFA,0x19,0x2F,0x00,0x00,0x00,0x00,0x00,0x00,0xF2
0x01,0x04,0xFA,0x19,0x30,0x4C,0xB9,0x11,0xF0,0xDE,0x1C,0x0C
0x01,0x04,0xFA,0x19,0x31,0x00,0x00,0x00,0x00,0xF2,0x54,0x96
0x01,0x04,0xFA,0x19,0x32,0x1A,0xA2,0x1C,0x1C,0x0C,0x00,0x00
0x01,0x04,0xFA,0x19,0x33,0x00,0x00,0xF2,0x44,0x39,0x0A,0x7F
0x03,0x03,0xF5,0x09,0x30,0x00,0x00,0xFF,0xFF,0x00,0xFF,0xFF
0x01,0x04,0xFA,0x19,0x34,0x16,0x80,0x0C,0x00,0x00,0x00,0x00
0x01,0x04,0xFA,0x19,0x35,0xF2,0xFF,0xFF,0xFF,0xFF,0xFF,0xFF
0x01,0x05,0xF8,0x0D,0x60,0x2B,0x98,0x5A,0x45,0x20,0x71,0x8B
0x01,0x05,0xF8,0x0D,0x61,0x15,0x80,0xB7,0xB8,0xB0,0x3F,0x3C
0x01,0x05,0xF8,0x0D,0x62,0x06,0x06,0xA8,0x7C,0xBB,0x3B,0xD4
0x01,0x05,0xF8,0x0D,0x63,0xEA,0xF0,0x00,0x20,0xE8,0xFE,0x02
0x01,0x05,0xF8,0x0D,0x64,0x00,0x00,0x00,0x00,0x10,0xFC,0x0C
0x01,0x05,0xF8,0x0D,0x65,0x46,0x00,0x78,0x00,0xFB,0x12,0x00
0x01,0x05,0xF8,0x0D,0x66,0x00,0xFF,0xFF,0xFF,0xFF,0xFF,0xFF
0x06,0x19,0xFF,0x1C,0x41,0x9F,0x01,0x03,0x00,0x00,0x00,0x00
0x01,0x01,0xF8,0x09,0xB2,0xD9,0xDF,0x19,0x5F,0xBB,0x0A,0x04
0x01,0x02,0xF8,0x09,0x98,0xFC,0x00,0x00,0x05,0x00,0xFF,0xFF
0x05,0x02,0xFD,0x09,0x00,0x11,0x01,0x80,0xA1,0xFA,0xFF,0xFF
0x00,0x0B,0xF5,0x0D,0xCC,0xDC,0x01,0x00,0x00,0x31,0xF8,0xFF
0x00,0x08,0xFD,0x15,0xCC,0x00,0x00,0xA8,0x74,0xFF,0xFF,0xFF
0x04,0x04,0xF9,0x0D,0x40,0x22,0x94,0xFF,0xFF,0xFF,0xFF,0xFF
0x04,0x04,0xF9,0x0D,0x41,0xFF,0xFF,0xFF,0xFF,0xFF,0xFF,0xFF
0x04,0x04,0xF9,0x0D,0x42,0xFF,0xFF,0xFF,0xFF,0xFF,0xFF,0xFF
0x04,0x04,0xF9,0x0D,0x43,0xFF,0xFF,0xFF,0xFF,0xFF,0xFF,0xFF
0x04,0x04,0xF9,0x0D,0x44,0x7F,0xFF,0xFF,0xFF,0x7F,0xFF,0x7F
0x0A,0x00,0xFF,0x08,0x13,0x99,0x04,0x05,0x00,0x00,0x02,0x00
0x01,0x01,0xF8,0x09,0xB2,0xD9,0xDF,0x19,0x5F,0xBB,0x0A,0x04
0x01,0x03,0xFA,0x19,0x98,0xD7,0x46,0x00,0x64,0x00,0xFF,0x7F
0x04,0x08,0xFF,0x0D,0x00,0x02,0x7D,0x99,0xFF,0xFF,0xFF,0xFF
0x05,0x02,0xFD,0x09,0x00,0x11,0x01,0x16,0xA1,0xFA,0xFF,0xFF
0x03,0x03,0xF5,0x09,0x31,0x00,0x00,0xFF,0xFF,0x00,0xFF,0xFF
0x01,0x01,0xF8,0x09,0xB2,0xD9,0xDF,0x19,0x61,0xBB,0x0A,0x04
0x05,0x02,0xFD,0x09,0x00,0x42,0x01,0x4A,0xA0,0xFA,0xFF,0xFF
0x01,0x02,0xF8,0x09,0x98,0xFC,0x00,0x00,0x05,0x00,0xFF,0xFF
0x01,0x1A,0xF1,0x1D,0x98,0xFF,0xFF,0xFF,0x5B,0x01,0xFF,0xFF
0x04,0x1A,0xF1,0x1D,0x95,0xFF,0xFF,0xFF,0x5B,0x01,0xFF,0xFF
0x01,0x01,0xF8,0x09,0xB2,0xD9,0xDF,0x19,0x61,0xBB,0x0A,0x04
0x05,0x02,0xFD,0x09,0x00,0x42,0x01,0x22,0xA0,0xFA,0xFF,0xFF
0x0A,0x00,0xFF,0x08,0x13,0x99,0x04,0x05,0x00,0x00,0x02,0x00
0x03,0x03,0xF5,0x09,0x32,0x00,0x00,0xFF,0xFF,0x00,0xFF,0xFF
0x03,0xFF,0xEF,0x1D,0x20,0x0F,0xE5,0x98,0x56,0x05,0x04,0x04
0x03,0xFF,0xEF,0x1D,0x21,0x03,0x00,0x00,0x00,0x01,0x00,0x00
0x03,0xFF,0xEF,0x1D,0x22,0x00,0x00,0xFF,0xFF,0xFF,0xFF,0xFF
0x01,0x10,0xF0,0x0D,0x98,0xF0,0x5A,0x45,0x20,0x71,0x8B,0x15
0x01,0x01,0xF8,0x09,0xD0,0xD9,0xDF,0x19,0x68,0xBB,0x0A,0x04
0x05,0x02,0xFD,0x09,0x00,0x11,0x01,0xE0,0x9F,0xFA,0xFF,0xFF
0x06,0x19,0xFF,0x1C,0x41,0x9F,0x01,0x0B,0x00,0x00,0x00,0x00
0x01,0x01,0xF8,0x09,0xD0,0xD9,0xDF,0x19,0x68,0xBB,0x0A,0x04
0x01,0x02,0xF8,0x09,0x99,0xFC,0x00,0x00,0x05,0x00,0xFF,0xFF
0x05,0x02,0xFD,0x09,0x00,0x42,0x01,0x91,0xA0,0xFA,0xFF,0xFF
0x03,0x03,0xF5,0x09,0x33,0x00,0x00,0xFF,0xFF,0x00,0xFF,0xFF
0x0A,0x00,0xFF,0x08,0x13,0x99,0x04,0x05,0x00,0x00,0x02,0x00
0x01,0x01,0xF8,0x09,0xCE,0xD9,0xDF,0x19,0x68,0xBB,0x0A,0x04
0x04,0x03,0xF9,0x0D,0x95,0x3F,0xFF,0xFF,0xFF,0x7F,0xFF,0xFF
0x05,0x02,0xFD,0x09,0x00,0x42,0x01,0x82,0xA1,0xFA,0xFF,0xFF
0x01,0x01,0xF8,0x09,0xCE,0xD9,0xDF,0x19,0x68,0xBB,0x0A,0x04
0x05,0x02,0xFD,0x09,0x00,0x42,0x01,0xD4,0xA1,0xFA,0xFF,0xFF
0x03,0x03,0xF5,0x09,0x34,0x00,0x00,0xFF,0xFF,0x00,0xFF,0xFF
0x01,0x02,0xF8,0x09,0x99,0xFC,0x00,0x00,0x05,0x00,0xFF,0xFF
0x01,0x01,0xF8,0x09,0xCE,0xD9,0xDF,0x19,0x68,0xBB,0x0A,0x04
0x05,0x02,0xFD,0x09,0x00,0x42,0x01,0x54,0xA2,0xFA,0xFF,0xFF
0x0A,0x00,0xFF,0x08,0x13,0x99,0x04,0x05,0x00,0x00,0x02,0x00
0x01,0x01,0xF8,0x09,0xD0,0xD9,0xDF,0x19,0x68,0xBB,0x0A,0x04
0x01,0x04,0xFA,0x19,0x40,0x93,0x99,0xFE,0x0C,0x0A,0x97,0x0B
0x01,0x04,0xFA,0x19,0x41,0x72,0x6E,0xCC,0x10,0x00,0x00,0x00
0x01,0x04,0xFA,0x19,0x42,0x00,0xF2,0x10,0xA2,0x2B,0x9F,0xD0
0x01,0x04,0xFA,0x19,0x43,0x74,0x0E,0x00,0x00,0x00,0x00,0xF2
0x01,0x04,0xFA,0x19,0x44,0x14,0x39,0x19,0x72,0x5F,0x10,0x0E
0x01,0x04,0xFA,0x19,0x45,0x00,0x00,0x00,0x00,0xF2,0x15,0x67
0x01,0x04,0xFA,0x19,0x46,0x30,0xE7,0x28,0xA0,0x0F,0x00,0x00
0x01,0x04,0xFA,0x19,0x47,0x00,0x00,0xF2,0x1A,0x2D,0x35,0x66
0x01,0x04,0xFA,0x19,0x48,0x8A,0xCC,0x10,0x00,0x00,0x00,0x00
0x01,0x04,0xFA,0x19,0x49,0xF2,0x1B,0xD1,0x15,0xFC,0xC2,0xA0
0x05,0x02,0xFD,0x09,0x00,0x42,0x01,0x1E,0xA3,0xFA,0xFF,0xFF
0x01,0x04,0xFA,0x19,0x4A,0x0F,0x00,0x00,0x00,0x00,0xF2,0x1D
0x01,0x04,0xFA,0x19,0x4B,0xF4,0x0C,0x39,0x37,0xA0,0x0F,0x00
0x01,0x04,0xFA,0x19,0x4C,0x00,0x00,0x00,0xF2,0x1F,0x8B,0x09
0x01,0x04,0xFA,0x19,0x4D,0x09,0x89,0x3C,0x0F,0x00,0x00,0x00
0x01,0x04,0xFA,0x19,0x4E,0x00,0xF2,0x4A,0xDC,0x17,0x89,0x81
0x01,0x04,0xFA,0x19,0x4F,0x00,0x00,0x00,0x00,0x00,0x00,0xF2
0x01,0x04,0xFA,0x19,0x50,0x4C,0xB9,0x11,0xF0,0xDE,0x1C,0x0C
0x01,0x04,0xFA,0x19,0x51,0x00,0x00,0x00,0x00,0xF2,0x54,0x96
0x01,0x04,0xFA,0x19,0x52,0x1A,0xA2,0x1C,0x1C,0x0C,0x00,0x00
0x03,0x03,0xF5,0x09,0x35,0x00,0x00,0xFF,0xFF,0x00,0xFF,0xFF
0x01,0x04,0xFA,0x19,0x53,0x00,0x00,0xF2,0x44,0x39,0x0A,0x7F
0x01,0x04,0xFA,0x19,0x54,0x16,0xE4,0x0C,0x00,0x00,0x00,0x00
0x01,0x04,0xFA,0x19,0x55,0xF2,0xFF,0xFF,0xFF,0xFF,0xFF,0xFF
0x01,0x05,0xF8,0x0D,0x80,0x2B,0x99,0x5A,0x45,0x30,0x98,0x8B
0x01,0x05,0xF8,0x0D,0x81,0x15,0x80,0x63,0xDC,0xAC,0x46,0x3C
0x01,0x05,0xF8,0x0D,0x82,0x06,0x06,0x08,0x10,0x70,0x2C,0xD6
0x01,0x05,0xF8,0x0D,0x83,0xEA,0xF0,0x00,0x44,0x54,0xFA,0x02
0x01,0x05,0xF8,0x0D,0x84,0x00,0x00,0x00,0x00,0x10,0xFC,0x0C
0x01,0x05,0xF8,0x0D,0x85,0x46,0x00,0x78,0x00,0xFB,0x12,0x00
0x01,0x05,0xF8,0x0D,0x86,0x00,0xFF,0xFF,0xFF,0xFF,0xFF,0xFF
0x06,0x19,0xFF,0x1C,0x41,0x9F,0x01,0x03,0x00,0x00,0x00,0x00
0x05,0x02,0xFD,0x09,0x00,0x11,0x01,0x38,0xA3,0xFA,0xFF,0xFF
0x01,0x01,0xF8,0x09,0xD0,0xD9,0xDF,0x19,0x68,0xBB,0x0A,0x04
0x01,0x02,0xF8,0x09,0x99,0xFC,0x00,0x00,0x05,0x00,0xFF,0xFF
0x00,0x0B,0xF5,0x0D,0xCD,0xD9,0x01,0x00,0x00,0x31,0xF8,0xFF
0x04,0x04,0xF9,0x0D,0x60,0x22,0x95,0xFF,0xFF,0xFF,0xFF,0xFF
0x04,0x04,0xF9,0x0D,0x61,0xFF,0xFF,0xFF,0xFF,0xFF,0xFF,0xFF
0x04,0x04,0xF9,0x0D,0x62,0xFF,0xFF,0xFF,0xFF,0xFF,0xFF,0xFF
0x04,0x04,0xF9,0x0D,0x63,0xFF,0xFF,0xFF,0xFF,0xFF,0xFF,0xFF
0x04,0x04,0xF9,0x0D,0x64,0x7F,0xFF,0xFF,0xFF,0x7F,0xFF,0x7F
0x0A,0x00,0xFF,0x08,0x13,0x99,0x04,0x05,0x00,0x00,0x02,0x00
0x01,0x01,0xF8,0x09,0xD0,0xD9,0xDF,0x19,0x69,0xBB,0x0A,0x04
0x01,0x03,0xFA,0x19,0x99,0xD7,0x46,0x00,0x64,0x00,0xFF,0x7F
0x04,0x08,0xFF,0x0D,0x20,0x02,0x7D,0x99,0xFF,0xFF,0xFF,0xFF
0x05,0x02,0xFD,0x09,0x00,0x11,0x01,0x49,0xA3,0xFA,0xFF,0xFF
0x03,0x03,0xF5,0x09,0x36,0x00,0x00,0xFF,0xFF,0x00,0xFF,0xFF
0x05,0x02,0xFD,0x09,0x00,0x42,0x01,0xDD,0xA2,0xFA,0xFF,0xFF
0x01,0x01,0xF8,0x09,0xD0,0xD9,0xDF,0x19,0x69,0xBB,0x0A,0x04
0x01,0x02,0xF8,0x09,0x99,0xFC,0x00,0x00,0x05,0x00,0xFF,0xFF
0x01,0x1A,0xF1,0x1D,0x99,0xFF,0xFF,0xFF,0x5B,0x01,0xFF,0xFF
0x04,0x1A,0xF1,0x1D,0x96,0xFF,0xFF,0xFF,0x5B,0x01,0xFF,0xFF
0x05,0x02,0xFD,0x09,0x00,0x11,0x01,0xF4,0xA1,0xFA,0xFF,0xFF
0x0A,0x00,0xFF,0x08,0x13,0x99,0x04,0x05,0x00,0x00,0x02,0x00
0x03,0x03,0xF5,0x09,0x37,0x00,0x00,0xFF,0xFF,0x00,0xFF,0xFF
0x03,0x08,0xFD,0x09,0x37,0x01,0x00,0xF3,0x74,0xFF,0xFF,0xFF
0x01,0x01,0xF8,0x09,0xCD,0xD9,0xDF,0x19,0x61,0xBB,0x0A,0x04
0x03,0xFF,0xEF,0x1D,0x40,0x0F,0xE5,0x98,0x56,0x05,0x04,0x04
0x03,0xFF,0xEF,0x1D,0x41,0x03,0x00,0x00,0x00,0x01,0x00,0x00
0x03,0xFF,0xEF,0x1D,0x42,0x00,0x00,0xFF,0xFF,0xFF,0xFF,0xFF
0x01,0x10,0xF0,0x0D,0x99,0xF0,0x5A,0x45,0x30,0x98,0x8B,0x15
0x05,0x02,0xFD,0x09,0x00,0x11,0x01,0xAA,0xA1,0xFA,0xFF,0xFF
0x06,0x19,0xFF,0x1C,0x41,0x9F,0x01,0x0B,0x00,0x00,0x00,0x00
0x01,0x01,0xF8,0x09,0xCD,0xD9,0xDF,0x19,0x63,0xBB,0x0A,0x04
0x01,0x02,0xF8,0x09,0x9A,0xFC,0x00,0x00,0x0A,0x00,0xFF,0xFF
0x05,0x02,0xFD,0x09,0x00,0x42,0x01,0x40,0xA1,0xFA,0xFF,0xFF
0x03,0x03,0xF5,0x09,0x38,0x00,0x00,0xFF,0xFF,0x00,0xFF,0xFF
0x0A,0x00,0xFF,0x08,0x13,0x99,0x04,0x05,0x00,0x00,0x02,0x00
0x01,0x01,0xF8,0x09,0xCD,0xD9,0xDF,0x19,0x63,0xBB,0x0A,0x04
0x04,0x03,0xF9,0x0D,0x96,0x3F,0xFF,0xFF,0xFF,0x7F,0xFF,0xFF
0x05,0x02,0xFD,0x09,0x00,0x42,0x01,0x72,0xA0,0xFA,0xFF,0xFF
0x01,0x01,0xF8,0x09,0xCD,0xD9,0xDF,0x19,0x63,0xBB,0x0A,0x04
0x05,0x02,0xFD,0x09,0x00,0x11,0x01,0x82,0xA0,0xFA,0xFF,0xFF
0x03,0x03,0xF5,0x09,0x39,0x00,0x00,0xFF,0xFF,0x00,0xFF,0xFF
0x01,0x02,0xF8,0x09,0x9A,0xFC,0x00,0x00,0x05,0x00,0xFF,0xFF
0x01,0x01,0xF8,0x09,0xCD,0xD9,0xDF,0x19,0x63,0xBB,0x0A,0x04
0x05,0x02,0xFD,0x09,0x00,0x42,0x01,0xB9,0xA0,0xFA,0xFF,0xFF
0x0A,0x00,0xFF,0x08,0x13,0x99,0x04,0x05,0x00,0x00,0x02,0x00
0x01,0x01,0xF8,0x09,0xCD,0xD9,0xDF,0x19,0x63,0xBB,0x0A,0x04
0x01,0x04,0xFA,0x19,0x60,0x93,0x9A,0xFE,0x0C,0x0A,0x97,0x0B
0x01,0x04,0xFA,0x19,0x61,0x72,0x6E,0xCC,0x10,0x00,0x00,0x00
0x01,0x04,0xFA,0x19,0x62,0x00,0xF2,0x10,0xA2,0x2B,0x9F,0xD0
0x01,0x04,0xFA,0x19,0x63,0x74,0x0E,0x00,0x00,0x00,0x00,0xF2
0x01,0x04,0xFA,0x19,0x64,0x14,0x39,0x19,0x72,0x5F,0x10,0x0E
0x01,0x04,0xFA,0x19,0x65,0x00,0x00,0x00,0x00,0xF2,0x15,0x67
0x01,0x04,0xFA,0x19,0x66,0x30,0xE7,0x28,0xA0,0x0F,0x00,0x00
0x01,0x04,0xFA,0x19,0x67,0x00,0x00,0xF2,0x1A,0x2D,0x35,0x66
0x01,0x04,0xFA,0x19,0x68,0x8A,0xCC,0x10,0x00,0x00,0x00,0x00
0x01,0x04,0xFA,0x19,0x69,0xF2,0x1B,0xD1,0x15,0xFC,0xC2,0x04
0x05,0x02,0xFD,0x09,0x00,0x42,0x01,0x19,0xA1,0xFA,0xFF,0xFF
0x01,0x04,0xFA,0x19,0x6A,0x10,0x00,0x00,0x00,0x00,0xF2,0x1D
0x01,0x04,0xFA,0x19,0x6B,0xF4,0x0C,0x39,0x37,0xA0,0x0F,0x00
0x01,0x04,0xFA,0x19,0x6C,0x00,0x00,0x00,0xF2,0x1F,0x8B,0x09
0x01,0x04,0xFA,0x19,0x6D,0x09,0x89,0xA0,0x0F,0x00,0x00,0x00
0x01,0x04,0xFA,0x19,0x6E,0x00,0xF2,0x4A,0xDC,0x17,0x89,0x81
0x01,0x04,0xFA,0x19,0x6F,0x00,0x00,0x00,0x00,0x00,0x00,0xF2
0x01,0x04,0xFA,0x19,0x70,0x4C,0xB9,0x11,0xF0,0xDE,0xB8,0x0B
0x01,0x04,0xFA,0x19,0x71,0x00,0x00,0x00,0x00,0xF2,0x54,0x96
0x01,0x04,0xFA,0x19,0x72,0x1A,0xA2,0x1C,0x1C,0x0C,0x00,0x00
0x03,0x03,0xF5,0x09,0x3A,0x00,0x00,0xFF,0xFF,0x00,0xFF,0xFF
0x01,0x04,0xFA,0x19,0x73,0x00,0x00,0xF2,0x44,0x39,0x0A,0x7F
0x01,0x04,0xFA,0x19,0x74,0x16,0x80,0x0C,0x00,0x00,0x00,0x00
0x01,0x04,0xFA,0x19,0x75,0xF2,0xFF,0xFF,0xFF,0xFF,0xFF,0xFF
0x06,0x19,0xFF,0x1C,0x41,0x9F,0x01,0x03,0x00,0x00,0x00,0x00
0x01,0x01,0xF8,0x09,0xCD,0xD9,0xDF,0x19,0x63,0xBB,0x0A,0x04
0x01,0x02,0xF8,0x09,0x9A,0xFC,0x00,0x00,0x05,0x00,0xFF,0xFF
0x01,0x05,0xF8,0x0D,0xA0,0x2B,0x9A,0x5A,0x45,0x40,0xBF,0x8B
0x01,0x05,0xF8,0x0D,0xA1,0x15,0x00,0xC2,0x2D,0xE6,0x45,0x3C
0x01,0x05,0xF8,0x0D,0xA2,0x06,0x06,0x00,0x1E,0x6A,0x02,0xD5
0x01,0x05,0xF8,0x0D,0xA3,0xEA,0xF0,0x00,0x70,0x58,0xF8,0x02
0x01,0x05,0xF8,0x0D,0xA4,0x00,0x00,0x00,0x00,0x10,0xFC,0x0C
0x01,0x05,0xF8,0x0D,0xA5,0x46,0x00,0x78,0x00,0xFB,0x12,0x00
0x01,0x05,0xF8,0x0D,0xA6,0x00,0xFF,0xFF,0xFF,0xFF,0xFF,0xFF
0x05,0x02,0xFD,0x09,0x00,0x11,0x01,0x75,0xA1,0xFA,0xFF,0xFF
0x00,0x0B,0xF5,0x0D,0xCE,0xD3,0x01,0x00,0x00,0x31,0xF8,0xFF
0x00,0x08,0xFD,0x15,0xCE,0x00,0x00,0xA8,0x74,0xFF,0xFF,0xFF
0x04,0x04,0xF9,0x0D,0x80,0x22,0x96,0xFF,0xFF,0xFF,0xFF,0xFF
0x04,0x04,0xF9,0x0D,0x81,0xFF,0xFF,0xFF,0xFF,0xFF,0xFF,0xFF
0x04,0x04,0xF9,0x0D,0x82,0xFF,0xFF,0xFF,0xFF,0xFF,0xFF,0xFF
0x04,0x04,0xF9,0x0D,0x83,0xFF,0xFF,0xFF,0xFF,0xFF,0xFF,0xFF
0x04,0x04,0xF9,0x0D,0x84,0x7F,0xFF,0xFF,0xFF,0x7F,0xFF,0x7F
0x0A,0x00,0xFF,0x08,0x13,0x99,0x04,0x05,0x00,0x00,0x02,0x00
0x01,0x01,0xF8,0x09,0xCD,0xD9,0xDF,0x19,0x64,0xBB,0x0A,0x04
0x05,0x02,0xFD,0x09,0x00,0x11,0x01,0x30,0xA0,0xFA,0xFF,0xFF
0x03,0x03,0xF5,0x09,0x3B,0x00,0x00,0xFF,0xFF,0x00,0xFF,0xFF
0x01,0x03,0xFA,0x19,0x9A,0xD7,0x46,0x00,0x64,0x00,0xFF,0x7F
0x04,0x08,0xFF,0x0D,0x40,0x02,0x7D,0x99,0xFF,0xFF,0xFF,0xFF
0x01,0x01,0xF8,0x09,0xCD,0xD9,0xDF,0x19,0x64,0xBB,0x0A,0x04
0x05,0x02,0xFD,0x09,0x00,0x42,0x01,0xBF,0x9E,0xFA,0xFF,0xFF
0x01,0x02,0xF8,0x09,0x9A,0xFC,0x00,0x00,0x00,0x00,0xFF,0xFF
0x01,0x1A,0xF1,0x1D,0x9A,0xFF,0xFF,0xFF,0x5B,0x01,0xFF,0xFF
0x04,0x1A,0xF1,0x1D,0x97,0xFF,0xFF,0xFF,0x5B,0x01,0xFF,0xFF
0x01,0x01,0xF8,0x09,0xCD,0xD9,0xDF,0x19,0x64,0xBB,0x0A,0x04
0x05,0x02,0xFD,0x09,0x00,0x11,0x01,0xE6,0x9D,0xFA,0xFF,0xFF
0x0A,0x00,0xFF,0x08,0x13,0x99,0x04,0x05,0x00,0x00,0x02,0x00
0x03,0x03,0xF5,0x09,0x3C,0x00,0x00,0xFF,0xFF,0x00,0xFF,0xFF
0x03,0xFF,0xEF,0x1D,0x60,0x0F,0xE5,0x98,0x56,0x05,0x04,0x04
0x03,0xFF,0xEF,0x1D,0x61,0x03,0x00,0x00,0x00,0x01,0x00,0x00
0x03,0xFF,0xEF,0x1D,0x62,0x00,0x00,0xFF,0xFF,0xFF,0xFF,0xFF
0x01,0x10,0xF0,0x0D,0x9A,0xF0,0x5A,0x45,0x40,0xBF,0x8B,0x15
0x01,0x01,0xF8,0x09,0xD8,0xD9,0xDF,0x19,0x1E,0xBB,0x0A,0x04
0x05,0x02,0xFD,0x09,0x00,0x11,0x01,0x1E,0x9E,0xFA,0xFF,0xFF
0x06,0x19,0xFF,0x1C,0x41,0x9F,0x01,0x0B,0x00,0x00,0x00,0x00
0x01,0x02,0xF8,0x09,0x9B,0xFC,0x00,0x00,0x05,0x00,0xFF,0xFF
0x05,0x02,0xFD,0x09,0x00,0x42,0x01,0x7F,0x9E,0xFA,0xFF,0xFF
0x03,0x03,0xF5,0x09,0x3D,0x00,0x00,0xFF,0xFF,0x00,0xFF,0xFF
0x01,0x01,0xF8,0x09,0xD8,0xD9,0xDF,0x19,0x1E,0xBB,0x0A,0x04
0x0A,0x00,0xFF,0x08,0x13,0x99,0x04,0x05,0x00,0x00,0x02,0x00
0x05,0x02,0xFD,0x09,0x00,0x42,0x01,0x4A,0x9F,0xFA,0xFF,0xFF
0x01,0x01,0xF8,0x09,0xD8,0xD9,0xDF,0x19,0x1E,0xBB,0x0A,0x04
0x04,0x03,0xF9,0x0D,0x97,0x3F,0xFF,0xFF,0xFF,0x7F,0xFF,0xFF
0x05,0x02,0xFD,0x09,0x00,0x42,0x01,0xED,0x9F,0xFA,0xFF,0xFF
0x03,0x03,0xF5,0x09,0x3E,0x00,0x00,0xFF,0xFF,0x00,0xFF,0xFF
0x01,0x01,0xF8,0x09,0xD8,0xD9,0xDF,0x19,0x1E,0xBB,0x0A,0x04
0x01,0x02,0xF8,0x09,0x9B,0xFC,0x00,0x00,0x00,0x00,0xFF,0xFF
0x05,0x02,0xFD,0x09,0x00,0x42,0x01,0xCE,0x9F,0xFA,0xFF,0xFF
0x0A,0x00,0xFF,0x08,0x13,0x99,0x04,0x05,0x00,0x00,0x02,0x00
0x01,0x01,0xF8,0x09,0xD8,0xD9,0xDF,0x19,0x1E,0xBB,0x0A,0x04
0x01,0x04,0xFA,0x19,0x80,0x93,0x9B,0xFE,0x0C,0x0A,0x97,0x0B
0x01,0x04,0xFA,0x19,0x81,0x72,0x6E,0xCC,0x10,0x00,0x00,0x00
0x01,0x04,0xFA,0x19,0x82,0x00,0xF2,0x10,0xA2,0x2B,0x9F,0xD0
0x01,0x04,0xFA,0x19,0x83,0x74,0x0E,0x00,0x00,0x00,0x00,0xF2
0x01,0x04,0xFA,0x19,0x84,0x14,0x39,0x19,0x72,0x5F,0x10,0x0E
0x01,0x04,0xFA,0x19,0x85,0x00,0x00,0x00,0x00,0xF2,0x15,0x67
0x01,0x04,0xFA,0x19,0x86,0x30,0xE7,0x28,0xA0,0x0F,0x00,0x00
0x01,0x04,0xFA,0x19,0x87,0x00,0x00,0xF2,0x1A,0x2D,0x35,0x66
0x01,0x04,0xFA,0x19,0x88,0x8A,0xCC,0x10,0x00,0x00,0x00,0x00
0x01,0x04,0xFA,0x19,0x89,0xF2,0x1B,0xD1,0x15,0xFC,0xC2,0x04
0x01,0x04,0xFA,0x19,0x8A,0x10,0x00,0x00,0x00,0x00,0xF2,0x1D
0x05,0x02,0xFD,0x09,0x00,0x42,0x01,0x56,0x9F,0xFA,0xFF,0xFF
0x01,0x04,0xFA,0x19,0x8B,0xF4,0x0C,0x39,0x37,0x04,0x10,0x00
0x01,0x04,0xFA,0x19,0x8C,0x00,0x00,0x00,0xF2,0x1F,0x8B,0x09
0x01,0x04,0xFA,0x19,0x8D,0x09,0x89,0x3C,0x0F,0x00,0x00,0x00
0x01,0x04,0xFA,0x19,0x8E,0x00,0xF2,0x4A,0xDC,0x17,0x89,0x81
0x01,0x04,0xFA,0x19,0x8F,0x00,0x00,0x00,0x00,0x00,0x00,0xF2
0x01,0x04,0xFA,0x19,0x90,0x4C,0xB9,0x11,0xF0,0xDE,0xB8,0x0B
0x01,0x04,0xFA,0x19,0x91,0x00,0x00,0x00,0x00,0xF2,0x54,0x96
0x01,0x04,0xFA,0x19,0x92,0x1A,0xA2,0x1C,0x1C,0x0C,0x00,0x00
0x01,0x04,0xFA,0x19,0x93,0x00,0x00,0xF2,0x44,0x39,0x0A,0x7F
0x03,0x03,0xF5,0x09,0x3F,0x00,0x00,0xFF,0xFF,0x00,0xFF,0xFF
0x01,0x04,0xFA,0x19,0x94,0x16,0x80,0x0C,0x00,0x00,0x00,0x00
0x01,0x04,0xFA,0x19,0x95,0xF2,0xFF,0xFF,0xFF,0xFF,0xFF,0xFF
0x01,0x01,0xF8,0x09,0xD8,0xD9,0xDF,0x19,0x1E,0xBB,0x0A,0x04
0x06,0x19,0xFF,0x1C,0x41,0x9F,0x01,0x03,0x00,0x00,0x00,0x00
0x01,0x02,0xF8,0x09,0x9B,0xFC,0x00,0x00,0x05,0x00,0xFF,0xFF
0x01,0x05,0xF8,0x0D,0xC0,0x2B,0x9B,0x5A,0x45,0x50,0xE6,0x8B
0x01,0x05,0xF8,0x0D,0xC1,0x15,0x80,0xF6,0x90,0x9D,0x48,0x3C
0x01,0x05,0xF8,0x0D,0xC2,0x06,0x06,0xB0,0x32,0x6E,0x19,0xC5
0x01,0x05,0xF8,0x0D,0xC3,0xEA,0xF0,0x00,0xD4,0xD1,0xF6,0x02
0x01,0x05,0xF8,0x0D,0xC4,0x00,0x00,0x00,0x00,0x10,0xFC,0x0C
0x01,0x05,0xF8,0x0D,0xC5,0x50,0x00,0x78,0x00,0xFB,0x12,0x00
0x01,0x05,0xF8,0x0D,0xC6,0x00,0xFF,0xFF,0xFF,0xFF,0xFF,0xFF
0x05,0x02,0xFD,0x09,0x00,0x42,0x01,0x67,0x9F,0xFA,0xFF,0xFF
0x00,0x0B,0xF5,0x0D,0xCF,0xDC,0x01,0x00,0x00,0x31,0xF8,0xFF
0x0A,0x00,0xFF,0x08,0x13,0x99,0x04,0x05,0x00,0x00,0x02,0x00
0x01,0x01,0xF8,0x09,0xD6,0xD9,0xDF,0x19,0x1E,0xBB,0x0A,0x04
0x04,0x04,0xF9,0x0D,0xA0,0x22,0x97,0xFF,0xFF,0xFF,0xFF,0xFF
0x04,0x04,0xF9,0x0D,0xA1,0xFF,0xFF,0xFF,0xFF,0xFF,0xFF,0xFF
0x04,0x04,0xF9,0x0D,0xA2,0xFF,0xFF,0xFF,0xFF,0xFF,0xFF,0xFF
0x04,0x04,0xF9,0x0D,0xA3,0xFF,0xFF,0xFF,0xFF,0xFF,0xFF,0xFF
0x04,0x04,0xF9,0x0D,0xA4,0x7F,0xFF,0xFF,0xFF,0x7F,0xFF,0x7F
0x05,0x02,0xFD,0x09,0x00,0x42,0x01,0x15,0xA0,0xFA,0xFF,0xFF
0x03,0x03,0xF5,0x09,0x40,0x00,0x00,0xFF,0xFF,0x00,0xFF,0xFF
0x01,0x03,0xFA,0x19,0x9B,0xD7,0x50,0x00,0x6E,0x00,0xFF,0x7F
0x04,0x08,0xFF,0x0D,0x60,0x02,0x7D,0x99,0xFF,0xFF,0xFF,0xFF
0x01,0x01,0xF8,0x09,0xD8,0xD9,0xDF,0x19,0x1E,0xBB,0x0A,0x04
0x05,0x02,0xFD,0x09,0x00,0x42,0x01,0xC4,0xA0,0xFA,0xFF,0xFF
0x01,0x02,0xF8,0x09,0x9B,0xFC,0xD5,0x79,0x0A,0x00,0xFF,0xFF
0x01,0x1A,0xF1,0x1D,0x9B,0xFF,0xFF,0xFF,0x5B,0x01,0xFF,0xFF
0x04,0x1A,0xF1,0x1D,0x98,0xFF,0xFF,0xFF,0x5B,0x01,0xFF,0xFF
0x01,0x01,0xF8,0x09,0xD6,0xD9,0xDF,0x19,0x1E,0xBB,0x0A,0x04
0x05,0x02,0xFD,0x09,0x00,0x42,0x01,0x65,0xA1,0xFA,0xFF,0xFF
0x0A,0x00,0xFF,0x08,0x13,0x99,0x04,0x05,0x00,0x00,0x02,0x00
0x03,0x03,0xF5,0x09,0x41,0x00,0x00,0xFF,0xFF,0x00,0xFF,0xFF
0x03,0x08,0xFD,0x09,0x41,0x01,0x00,0xF3,0x74,0xFF,0xFF,0xFF
0x03,0xFF,0xEF,0x1D,0x80,0x0F,0xE5,0x98,0x56,0x05,0x04,0x04
0x03,0xFF,0xEF,0x1D,0x81,0x03,0x00,0x00,0x00,0x01,0x00,0x00
0x03,0xFF,0xEF,0x1D,0x82,0x00,0x00,0xFF,0xFF,0xFF,0xFF,0xFF
0x05,0x02,0xFD,0x09,0x00,0x42,0x01,0x90,0xA1,0xFA,0xFF,0xFF
0x01,0x10,0xF0,0x0D,0x9B,0xF0,0x5A,0x45,0x50,0xE6,0x8B,0x15
0x01,0x01,0xF8,0x09,0xBE,0xD9,0xDF,0x19,0xF8,0xBA,0x0A,0x04
0x06,0x19,0xFF,0x1C,0x41,0x9F,0x01,0x0B,0x00,0x00,0x00,0x00
0x01,0x01,0xF8,0x09,0xBE,0xD9,0xDF,0x19,0xF8,0xBA,0x0A,0x04
0x01,0x02,0xF8,0x09,0x9C,0xFC,0x00,0x00,0x05,0x00,0xFF,0xFF
0x05,0x02,0xFD,0x09,0x00,0x42,0x01,0xBD,0xA1,0xFA,0xFF,0xFF
0x03,0x03,0xF5,0x09,0x42,0x00,0x00,0xFF,0xFF,0x00,0xFF,0xFF
0x0A,0x00,0xFF,0x08,0x13,0x99,0x04,0x05,0x00,0x00,0x02,0x00
0x01,0x01,0xF8,0x09,0xBE,0xD9,0xDF,0x19,0xF8,0xBA,0x0A,0x04
0x05,0x02,0xFD,0x09,0x00,0x11,0x01,0xE7,0xA1,0xFA,0xFF,0xFF
0x04,0x03,0xF9,0x0D,0x98,0x3F,0xFF,0xFF,0xFF,0x7F,0xFF,0xFF
0x01,0x01,0xF8,0x09,0xBE,0xD9,0xDF,0x19,0xF8,0xBA,0x0A,0x04
0x05,0x02,0xFD,0x09,0x00,0x11,0x01,0x4D,0xA2,0xFA,0xFF,0xFF
0x03,0x03,0xF5,0x09,0x43,0x00,0x00,0xFF,0xFF,0x00,0xFF,0xFF
0x01,0x02,0xF8,0x09,0x9C,0xFC,0x00,0x00,0x05,0x00,0xFF,0xFF
0x01,0x01,0xF8,0x09,0xBE,0xD9,0xDF,0x19,0xF8,0xBA,0x0A,0x04
0x05,0x02,0xFD,0x09,0x00,0x42,0x01,0x36,0xA2,0xFA,0xFF,0xFF
0x0A,0x00,0xFF,0x08,0x13,0x99,0x04,0x05,0x00,0x00,0x02,0x00
0x01,0x01,0xF8,0x09,0xBE,0xD9,0xDF,0x19,0xF8,0xBA,0x0A,0x04
0x05,0x02,0xFD,0x09,0x00,0x42,0x01,0xDA,0xA1,0xFA,0xFF,0xFF
0x01,0x04,0xFA,0x19,0xA0,0x93,0x9C,0xFE,0x0C,0x0A,0x97,0x0B
0x01,0x04,0xFA,0x19,0xA1,0x72,0x6E,0xCC,0x10,0x00,0x00,0x00
0x01,0x04,0xFA,0x19,0xA2,0x00,0xF2,0x10,0xA2,0x2B,0x9F,0xD0
0x01,0x04,0xFA,0x19,0xA3,0x74,0x0E,0x00,0x00,0x00,0x00,0xF2
0x01,0x04,0xFA,0x19,0xA4,0x14,0x39,0x19,0x72,0x5F,0x10,0x0E
0x01,0x04,0xFA,0x19,0xA5,0x00,0x00,0x00,0x00,0xF2,0x15,0x67
0x01,0x04,0xFA,0x19,0xA6,0x30,0xE7,0x28,0xA0,0x0F,0x00,0x00
0x01,0x04,0xFA,0x19,0xA7,0x00,0x00,0xF2,0x1A,0x2D,0x35,0x66
0x01,0x04,0xFA,0x19,0xA8,0x8A,0xCC,0x10,0x00,0x00,0x00,0x00
0x01,0x04,0xFA,0x19,0xA9,0xF2,0x1B,0xD1,0x15,0xFC,0xC2,0x04
0x01,0x04,0xFA,0x19,0xAA,0x10,0x00,0x00,0x00,0x00,0xF2,0x1D
0x01,0x04,0xFA,0x19,0xAB,0xF4,0x0C,0x39,0x37,0x04,0x10,0x00
0x01,0x04,0xFA,0x19,0xAC,0x00,0x00,0x00,0xF2,0x1F,0x8B,0x09
0x01,0x04,0xFA,0x19,0xAD,0x09,0x89,0x3C,0x0F,0x00,0x00,0x00
0x01,0x04,0xFA,0x19,0xAE,0x00,0xF2,0x4A,0xDC,0x17,0x89,0x81
0x01,0x04,0xFA,0x19,0xAF,0x00,0x00,0x00,0x00,0x00,0x00,0xF2
0x01,0x04,0xFA,0x19,0xB0,0x4C,0xB9,0x11,0xF0,0xDE,0x1C,0x0C
0x01,0x04,0xFA,0x19,0xB1,0x00,0x00,0x00,0x00,0xF2,0x54,0x96
0x01,0x04,0xFA,0x19,0xB2,0x1A,0xA2,0x1C,0x1C,0x0C,0x00,0x00
0x01,0x04,0xFA,0x19,0xB3,0x00,0x00,0xF2,0x44,0x39,0x0A,0x7F
0x03,0x03,0xF5,0x09,0x44,0x00,0x00,0xFF,0xFF,0x00,0xFF,0xFF
0x01,0x04,0xFA,0x19,0xB4,0x16,0x1C,0x0C,0x00,0x00,0x00,0x00
0x01,0x04,0xFA,0x19,0xB5,0xF2,0xFF,0xFF,0xFF,0xFF,0xFF,0xFF
0x06,0x19,0xFF,0x1C,0x41,0x9F,0x01,0x03,0x00,0x00,0x00,0x00
0x01,0x01,0xF8,0x09,0xBF,0xD9,0xDF,0x19,0xF8,0xBA,0x0A,0x04
0x01,0x02,0xF8,0x09,0x9C,0xFC,0x00,0x00,0x05,0x00,0xFF,0xFF
0x01,0x05,0xF8,0x0D,0xE0,0x2B,0x9C,0x5A,0x45,0x60,0x0D,0x8C
0x01,0x05,0xF8,0x0D,0xE1,0x15,0xC0,0x3C,0x73,0xCB,0x42,0x3C
